[Licensing::Module] Trying to connect to existing licensing client channel...
Built from '6000.4/staging' branch; Version is '6000.4.1f1 (8535861f39e1) revision 8729990'; Using compiler version '194234433'; Build Type 'Release'
OS: 'Windows 11  (10.0.26200) Core' Language: 'en' Physical Memory: 32527 MB
[Licensing::IpcConnector] Successfully connected to: "LicenseClient-joshe" at "2026-05-14T23:46:46.1724754Z"
BatchMode: 1, IsHumanControllingUs: 0, StartBugReporterOnCrash: 0, Is64bit: 1
System  architecture: x64
Process architecture: x64
Date: 2026-05-14T23:46:46Z

COMMAND LINE ARGUMENTS:
C:\Program Files\Unity\Hub\Editor\6000.4.1f1\Editor\Unity.exe
-batchmode
-quit
-logFile
D:\Repo\tales-of-tao\UnityConfig.log
-projectPath
D:\Repo\tales-of-tao
-executeMethod
M5BuildingConfigCreator.CreateAll
Successfully changed project path to: D:\Repo\tales-of-tao
D:/Repo/tales-of-tao
[UnityMemory] Configuration Parameters - Can be set up in boot.config
    "memorysetup-temp-allocator-size-gi-baking-worker=262144"
    "memorysetup-temp-allocator-size-gi-baking-worker=262144"
    "memorysetup-temp-allocator-size-gi-baking-worker=262144"
    "memorysetup-temp-allocator-size-gi-baking-worker=262144"
    "memorysetup-temp-allocator-size-gi-baking-worker=262144"
    "memorysetup-temp-allocator-size-nav-mesh-worker=65536"
    "memorysetup-temp-allocator-size-audio-worker=65536"
    "memorysetup-temp-allocator-size-cloud-worker=32768"
    "memorysetup-temp-allocator-size-gfx=262144"
    "memorysetup-temp-allocator-size-preload-manager=33554432"
    "memorysetup-temp-allocator-size-job-worker=262144"
    "memorysetup-temp-allocator-size-background-worker=32768"
    "memorysetup-allocator-temp-initial-block-size-main=262144"
    "memorysetup-allocator-temp-initial-block-size-worker=262144"
    "memorysetup-bucket-allocator-granularity=16"
    "memorysetup-bucket-allocator-bucket-count=8"
    "memorysetup-bucket-allocator-block-size=33554432"
    "memorysetup-bucket-allocator-block-count=8"
    "memorysetup-main-allocator-block-size=16777216"
    "memorysetup-thread-allocator-block-size=16777216"
    "memorysetup-gfx-main-allocator-block-size=16777216"
    "memorysetup-gfx-thread-allocator-block-size=16777216"
    "memorysetup-cache-allocator-block-size=4194304"
    "memorysetup-typetree-allocator-block-size=2097152"
    "memorysetup-profiler-bucket-allocator-granularity=16"
    "memorysetup-profiler-bucket-allocator-bucket-count=8"
    "memorysetup-profiler-bucket-allocator-block-size=33554432"
    "memorysetup-profiler-bucket-allocator-block-count=8"
    "memorysetup-profiler-allocator-block-size=16777216"
    "memorysetup-profiler-editor-allocator-block-size=1048576"
    "memorysetup-temp-allocator-size-main=16777216"
    "memorysetup-job-temp-allocator-block-size=2097152"
    "memorysetup-job-temp-allocator-block-size-background=1048576"
    "memorysetup-job-temp-allocator-reduction-small-platforms=262144"
Player connection [52216]  Target information:

Player connection [52216]  * "[IP] 192.168.68.85 [Port] 55504 [Flags] 2 [Guid] 2424796297 [EditorId] 2424796297 [Version] 1048832 [Id] WindowsEditor(7,DoomTower) [Debug] 1 [PackageName] WindowsEditor [ProjectName] Editor" 

Player connection [52216]  * "[IP] 172.18.128.1 [Port] 55504 [Flags] 2 [Guid] 2424796297 [EditorId] 2424796297 [Version] 1048832 [Id] WindowsEditor(7,DoomTower) [Debug] 1 [PackageName] WindowsEditor [ProjectName] Editor" 

Player connection [52216] Host joined multi-casting on [225.0.0.222:54997]...
Player connection [52216] Host joined alternative multi-casting on [225.0.0.222:34997]...
Input System module state changed to: Initialized.
[Physics::Module] Initialized fallback backend.
[Physics::Module] Id: 0xdecafbad
[Package Manager] Connected to IPC stream "Upm-51848" after 0.2 seconds.
[Licensing::Module] Licensing is not yet initialized.
[Licensing::Client] Error: HandshakeResponse reported an error:
	ResponseCode: 505
	ResponseStatus: Unsupported protocol version '1.18.1'.
[Licensing::Module] Error: Failed to handshake to channel: "LicenseClient-joshe"
[Licensing::IpcConnector] LicenseClient-joshe channel disconnected successfully.
[Licensing::IpcConnector] Channel LicenseClient-joshe-6000.4.1 doesn't exist
[Licensing::Module] Successfully launched the LicensingClient (PId: 56960)
Starting IPC server.
Waiting for clients to connect on \\.\pipe\Unity-LicenseClient-joshe-6000.4.1, press Ctrl-C to exit.
[Licensing::IpcConnector] Successfully connected to: "LicenseClient-joshe-6000.4.1" at "2026-05-14T23:46:47.0866148Z"
[Licensing::Client] Handshaking with LicensingClient:
  Version:                 1.18.1+9fbee8e
  Session Id:              508b0f64d65c4c419018264df70a7e21
  Correlation Id:          8be7c60280cb130f1725fd2fd3737562
  External correlation Id: 799012937991012635
  Machine Id:              whZuPfdiK3tvJhAEYSoDYVKmXrA=
[Licensing::Module] Successfully connected to LicensingClient on channel: "LicenseClient-joshe-6000.4.1" (connect: 0.24s, validation: 0.04s, handshake: 0.63s)
[Licensing::IpcConnector] Successfully connected to: "LicenseClient-joshe-6000.4.1-notifications" at "2026-05-14T23:46:47.7580981Z"
[Licensing::Module] Connected to LicensingClient (PId: 56960, launch time: 0.00, total connection time: 0.92s)
[Licensing::Module] Error: Access token is unavailable; failed to update
[Licensing::Client] Successfully resolved entitlement details
[Licensing::Module] License group:
  Id: 2475889166329-UnityPersXXXX
  Product: Unity Personal
  Type: Assigned
  Expiration: Unlimited
[Licensing::Client] Successfully updated license, isAsync: True, time: 0.01
[Licensing::Client] Successfully resolved entitlement details
[Licensing::Module] Licensing Background thread has ended after 1.60s
[Licensing::Module] Licensing is initialized (took 1.17s).
[Licensing::Client] Successfully resolved entitlement details
Library Redirect Path: Library/
Unable to parse file ProjectSettings/TagManager.asset: [Parser Failure at line 41: Expect ':' between key and value within mapping]
FMOD initialized on nosound output
[Physics::Module] Selected backend.
[Physics::Module] Name: PhysX
[Physics::Module] Id: 0xf2b8ea05
[Physics::Module] SDK Version: 4.1.2
[Physics::Module] Integration Version: 1.0.0
[Physics::Module] Threading Mode: Multi-Threaded
Initialize engine version: 6000.4.1f1 (8535861f39e1)
[Subsystems] Discovering subsystems at path C:/Program Files/Unity/Hub/Editor/6000.4.1f1/Editor/Data/Resources/UnitySubsystems
[Subsystems] Discovering subsystems at path D:/Repo/tales-of-tao/Assets
GfxDevice: creating device client; kGfxThreadingModeNonThreaded
Direct3D:
    Version:  Direct3D 11.0 [level 11.1]
    Renderer: NVIDIA GeForce RTX 4070 Ti SUPER (ID=0x2705)
    Vendor:   NVIDIA
    VRAM:     16063 MB
    Driver:   32.0.15.8180
Initialize mono
Mono path[0] = 'C:/Program Files/Unity/Hub/Editor/6000.4.1f1/Editor/Data/Managed'
Mono path[1] = 'C:/Program Files/Unity/Hub/Editor/6000.4.1f1/Editor/Data/MonoBleedingEdge/lib/mono/unityjit-win32'
Mono config path = 'C:/Program Files/Unity/Hub/Editor/6000.4.1f1/Editor/Data/MonoBleedingEdge/etc'
Using monoOptions --debugger-agent=transport=dt_socket,embedding=1,server=y,suspend=n,address=127.0.0.1:56848
CodeReloadManager initialized
Using cacheserver namespaces - metadata:defaultmetadata, artifacts:defaultartifacts
Using cacheserver namespaces - metadata:defaultmetadata, artifacts:defaultartifacts
ImportWorker Server TCP listen port: 0
AcceleratorClientConnectionCallback - disconnected - :0
Begin MonoManager ReloadAssembly
Registering precompiled unity dll's ...
Register platform support module: C:/Program Files/Unity/Hub/Editor/6000.4.1f1/Editor/Data/PlaybackEngines/WindowsStandaloneSupport/UnityEditor.WindowsStandalone.Extensions.dll
Registered in 0.000981 seconds.
Native extension for WindowsStandalone target not found
Package Manager log level set to [2]
ScheduleIndexationOnStartup MainProcess:False IndexOnStartup:True
Mono: successfully reloaded assembly
- Finished resetting the current domain, in  0.252 seconds
Domain Reload Profiling: 524ms
	BeginReloadAssembly (71ms)
		CreateAndSetChildDomain (13ms)
	RebuildCommonClasses (25ms)
	RebuildNativeTypeToScriptingClass (8ms)
	initialDomainReloadingComplete (39ms)
	LoadAllAssembliesAndSetupDomain (127ms)
		LoadAssemblies (56ms)
		AnalyzeDomain (121ms)
			TypeCache.Refresh (120ms)
				TypeCache.ScanAssembly (111ms)
	FinalizeReload (253ms)
		SetupLoadedEditorAssemblies (0ms)
			InitializePlatformSupportModulesInManaged (30ms)
			BeforeProcessingInitializeOnLoad (54ms)
			ProcessInitializeOnLoadAttributes (70ms)
			ProcessInitializeOnLoadMethodAttributes (57ms)
[Licensing::Client] Successfully resolved entitlement details
Application.AssetDatabase Initial Refresh Start
[Package Manager] Restoring resolved packages state from cache
[Licensing::Client] Successfully resolved entitlement details
[Package Manager] Registered 33 packages:
  Packages from [https://packages.unity.com]:
    com.unity.inputsystem@1.19.0 (location: D:\Repo\tales-of-tao\Library\PackageCache\com.unity.inputsystem@21a28c3a6c83)
    com.unity.searcher@4.9.4 (location: D:\Repo\tales-of-tao\Library\PackageCache\com.unity.searcher@d45a78918735)
    com.unity.burst@1.8.28 (location: D:\Repo\tales-of-tao\Library\PackageCache\com.unity.burst@07790c2d06d9)
    com.unity.mathematics@1.3.3 (location: D:\Repo\tales-of-tao\Library\PackageCache\com.unity.mathematics@19a9377c4ffa)
    com.unity.nuget.mono-cecil@1.11.6 (location: D:\Repo\tales-of-tao\Library\PackageCache\com.unity.nuget.mono-cecil@ecb9724e46ff)
    com.unity.test-framework.performance@3.2.0 (location: D:\Repo\tales-of-tao\Library\PackageCache\com.unity.test-framework.performance@0840f58e4562)
  Built-in packages:
    com.unity.render-pipelines.universal@17.4.0 (location: D:\Repo\tales-of-tao\Library\PackageCache\com.unity.render-pipelines.universal@580a03820d50)
    com.unity.test-framework@1.6.0 (location: D:\Repo\tales-of-tao\Library\PackageCache\com.unity.test-framework@76560ee600cb)
    com.unity.modules.adaptiveperformance@1.0.0 (location: D:\Repo\tales-of-tao\Library\PackageCache\com.unity.modules.adaptiveperformance)
    com.unity.modules.ai@1.0.0 (location: D:\Repo\tales-of-tao\Library\PackageCache\com.unity.modules.ai)
    com.unity.modules.animation@1.0.0 (location: D:\Repo\tales-of-tao\Library\PackageCache\com.unity.modules.animation)
    com.unity.modules.audio@1.0.0 (location: D:\Repo\tales-of-tao\Library\PackageCache\com.unity.modules.audio)
    com.unity.modules.jsonserialize@1.0.0 (location: D:\Repo\tales-of-tao\Library\PackageCache\com.unity.modules.jsonserialize)
    com.unity.modules.physics@1.0.0 (location: D:\Repo\tales-of-tao\Library\PackageCache\com.unity.modules.physics)
    com.unity.modules.screencapture@1.0.0 (location: D:\Repo\tales-of-tao\Library\PackageCache\com.unity.modules.screencapture)
    com.unity.modules.terrain@1.0.0 (location: D:\Repo\tales-of-tao\Library\PackageCache\com.unity.modules.terrain)
    com.unity.modules.tilemap@1.0.0 (location: D:\Repo\tales-of-tao\Library\PackageCache\com.unity.modules.tilemap)
    com.unity.modules.ui@1.0.0 (location: D:\Repo\tales-of-tao\Library\PackageCache\com.unity.modules.ui)
    com.unity.modules.unityanalytics@1.0.0 (location: D:\Repo\tales-of-tao\Library\PackageCache\com.unity.modules.unityanalytics)
    com.unity.modules.unitywebrequest@1.0.0 (location: D:\Repo\tales-of-tao\Library\PackageCache\com.unity.modules.unitywebrequest)
    com.unity.modules.vectorgraphics@1.0.0 (location: D:\Repo\tales-of-tao\Library\PackageCache\com.unity.modules.vectorgraphics)
    com.unity.modules.uielements@1.0.0 (location: D:\Repo\tales-of-tao\Library\PackageCache\com.unity.modules.uielements)
    com.unity.modules.imageconversion@1.0.0 (location: D:\Repo\tales-of-tao\Library\PackageCache\com.unity.modules.imageconversion)
    com.unity.modules.imgui@1.0.0 (location: D:\Repo\tales-of-tao\Library\PackageCache\com.unity.modules.imgui)
    com.unity.modules.physics2d@1.0.0 (location: D:\Repo\tales-of-tao\Library\PackageCache\com.unity.modules.physics2d)
    com.unity.modules.subsystems@1.0.0 (location: D:\Repo\tales-of-tao\Library\PackageCache\com.unity.modules.subsystems)
    com.unity.ext.nunit@2.0.5 (location: D:\Repo\tales-of-tao\Library\PackageCache\com.unity.ext.nunit@d8c07649098d)
    com.unity.render-pipelines.core@17.4.0 (location: D:\Repo\tales-of-tao\Library\PackageCache\com.unity.render-pipelines.core@e6c93b445dd3)
    com.unity.shadergraph@17.4.0 (location: D:\Repo\tales-of-tao\Library\PackageCache\com.unity.shadergraph@6ab0d236faac)
    com.unity.render-pipelines.universal-config@17.4.0 (location: D:\Repo\tales-of-tao\Library\PackageCache\com.unity.render-pipelines.universal-config@0db4263b9e6b)
    com.unity.modules.hierarchycore@1.0.0 (location: D:\Repo\tales-of-tao\Library\PackageCache\com.unity.modules.hierarchycore)
    com.unity.ugui@2.0.0 (location: D:\Repo\tales-of-tao\Library\PackageCache\com.unity.ugui@d8a2716f3013)
    com.unity.collections@6.4.0 (location: D:\Repo\tales-of-tao\Library\PackageCache\com.unity.collections@538ace9075bc)
[Subsystems] No new subsystems found in resolved package list.
[Package Manager] Done registering packages in 0.01 seconds
Assembly for Assembly Definition File 'Assets/_Game/Scripts/Research/TalesOfTao.Research.asmdef' will not be compiled, because it has no scripts associated with it.
UnityEngine.Debug:ExtractStackTraceNoAlloc (byte*,int,string)
UnityEngine.StackTraceUtility:ExtractStackTrace ()
UnityEngine.DebugLogHandler:Internal_Log (UnityEngine.LogType,UnityEngine.LogOption,string,UnityEngine.Object)
UnityEngine.DebugLogHandler:LogFormat (UnityEngine.LogType,UnityEngine.Object,string,object[])
UnityEngine.Logger:LogFormat (UnityEngine.LogType,string,object[])
UnityEngine.Debug:LogWarningFormat (string,object[])
UnityEditor.Scripting.ScriptCompilation.EditorCompilation:WarnIfThereAreAssembliesWithoutAnyScripts (UnityEditor.Scripting.ScriptCompilation.ScriptAssemblySettings,UnityEditor.Scripting.ScriptCompilation.ScriptAssembly[])
UnityEditor.Scripting.ScriptCompilation.EditorCompilation:CompileScriptsWithSettings (UnityEditor.Scripting.ScriptCompilation.ScriptAssemblySettings)
UnityEditor.Scripting.ScriptCompilation.EditorCompilation:CompileScripts (UnityEditor.Scripting.ScriptCompilation.EditorScriptCompilationOptions,UnityEditor.BuildTarget,int,string[])
UnityEditor.Scripting.ScriptCompilation.EditorCompilationInterface/<>c__DisplayClass21_0:<CompileScripts>b__0 ()
UnityEditor.Scripting.ScriptCompilation.EditorCompilationInterface:EmitExceptionAsError<UnityEditor.Scripting.ScriptCompilation.EditorCompilation/CompileStatus> (System.Func`1<UnityEditor.Scripting.ScriptCompilation.EditorCompilation/CompileStatus>,UnityEditor.Scripting.ScriptCompilation.EditorCompilation/CompileStatus)
UnityEditor.Scripting.ScriptCompilation.EditorCompilationInterface:CompileScripts (UnityEditor.Scripting.ScriptCompilation.EditorScriptCompilationOptions,UnityEditor.BuildTarget,int,string[])

Assembly for Assembly Definition File 'Assets/_Game/Scripts/AI/TalesOfTao.AI.asmdef' will not be compiled, because it has no scripts associated with it.
UnityEngine.Debug:ExtractStackTraceNoAlloc (byte*,int,string)
UnityEngine.StackTraceUtility:ExtractStackTrace ()
UnityEngine.DebugLogHandler:Internal_Log (UnityEngine.LogType,UnityEngine.LogOption,string,UnityEngine.Object)
UnityEngine.DebugLogHandler:LogFormat (UnityEngine.LogType,UnityEngine.Object,string,object[])
UnityEngine.Logger:LogFormat (UnityEngine.LogType,string,object[])
UnityEngine.Debug:LogWarningFormat (string,object[])
UnityEditor.Scripting.ScriptCompilation.EditorCompilation:WarnIfThereAreAssembliesWithoutAnyScripts (UnityEditor.Scripting.ScriptCompilation.ScriptAssemblySettings,UnityEditor.Scripting.ScriptCompilation.ScriptAssembly[])
UnityEditor.Scripting.ScriptCompilation.EditorCompilation:CompileScriptsWithSettings (UnityEditor.Scripting.ScriptCompilation.ScriptAssemblySettings)
UnityEditor.Scripting.ScriptCompilation.EditorCompilation:CompileScripts (UnityEditor.Scripting.ScriptCompilation.EditorScriptCompilationOptions,UnityEditor.BuildTarget,int,string[])
UnityEditor.Scripting.ScriptCompilation.EditorCompilationInterface/<>c__DisplayClass21_0:<CompileScripts>b__0 ()
UnityEditor.Scripting.ScriptCompilation.EditorCompilationInterface:EmitExceptionAsError<UnityEditor.Scripting.ScriptCompilation.EditorCompilation/CompileStatus> (System.Func`1<UnityEditor.Scripting.ScriptCompilation.EditorCompilation/CompileStatus>,UnityEditor.Scripting.ScriptCompilation.EditorCompilation/CompileStatus)
UnityEditor.Scripting.ScriptCompilation.EditorCompilationInterface:CompileScripts (UnityEditor.Scripting.ScriptCompilation.EditorScriptCompilationOptions,UnityEditor.BuildTarget,int,string[])

Assembly for Assembly Definition File 'Assets/_Game/Scripts/SaveLoad/TalesOfTao.SaveLoad.asmdef' will not be compiled, because it has no scripts associated with it.
UnityEngine.Debug:ExtractStackTraceNoAlloc (byte*,int,string)
UnityEngine.StackTraceUtility:ExtractStackTrace ()
UnityEngine.DebugLogHandler:Internal_Log (UnityEngine.LogType,UnityEngine.LogOption,string,UnityEngine.Object)
UnityEngine.DebugLogHandler:LogFormat (UnityEngine.LogType,UnityEngine.Object,string,object[])
UnityEngine.Logger:LogFormat (UnityEngine.LogType,string,object[])
UnityEngine.Debug:LogWarningFormat (string,object[])
UnityEditor.Scripting.ScriptCompilation.EditorCompilation:WarnIfThereAreAssembliesWithoutAnyScripts (UnityEditor.Scripting.ScriptCompilation.ScriptAssemblySettings,UnityEditor.Scripting.ScriptCompilation.ScriptAssembly[])
UnityEditor.Scripting.ScriptCompilation.EditorCompilation:CompileScriptsWithSettings (UnityEditor.Scripting.ScriptCompilation.ScriptAssemblySettings)
UnityEditor.Scripting.ScriptCompilation.EditorCompilation:CompileScripts (UnityEditor.Scripting.ScriptCompilation.EditorScriptCompilationOptions,UnityEditor.BuildTarget,int,string[])
UnityEditor.Scripting.ScriptCompilation.EditorCompilationInterface/<>c__DisplayClass21_0:<CompileScripts>b__0 ()
UnityEditor.Scripting.ScriptCompilation.EditorCompilationInterface:EmitExceptionAsError<UnityEditor.Scripting.ScriptCompilation.EditorCompilation/CompileStatus> (System.Func`1<UnityEditor.Scripting.ScriptCompilation.EditorCompilation/CompileStatus>,UnityEditor.Scripting.ScriptCompilation.EditorCompilation/CompileStatus)
UnityEditor.Scripting.ScriptCompilation.EditorCompilationInterface:CompileScripts (UnityEditor.Scripting.ScriptCompilation.EditorScriptCompilationOptions,UnityEditor.BuildTarget,int,string[])

Assembly for Assembly Definition File 'Assets/_Game/Scripts/Combat/TalesOfTao.Combat.asmdef' will not be compiled, because it has no scripts associated with it.
UnityEngine.Debug:ExtractStackTraceNoAlloc (byte*,int,string)
UnityEngine.StackTraceUtility:ExtractStackTrace ()
UnityEngine.DebugLogHandler:Internal_Log (UnityEngine.LogType,UnityEngine.LogOption,string,UnityEngine.Object)
UnityEngine.DebugLogHandler:LogFormat (UnityEngine.LogType,UnityEngine.Object,string,object[])
UnityEngine.Logger:LogFormat (UnityEngine.LogType,string,object[])
UnityEngine.Debug:LogWarningFormat (string,object[])
UnityEditor.Scripting.ScriptCompilation.EditorCompilation:WarnIfThereAreAssembliesWithoutAnyScripts (UnityEditor.Scripting.ScriptCompilation.ScriptAssemblySettings,UnityEditor.Scripting.ScriptCompilation.ScriptAssembly[])
UnityEditor.Scripting.ScriptCompilation.EditorCompilation:CompileScriptsWithSettings (UnityEditor.Scripting.ScriptCompilation.ScriptAssemblySettings)
UnityEditor.Scripting.ScriptCompilation.EditorCompilation:CompileScripts (UnityEditor.Scripting.ScriptCompilation.EditorScriptCompilationOptions,UnityEditor.BuildTarget,int,string[])
UnityEditor.Scripting.ScriptCompilation.EditorCompilationInterface/<>c__DisplayClass21_0:<CompileScripts>b__0 ()
UnityEditor.Scripting.ScriptCompilation.EditorCompilationInterface:EmitExceptionAsError<UnityEditor.Scripting.ScriptCompilation.EditorCompilation/CompileStatus> (System.Func`1<UnityEditor.Scripting.ScriptCompilation.EditorCompilation/CompileStatus>,UnityEditor.Scripting.ScriptCompilation.EditorCompilation/CompileStatus)
UnityEditor.Scripting.ScriptCompilation.EditorCompilationInterface:CompileScripts (UnityEditor.Scripting.ScriptCompilation.EditorScriptCompilationOptions,UnityEditor.BuildTarget,int,string[])

Assembly for Assembly Definition File 'Assets/_Game/Scripts/Diplomacy/TalesOfTao.Diplomacy.asmdef' will not be compiled, because it has no scripts associated with it.
UnityEngine.Debug:ExtractStackTraceNoAlloc (byte*,int,string)
UnityEngine.StackTraceUtility:ExtractStackTrace ()
UnityEngine.DebugLogHandler:Internal_Log (UnityEngine.LogType,UnityEngine.LogOption,string,UnityEngine.Object)
UnityEngine.DebugLogHandler:LogFormat (UnityEngine.LogType,UnityEngine.Object,string,object[])
UnityEngine.Logger:LogFormat (UnityEngine.LogType,string,object[])
UnityEngine.Debug:LogWarningFormat (string,object[])
UnityEditor.Scripting.ScriptCompilation.EditorCompilation:WarnIfThereAreAssembliesWithoutAnyScripts (UnityEditor.Scripting.ScriptCompilation.ScriptAssemblySettings,UnityEditor.Scripting.ScriptCompilation.ScriptAssembly[])
UnityEditor.Scripting.ScriptCompilation.EditorCompilation:CompileScriptsWithSettings (UnityEditor.Scripting.ScriptCompilation.ScriptAssemblySettings)
UnityEditor.Scripting.ScriptCompilation.EditorCompilation:CompileScripts (UnityEditor.Scripting.ScriptCompilation.EditorScriptCompilationOptions,UnityEditor.BuildTarget,int,string[])
UnityEditor.Scripting.ScriptCompilation.EditorCompilationInterface/<>c__DisplayClass21_0:<CompileScripts>b__0 ()
UnityEditor.Scripting.ScriptCompilation.EditorCompilationInterface:EmitExceptionAsError<UnityEditor.Scripting.ScriptCompilation.EditorCompilation/CompileStatus> (System.Func`1<UnityEditor.Scripting.ScriptCompilation.EditorCompilation/CompileStatus>,UnityEditor.Scripting.ScriptCompilation.EditorCompilation/CompileStatus)
UnityEditor.Scripting.ScriptCompilation.EditorCompilationInterface:CompileScripts (UnityEditor.Scripting.ScriptCompilation.EditorScriptCompilationOptions,UnityEditor.BuildTarget,int,string[])

info: Microsoft.Hosting.Lifetime[14]
      Now listening on: http://localhost:80
info: Microsoft.Hosting.Lifetime[0]
      Application started. Press Ctrl+C to shut down.
info: Microsoft.Hosting.Lifetime[0]
      Hosting environment: Production
info: Microsoft.Hosting.Lifetime[0]
      Content root path: D:\Repo\tales-of-tao
info: Microsoft.AspNetCore.Hosting.Diagnostics[1]
      Request starting HTTP/2 POST http://ilpp/UnityILPP.PostProcessing/Ping - application/grpc -
info: Microsoft.AspNetCore.Routing.EndpointMiddleware[0]
      Executing endpoint 'gRPC - /UnityILPP.PostProcessing/Ping'
info: Microsoft.AspNetCore.Routing.EndpointMiddleware[1]
      Executed endpoint 'gRPC - /UnityILPP.PostProcessing/Ping'
info: Microsoft.AspNetCore.Hosting.Diagnostics[2]
      Request finished HTTP/2 POST http://ilpp/UnityILPP.PostProcessing/Ping - 200 - application/grpc 19.4831ms
Starting: C:\Program Files\Unity\Hub\Editor\6000.4.1f1\Editor\Data\Tools\BuildPipeline\bee_backend.exe --ipc --defer-dag-verification --dagfile="Library/Bee/1900b0aE.dag" --continue-on-failure --profile="Library/Bee/backend1.traceevents" ScriptAssemblies
WorkingDir: D:/Repo/tales-of-tao
DisplayProgressbar: Compiling Scripts
info: Microsoft.AspNetCore.Hosting.Diagnostics[1]
      Request starting HTTP/2 POST http://ilpp/UnityILPP.PostProcessing/ConfigurePostProcessors - application/grpc -
info: Microsoft.AspNetCore.Routing.EndpointMiddleware[0]
      Executing endpoint 'gRPC - /UnityILPP.PostProcessing/ConfigurePostProcessors'
warn: Unity.ILPP.Runner.PostProcessingAssemblyLoadContext[0]
      Assembly system.runtime.interopservices.windowsruntime has duplicate hint path. Ignoring "C:\Program Files\Unity\Hub\Editor\6000.4.1f1\Editor\Data\UnityReferenceAssemblies\unity-4.8-api\Facades\System.Runtime.InteropServices.WindowsRuntime.dll" in favor of "C:\Program Files\Unity\Hub\Editor\6000.4.1f1\Editor\Data\NetStandard\Extensions\2.0.0\System.Runtime.InteropServices.WindowsRuntime.dll"
warn: Unity.ILPP.Runner.PostProcessingAssemblyLoadContext[0]
      Assembly system.componentmodel.composition has duplicate hint path. Ignoring "C:\Program Files\Unity\Hub\Editor\6000.4.1f1\Editor\Data\UnityReferenceAssemblies\unity-4.8-api\System.ComponentModel.Composition.dll" in favor of "C:\Program Files\Unity\Hub\Editor\6000.4.1f1\Editor\Data\NetStandard\compat\2.1.0\shims\netfx\System.ComponentModel.Composition.dll"
info: Unity.ILPP.Runner.PostProcessingAssemblyLoadContext[0]
      Resolved Unity.Burst.Cecil, Version=0.11.4.0, Culture=neutral, PublicKeyToken=50cebf1cceb9d05e with Library\PackageCache\com.unity.burst@07790c2d06d9\Unity.Burst.CodeGen\Unity.Burst.Cecil.dll
info: Unity.ILPP.Runner.PostProcessingAssemblyLoadContext[0]
      Resolved Mono.Cecil, Version=0.11.5.0, Culture=neutral, PublicKeyToken=50cebf1cceb9d05e with Library\PackageCache\com.unity.nuget.mono-cecil@ecb9724e46ff\Mono.Cecil.dll
info: Microsoft.AspNetCore.Routing.EndpointMiddleware[1]
      Executed endpoint 'gRPC - /UnityILPP.PostProcessing/ConfigurePostProcessors'
info: Microsoft.AspNetCore.Hosting.Diagnostics[2]
      Request finished HTTP/2 POST http://ilpp/UnityILPP.PostProcessing/ConfigurePostProcessors - 200 - application/grpc 42.2222ms
ExitCode: 0 Duration: 0s173ms
[563/714    0s] ILPP-Configuration Library/ilpp-configuration.nevergeneratedoutput
*** Tundra build success (0.15 seconds), 1 items updated, 714 evaluated
AssetDatabase: script compilation time: 0.430345s
Begin MonoManager ReloadAssembly
Assembly Assembly-CSharp-Editor-firstpass.dll at Library/ScriptAssemblies/Assembly-CSharp-Editor-firstpass.dll not valid. Loading of assembly skipped.
Assembly Assembly-CSharp-Editor.dll at Library/ScriptAssemblies/Assembly-CSharp-Editor.dll not valid. Loading of assembly skipped.
Assembly Assembly-CSharp-firstpass.dll at Library/ScriptAssemblies/Assembly-CSharp-firstpass.dll not valid. Loading of assembly skipped.
Assembly Assembly-CSharp.dll at Library/ScriptAssemblies/Assembly-CSharp.dll not valid. Loading of assembly skipped.
Assembly TalesOfTao.AI.dll at Library/ScriptAssemblies/TalesOfTao.AI.dll not valid. Loading of assembly skipped.
Assembly TalesOfTao.Combat.dll at Library/ScriptAssemblies/TalesOfTao.Combat.dll not valid. Loading of assembly skipped.
Assembly TalesOfTao.Diplomacy.dll at Library/ScriptAssemblies/TalesOfTao.Diplomacy.dll not valid. Loading of assembly skipped.
Assembly TalesOfTao.Research.dll at Library/ScriptAssemblies/TalesOfTao.Research.dll not valid. Loading of assembly skipped.
Assembly TalesOfTao.SaveLoad.dll at Library/ScriptAssemblies/TalesOfTao.SaveLoad.dll not valid. Loading of assembly skipped.
Assembly TestNewCustomAssembly.dll at Library/ScriptAssemblies/TestNewCustomAssembly.dll not valid. Loading of assembly skipped.
Assembly Unity.Collections.BurstCompatibilityGen.dll at Library/ScriptAssemblies/Unity.Collections.BurstCompatibilityGen.dll not valid. Loading of assembly skipped.
Assembly Unity.Collections.DocCodeSamples.dll at Library/ScriptAssemblies/Unity.Collections.DocCodeSamples.dll not valid. Loading of assembly skipped.
Assembly Unity.Collections.PerformanceTests.dll at Library/ScriptAssemblies/Unity.Collections.PerformanceTests.dll not valid. Loading of assembly skipped.
Assembly Unity.Collections.Tests.dll at Library/ScriptAssemblies/Unity.Collections.Tests.dll not valid. Loading of assembly skipped.
Assembly Unity.Collections.Tests.Playmode.dll at Library/ScriptAssemblies/Unity.Collections.Tests.Playmode.dll not valid. Loading of assembly skipped.
Assembly Unity.InputSystem.IntegrationTests.dll at Library/ScriptAssemblies/Unity.InputSystem.IntegrationTests.dll not valid. Loading of assembly skipped.
Assembly Unity.Mathematics.Tests.dll at Library/ScriptAssemblies/Unity.Mathematics.Tests.dll not valid. Loading of assembly skipped.
Assembly Unity.Nuget.Mono-Cecil.dll at Library/ScriptAssemblies/Unity.Nuget.Mono-Cecil.dll not valid. Loading of assembly skipped.
Assembly Unity.PathTracing.Editor.Tests.dll at Library/ScriptAssemblies/Unity.PathTracing.Editor.Tests.dll not valid. Loading of assembly skipped.
Assembly Unity.PathTracing.Runtime.Tests.dll at Library/ScriptAssemblies/Unity.PathTracing.Runtime.Tests.dll not valid. Loading of assembly skipped.
Assembly Unity.RenderPipelines.Core.Editor.Tests.dll at Library/ScriptAssemblies/Unity.RenderPipelines.Core.Editor.Tests.dll not valid. Loading of assembly skipped.
Assembly Unity.RenderPipelines.Core.Runtime.Tests.dll at Library/ScriptAssemblies/Unity.RenderPipelines.Core.Runtime.Tests.dll not valid. Loading of assembly skipped.
Assembly Unity.RenderPipelines.Universal.Config.Editor.Tests.dll at Library/ScriptAssemblies/Unity.RenderPipelines.Universal.Config.Editor.Tests.dll not valid. Loading of assembly skipped.
Assembly Unity.RenderPipelines.Universal.Editor.Tests.dll at Library/ScriptAssemblies/Unity.RenderPipelines.Universal.Editor.Tests.dll not valid. Loading of assembly skipped.
Assembly Unity.RenderPipelines.Universal.Runtime.Tests.dll at Library/ScriptAssemblies/Unity.RenderPipelines.Universal.Runtime.Tests.dll not valid. Loading of assembly skipped.
Assembly Unity.Searcher.EditorTests.dll at Library/ScriptAssemblies/Unity.Searcher.EditorTests.dll not valid. Loading of assembly skipped.
Assembly Unity.ShaderGraph.Editor.Tests.dll at Library/ScriptAssemblies/Unity.ShaderGraph.Editor.Tests.dll not valid. Loading of assembly skipped.
Assembly Unity.TextMeshPro.Editor.Tests.dll at Library/ScriptAssemblies/Unity.TextMeshPro.Editor.Tests.dll not valid. Loading of assembly skipped.
Assembly Unity.TextMeshPro.Tests.dll at Library/ScriptAssemblies/Unity.TextMeshPro.Tests.dll not valid. Loading of assembly skipped.
Assembly Unity.UnifiedRayTracing.Editor.Tests.dll at Library/ScriptAssemblies/Unity.UnifiedRayTracing.Editor.Tests.dll not valid. Loading of assembly skipped.
Assembly UnityEditor.UI.Common.Tests.dll at Library/ScriptAssemblies/UnityEditor.UI.Common.Tests.dll not valid. Loading of assembly skipped.
Assembly UnityEditor.UI.EditorTests.dll at Library/ScriptAssemblies/UnityEditor.UI.EditorTests.dll not valid. Loading of assembly skipped.
Assembly UnityEngine.UI.Tests.dll at Library/ScriptAssemblies/UnityEngine.UI.Tests.dll not valid. Loading of assembly skipped.
Native extension for WindowsStandalone target not found
ScheduleIndexationOnStartup MainProcess:True IndexOnStartup:True
Mono: successfully reloaded assembly
- Finished resetting the current domain, in  1.578 seconds
Domain Reload Profiling: 2042ms
	BeginReloadAssembly (208ms)
		DisableScriptedObjects (7ms)
		CreateAndSetChildDomain (130ms)
	RebuildCommonClasses (24ms)
	RebuildNativeTypeToScriptingClass (8ms)
	initialDomainReloadingComplete (30ms)
	LoadAllAssembliesAndSetupDomain (194ms)
		LoadAssemblies (150ms)
		AnalyzeDomain (83ms)
			TypeCache.Refresh (57ms)
				TypeCache.ScanAssembly (50ms)
			BuildScriptInfoCaches (18ms)
			ResolveRequiredComponents (7ms)
	FinalizeReload (1578ms)
		SetupLoadedEditorAssemblies (0ms)
			InitializePlatformSupportModulesInManaged (14ms)
			BeforeProcessingInitializeOnLoad (89ms)
			ProcessInitializeOnLoadAttributes (1219ms)
			ProcessInitializeOnLoadMethodAttributes (102ms)
			AfterProcessingInitializeOnLoad (3ms)
		AwakeInstancesAfterBackupRestoration (5ms)
(Values over 0.050ms)
Asset Pipeline Refresh (id=810b3d5cf6f8f4b41bf4e07d86d8f993): Total: 2.761 seconds - Initiated by InitialRefreshV2(ForceSynchronousImport)
	Summary:
		Imports: total=0 (actual=0, local cache=0, cache server=0)
		Asset DB Process Time: managed=0 ms, native=1817 ms
		Asset DB Callback time: managed=18 ms, native=7 ms
		Scripting: domain reloads=1, domain reload time=466 ms, compile time=431 ms, other=19 ms
		Project Asset Count: scripts=874, non-scripts=1890
		Asset File Changes: new=0, changed=0, moved=0, deleted=0
		Scan Filter Count: 0
	InvokePackagesCallback: 8.636ms
	ApplyChangesToAssetFolders: 0.284ms
	Scan: 107.195ms
	CategorizeScriptCompilationAssets: 10.673ms
	ProcessAssetsWithTransientArtifactChanges: 24.905ms
	CategorizeAssets: 29.942ms
	CompileScripts: 431.320ms
	ImportOutOfDateAssets: 1584.449ms (1583.166ms without children)
		UnloadImportedAssets: 0.548ms
		EnsureUptoDateAssetsAreRegisteredWithGuidPM: 0.306ms
		OnDemandSchedulerStart: 0.412ms
	PostProcessAllAssets: 18.053ms
		MonoPostProcessAllAssets: 18.006ms
			UniversalRenderPipelineGlobalSettingsPostprocessor.OnPostprocessAllAssets 6.924ms
			SpeedTree9Postprocessor.OnPostprocessAllAssets 1.388ms
			WindowAssetPostprocessingWatcher.OnPostprocessAllAssets 1.228ms
			SyncVS.PostprocessSyncProject 1.157ms
			RenderPipelineGlobalSettingsPostprocessor.OnPostprocessAllAssets 0.449ms
			ReferencedClipsPostProcessor.OnPostprocessAllAssets 0.213ms
			InputActionAssetPostprocessor.OnPostprocessAllAssets 0.182ms
			TerrainToolbarOverlayPostProcessor.OnPostprocessAllAssets 0.172ms
			ProjectSettingsPostprocessor.OnPostprocessAllAssets 0.133ms
			AssetDatabaseCallbacks.OnPostprocessAllAssets 0.105ms
	UnloadStreamsBegin: 2.007ms
	PersistCurrentRevisions: 0.080ms
	GenerateScriptTypeHashes: 2.460ms
	GenerateScriptTypeSerializationHashes: 5.816ms
	Untracked: 542.107ms

Application.AssetDatabase Initial Refresh End
Launched and connected shader compiler UnityShaderCompiler.exe after 0.01 seconds
Scanning for USB devices : 2.435ms
Initializing Unity extensions:
[MODES] ModeService[none].Initialize
[MODES] ModeService[none].LoadModes
[MODES] Loading mode Default (0) for mode-current-id-TalesOfTao
Unloading 27 Unused Serialized files (Serialized files now loaded: 0)
Unloading 3729 unused Assets / (5.5 MB). Loaded Objects now: 4591.
Memory consumption went from 183.8 MB to 178.3 MB.
Total: 5.383300 ms (FindLiveObjects: 0.240500 ms CreateObjectMapping: 0.120700 ms MarkObjects: 3.880300 ms  DeleteObjects: 1.139800 ms)

Start importing Assets/_Game/Data/Buildings/BC_Temple_T1.asset using Guid(442193ea7b74d5a449c23d8028f3ef56) (NativeFormatImporter) -> (Import Result ID: 'a6f8fad3de437d640be2664b3bb1f95e') in 0.0043575 seconds [static dependencies only]. Details - ImportResultOutputID=a0aae7434f68651ac96ed852191097a5 DependenciesID=2a294e68140404370b844ca505fe7894 StaticDependenciesID=72e86d9bfa2080466465581dc867232b 
Asset Pipeline Refresh (id=9d616c12d032d0748a8ee6a66c03de40): Total: 0.108 seconds - Initiated by StopAssetImportingV2(NoUpdateAssetOptions)
Created: BC_Temple_T1
UnityEngine.Debug:ExtractStackTraceNoAlloc (byte*,int,string)
UnityEngine.StackTraceUtility:ExtractStackTrace ()
UnityEngine.DebugLogHandler:Internal_Log (UnityEngine.LogType,UnityEngine.LogOption,string,UnityEngine.Object)
UnityEngine.DebugLogHandler:LogFormat (UnityEngine.LogType,UnityEngine.Object,string,object[])
UnityEngine.Logger:Log (UnityEngine.LogType,object)
UnityEngine.Debug:Log (object)
M5BuildingConfigCreator:CreateConfig (string,string,string,int[]) (at Assets/_Game/Editor/M5BuildingConfigCreator.cs:125)
M5BuildingConfigCreator:CreateAll () (at Assets/_Game/Editor/M5BuildingConfigCreator.cs:14)

(Filename: Assets/_Game/Editor/M5BuildingConfigCreator.cs Line: 125)

Start importing Assets/_Game/Data/Buildings/BC_Temple_T2.asset using Guid(42a1c8830e0939e4d84d969f824ab563) (NativeFormatImporter) -> (Import Result ID: '54d61faccf05369b2d531700c824788c') in 0.0018235 seconds [static dependencies only]. Details - ImportResultOutputID=9d847447de56ef7d578ceabf5699af1b DependenciesID=9223b975475c6c5f961a41a9f4269028 StaticDependenciesID=7741b15b362a9a43d4dc047a49348ab6 
Asset Pipeline Refresh (id=7cfd32e1251f76f4585759b3933f062c): Total: 0.028 seconds - Initiated by StopAssetImportingV2(NoUpdateAssetOptions)
Created: BC_Temple_T2
UnityEngine.Debug:ExtractStackTraceNoAlloc (byte*,int,string)
UnityEngine.StackTraceUtility:ExtractStackTrace ()
UnityEngine.DebugLogHandler:Internal_Log (UnityEngine.LogType,UnityEngine.LogOption,string,UnityEngine.Object)
UnityEngine.DebugLogHandler:LogFormat (UnityEngine.LogType,UnityEngine.Object,string,object[])
UnityEngine.Logger:Log (UnityEngine.LogType,object)
UnityEngine.Debug:Log (object)
M5BuildingConfigCreator:CreateConfig (string,string,string,int[]) (at Assets/_Game/Editor/M5BuildingConfigCreator.cs:125)
M5BuildingConfigCreator:CreateAll () (at Assets/_Game/Editor/M5BuildingConfigCreator.cs:14)

(Filename: Assets/_Game/Editor/M5BuildingConfigCreator.cs Line: 125)

Start importing Assets/_Game/Data/Buildings/BC_Temple_T3.asset using Guid(a035199a9a8510e4893f6aca43290860) (NativeFormatImporter) -> (Import Result ID: 'd7d34d2430db330c61ea1d7419055511') in 0.0012956 seconds [static dependencies only]. Details - ImportResultOutputID=894feb3a37d14e5c49c2175a5784738e DependenciesID=4a85bcab70823d09feceb978cba2341f StaticDependenciesID=859b42be1a7ab8e244b66d79031c1cb3 
Asset Pipeline Refresh (id=f722b203f7fad9d459c6bfea3a9c0df5): Total: 0.025 seconds - Initiated by StopAssetImportingV2(NoUpdateAssetOptions)
Created: BC_Temple_T3
UnityEngine.Debug:ExtractStackTraceNoAlloc (byte*,int,string)
UnityEngine.StackTraceUtility:ExtractStackTrace ()
UnityEngine.DebugLogHandler:Internal_Log (UnityEngine.LogType,UnityEngine.LogOption,string,UnityEngine.Object)
UnityEngine.DebugLogHandler:LogFormat (UnityEngine.LogType,UnityEngine.Object,string,object[])
UnityEngine.Logger:Log (UnityEngine.LogType,object)
UnityEngine.Debug:Log (object)
M5BuildingConfigCreator:CreateConfig (string,string,string,int[]) (at Assets/_Game/Editor/M5BuildingConfigCreator.cs:125)
M5BuildingConfigCreator:CreateAll () (at Assets/_Game/Editor/M5BuildingConfigCreator.cs:14)

(Filename: Assets/_Game/Editor/M5BuildingConfigCreator.cs Line: 125)

Start importing Assets/_Game/Data/Buildings/BC_TrainingGrounds_T1.asset using Guid(ee1bd3684f45c3e42ad93a27f1357030) (NativeFormatImporter) -> (Import Result ID: 'cf16e8706646eb919810ea4f66ad63ae') in 0.0012096 seconds [static dependencies only]. Details - ImportResultOutputID=21d58434072a8360d10817a848d0e1bf DependenciesID=be3148da8ffc4fc83aef1b03de884102 StaticDependenciesID=c49c35458c893d6aa61d32cec2691014 
Asset Pipeline Refresh (id=8a688dd8159da994893c23402357e1fa): Total: 0.024 seconds - Initiated by StopAssetImportingV2(NoUpdateAssetOptions)
Created: BC_TrainingGrounds_T1
UnityEngine.Debug:ExtractStackTraceNoAlloc (byte*,int,string)
UnityEngine.StackTraceUtility:ExtractStackTrace ()
UnityEngine.DebugLogHandler:Internal_Log (UnityEngine.LogType,UnityEngine.LogOption,string,UnityEngine.Object)
UnityEngine.DebugLogHandler:LogFormat (UnityEngine.LogType,UnityEngine.Object,string,object[])
UnityEngine.Logger:Log (UnityEngine.LogType,object)
UnityEngine.Debug:Log (object)
M5BuildingConfigCreator:CreateConfig (string,string,string,int[]) (at Assets/_Game/Editor/M5BuildingConfigCreator.cs:125)
M5BuildingConfigCreator:CreateAll () (at Assets/_Game/Editor/M5BuildingConfigCreator.cs:15)

(Filename: Assets/_Game/Editor/M5BuildingConfigCreator.cs Line: 125)

Start importing Assets/_Game/Data/Buildings/BC_TrainingGrounds_T2.asset using Guid(ff7b15df5c2e1b944ba475d2de28d32c) (NativeFormatImporter) -> (Import Result ID: '97f2d29a6b300f2f4ff569846d04c6a0') in 0.0013635 seconds [static dependencies only]. Details - ImportResultOutputID=914fc8757b468f82ee797e2d0d5a72f1 DependenciesID=8d828b10ecc9dbdcc6a4c5c847fcdc05 StaticDependenciesID=9f06101a0ff0b3f71843507bfc118db1 
Asset Pipeline Refresh (id=04142d1361c176e4cba7d18520579450): Total: 0.026 seconds - Initiated by StopAssetImportingV2(NoUpdateAssetOptions)
Created: BC_TrainingGrounds_T2
UnityEngine.Debug:ExtractStackTraceNoAlloc (byte*,int,string)
UnityEngine.StackTraceUtility:ExtractStackTrace ()
UnityEngine.DebugLogHandler:Internal_Log (UnityEngine.LogType,UnityEngine.LogOption,string,UnityEngine.Object)
UnityEngine.DebugLogHandler:LogFormat (UnityEngine.LogType,UnityEngine.Object,string,object[])
UnityEngine.Logger:Log (UnityEngine.LogType,object)
UnityEngine.Debug:Log (object)
M5BuildingConfigCreator:CreateConfig (string,string,string,int[]) (at Assets/_Game/Editor/M5BuildingConfigCreator.cs:125)
M5BuildingConfigCreator:CreateAll () (at Assets/_Game/Editor/M5BuildingConfigCreator.cs:15)

(Filename: Assets/_Game/Editor/M5BuildingConfigCreator.cs Line: 125)

Start importing Assets/_Game/Data/Buildings/BC_TrainingGrounds_T3.asset using Guid(e1f78251062a0284994701e846124e18) (NativeFormatImporter) -> (Import Result ID: '714a16d6b90b6b898a78ae87078fc0d2') in 0.0013978 seconds [static dependencies only]. Details - ImportResultOutputID=e055c7b19b69eb01b4944e41b10a6f4e DependenciesID=8abd08cbe056f120988ec1d047429162 StaticDependenciesID=631285afc9c5c7e10f85e74b3ac83abf 
Asset Pipeline Refresh (id=71ad6fd9fedf7d44caf86b67f59f2c96): Total: 0.026 seconds - Initiated by StopAssetImportingV2(NoUpdateAssetOptions)
Created: BC_TrainingGrounds_T3
UnityEngine.Debug:ExtractStackTraceNoAlloc (byte*,int,string)
UnityEngine.StackTraceUtility:ExtractStackTrace ()
UnityEngine.DebugLogHandler:Internal_Log (UnityEngine.LogType,UnityEngine.LogOption,string,UnityEngine.Object)
UnityEngine.DebugLogHandler:LogFormat (UnityEngine.LogType,UnityEngine.Object,string,object[])
UnityEngine.Logger:Log (UnityEngine.LogType,object)
UnityEngine.Debug:Log (object)
M5BuildingConfigCreator:CreateConfig (string,string,string,int[]) (at Assets/_Game/Editor/M5BuildingConfigCreator.cs:125)
M5BuildingConfigCreator:CreateAll () (at Assets/_Game/Editor/M5BuildingConfigCreator.cs:15)

(Filename: Assets/_Game/Editor/M5BuildingConfigCreator.cs Line: 125)

Start importing Assets/_Game/Data/Buildings/BC_Library_T1.asset using Guid(56ab822a1f863e144ade391455ea89a9) (NativeFormatImporter) -> (Import Result ID: '9ecb3dfd2f20c4dcac354d5936093343') in 0.0011061 seconds [static dependencies only]. Details - ImportResultOutputID=5c017d17cec7291b4c410dcc46fbefd1 DependenciesID=0a13ef1574e2e0151ac79e3b9d1cdcd1 StaticDependenciesID=b114e1a4a67cb6fe651d357f4daf8c24 
Asset Pipeline Refresh (id=80c8b6ff6bb726a42884ff08d050a685): Total: 0.027 seconds - Initiated by StopAssetImportingV2(NoUpdateAssetOptions)
Created: BC_Library_T1
UnityEngine.Debug:ExtractStackTraceNoAlloc (byte*,int,string)
UnityEngine.StackTraceUtility:ExtractStackTrace ()
UnityEngine.DebugLogHandler:Internal_Log (UnityEngine.LogType,UnityEngine.LogOption,string,UnityEngine.Object)
UnityEngine.DebugLogHandler:LogFormat (UnityEngine.LogType,UnityEngine.Object,string,object[])
UnityEngine.Logger:Log (UnityEngine.LogType,object)
UnityEngine.Debug:Log (object)
M5BuildingConfigCreator:CreateConfig (string,string,string,int[]) (at Assets/_Game/Editor/M5BuildingConfigCreator.cs:125)
M5BuildingConfigCreator:CreateAll () (at Assets/_Game/Editor/M5BuildingConfigCreator.cs:16)

(Filename: Assets/_Game/Editor/M5BuildingConfigCreator.cs Line: 125)

Start importing Assets/_Game/Data/Buildings/BC_Library_T2.asset using Guid(770956aa2f4379349bd3daead36f82f6) (NativeFormatImporter) -> (Import Result ID: 'eb4864d3e3e535f6bbfef397ecc95c9f') in 0.0012108 seconds [static dependencies only]. Details - ImportResultOutputID=43b3f2b361642ac8f8afb0f2256e2b84 DependenciesID=7d8c8c6b1ae5063b95a95c9b0d8a1bab StaticDependenciesID=49a588882dfeb54830d8842593c0c821 
Asset Pipeline Refresh (id=b73c1908c62ec8a40bc8ef344cb208da): Total: 0.022 seconds - Initiated by StopAssetImportingV2(NoUpdateAssetOptions)
Created: BC_Library_T2
UnityEngine.Debug:ExtractStackTraceNoAlloc (byte*,int,string)
UnityEngine.StackTraceUtility:ExtractStackTrace ()
UnityEngine.DebugLogHandler:Internal_Log (UnityEngine.LogType,UnityEngine.LogOption,string,UnityEngine.Object)
UnityEngine.DebugLogHandler:LogFormat (UnityEngine.LogType,UnityEngine.Object,string,object[])
UnityEngine.Logger:Log (UnityEngine.LogType,object)
UnityEngine.Debug:Log (object)
M5BuildingConfigCreator:CreateConfig (string,string,string,int[]) (at Assets/_Game/Editor/M5BuildingConfigCreator.cs:125)
M5BuildingConfigCreator:CreateAll () (at Assets/_Game/Editor/M5BuildingConfigCreator.cs:16)

(Filename: Assets/_Game/Editor/M5BuildingConfigCreator.cs Line: 125)

Start importing Assets/_Game/Data/Buildings/BC_Library_T3.asset using Guid(b2a6d27a96356364cab56cbf98cd546e) (NativeFormatImporter) -> (Import Result ID: 'a833c3320fb1de3a8e6257f5d829ba25') in 0.0011401 seconds [static dependencies only]. Details - ImportResultOutputID=46225c2d2bb3eebd00ce1345046f6049 DependenciesID=0fbe59735e7997fc140735a3e81b7421 StaticDependenciesID=f9869bd53a3bea6a3ed39d8339eb03e4 
Asset Pipeline Refresh (id=91c47b8cf200d17429c4a392c494494c): Total: 0.024 seconds - Initiated by StopAssetImportingV2(NoUpdateAssetOptions)
Created: BC_Library_T3
UnityEngine.Debug:ExtractStackTraceNoAlloc (byte*,int,string)
UnityEngine.StackTraceUtility:ExtractStackTrace ()
UnityEngine.DebugLogHandler:Internal_Log (UnityEngine.LogType,UnityEngine.LogOption,string,UnityEngine.Object)
UnityEngine.DebugLogHandler:LogFormat (UnityEngine.LogType,UnityEngine.Object,string,object[])
UnityEngine.Logger:Log (UnityEngine.LogType,object)
UnityEngine.Debug:Log (object)
M5BuildingConfigCreator:CreateConfig (string,string,string,int[]) (at Assets/_Game/Editor/M5BuildingConfigCreator.cs:125)
M5BuildingConfigCreator:CreateAll () (at Assets/_Game/Editor/M5BuildingConfigCreator.cs:16)

(Filename: Assets/_Game/Editor/M5BuildingConfigCreator.cs Line: 125)

Start importing Assets/_Game/Data/Buildings/BC_MedicineHall_T1.asset using Guid(59c4878b87f508b4291c4a23095898d1) (NativeFormatImporter) -> (Import Result ID: '26d110c90e558db64f37370ff244eb08') in 0.0012829 seconds [static dependencies only]. Details - ImportResultOutputID=f880a6a533dd15761aacc241bb3cb2ca DependenciesID=08af621aea896d95eba7dc2c627a534c StaticDependenciesID=43c03573d0d646bb2aaec768ed1e8799 
Asset Pipeline Refresh (id=8f9dd432b9da27b4c93d51df3a7bbf04): Total: 0.023 seconds - Initiated by StopAssetImportingV2(NoUpdateAssetOptions)
Created: BC_MedicineHall_T1
UnityEngine.Debug:ExtractStackTraceNoAlloc (byte*,int,string)
UnityEngine.StackTraceUtility:ExtractStackTrace ()
UnityEngine.DebugLogHandler:Internal_Log (UnityEngine.LogType,UnityEngine.LogOption,string,UnityEngine.Object)
UnityEngine.DebugLogHandler:LogFormat (UnityEngine.LogType,UnityEngine.Object,string,object[])
UnityEngine.Logger:Log (UnityEngine.LogType,object)
UnityEngine.Debug:Log (object)
M5BuildingConfigCreator:CreateConfig (string,string,string,int[]) (at Assets/_Game/Editor/M5BuildingConfigCreator.cs:125)
M5BuildingConfigCreator:CreateAll () (at Assets/_Game/Editor/M5BuildingConfigCreator.cs:17)

(Filename: Assets/_Game/Editor/M5BuildingConfigCreator.cs Line: 125)

Start importing Assets/_Game/Data/Buildings/BC_MedicineHall_T2.asset using Guid(0bcb460e265f73943b042309258ba7db) (NativeFormatImporter) -> (Import Result ID: '41d7ab4d058ce892888e8cbed8999b9a') in 0.0010995 seconds [static dependencies only]. Details - ImportResultOutputID=cecc6aaa5098c36cbb76ac273f7fecc9 DependenciesID=777b7404b6079a340a05a0150674935a StaticDependenciesID=6abb685903d83bff5f93ba41f48ec53c 
Asset Pipeline Refresh (id=35e91f703b1980e4d99bafebc2756d97): Total: 0.022 seconds - Initiated by StopAssetImportingV2(NoUpdateAssetOptions)
Created: BC_MedicineHall_T2
UnityEngine.Debug:ExtractStackTraceNoAlloc (byte*,int,string)
UnityEngine.StackTraceUtility:ExtractStackTrace ()
UnityEngine.DebugLogHandler:Internal_Log (UnityEngine.LogType,UnityEngine.LogOption,string,UnityEngine.Object)
UnityEngine.DebugLogHandler:LogFormat (UnityEngine.LogType,UnityEngine.Object,string,object[])
UnityEngine.Logger:Log (UnityEngine.LogType,object)
UnityEngine.Debug:Log (object)
M5BuildingConfigCreator:CreateConfig (string,string,string,int[]) (at Assets/_Game/Editor/M5BuildingConfigCreator.cs:125)
M5BuildingConfigCreator:CreateAll () (at Assets/_Game/Editor/M5BuildingConfigCreator.cs:17)

(Filename: Assets/_Game/Editor/M5BuildingConfigCreator.cs Line: 125)

Start importing Assets/_Game/Data/Buildings/BC_MedicineHall_T3.asset using Guid(379157fb3959a9248807be3907777cb7) (NativeFormatImporter) -> (Import Result ID: '709e7b0cabf926cf8464859a6f57c2fc') in 0.0016303 seconds [static dependencies only]. Details - ImportResultOutputID=6ce4a8c9c7e986af0d6757ae5ade88c9 DependenciesID=deed1fbd04272d5363df93fa5f248d01 StaticDependenciesID=f29fc038202a99a006052fc42de95f03 
Asset Pipeline Refresh (id=17b7f70cf86e6ef4bbb6e28adeab7c28): Total: 0.022 seconds - Initiated by StopAssetImportingV2(NoUpdateAssetOptions)
Created: BC_MedicineHall_T3
UnityEngine.Debug:ExtractStackTraceNoAlloc (byte*,int,string)
UnityEngine.StackTraceUtility:ExtractStackTrace ()
UnityEngine.DebugLogHandler:Internal_Log (UnityEngine.LogType,UnityEngine.LogOption,string,UnityEngine.Object)
UnityEngine.DebugLogHandler:LogFormat (UnityEngine.LogType,UnityEngine.Object,string,object[])
UnityEngine.Logger:Log (UnityEngine.LogType,object)
UnityEngine.Debug:Log (object)
M5BuildingConfigCreator:CreateConfig (string,string,string,int[]) (at Assets/_Game/Editor/M5BuildingConfigCreator.cs:125)
M5BuildingConfigCreator:CreateAll () (at Assets/_Game/Editor/M5BuildingConfigCreator.cs:17)

(Filename: Assets/_Game/Editor/M5BuildingConfigCreator.cs Line: 125)

Start importing Assets/_Game/Data/Buildings/BC_Armory_T1.asset using Guid(be3d648bd47140646b5ec7ef129a316c) (NativeFormatImporter) -> (Import Result ID: 'fb9e9a63c3149bb32ff0d98f8c5ce0f3') in 0.001151 seconds [static dependencies only]. Details - ImportResultOutputID=7ce6f6ad51ac823bc8892a85daf680a8 DependenciesID=38df3778f75d3ea2e371227cf80603ef StaticDependenciesID=b1ca697cff6ff9d1860767740207701a 
Asset Pipeline Refresh (id=9439b65275c8e5d49a8aa6acb44f9a54): Total: 0.022 seconds - Initiated by StopAssetImportingV2(NoUpdateAssetOptions)
Created: BC_Armory_T1
UnityEngine.Debug:ExtractStackTraceNoAlloc (byte*,int,string)
UnityEngine.StackTraceUtility:ExtractStackTrace ()
UnityEngine.DebugLogHandler:Internal_Log (UnityEngine.LogType,UnityEngine.LogOption,string,UnityEngine.Object)
UnityEngine.DebugLogHandler:LogFormat (UnityEngine.LogType,UnityEngine.Object,string,object[])
UnityEngine.Logger:Log (UnityEngine.LogType,object)
UnityEngine.Debug:Log (object)
M5BuildingConfigCreator:CreateConfig (string,string,string,int[]) (at Assets/_Game/Editor/M5BuildingConfigCreator.cs:125)
M5BuildingConfigCreator:CreateAll () (at Assets/_Game/Editor/M5BuildingConfigCreator.cs:18)

(Filename: Assets/_Game/Editor/M5BuildingConfigCreator.cs Line: 125)

Start importing Assets/_Game/Data/Buildings/BC_Armory_T2.asset using Guid(6fde50f081fb1c14cb842b02319fccdc) (NativeFormatImporter) -> (Import Result ID: '7ed4ebd6dd6106805c297bdc25020c97') in 0.0010045 seconds [static dependencies only]. Details - ImportResultOutputID=a207ddbde438b2fd645a4ce8587bf61c DependenciesID=0f1e9b9ee222b7f7231a796ea6749ed2 StaticDependenciesID=c7da7ca508bf33e70f3ea35de9282ff8 
Asset Pipeline Refresh (id=6d5e5c49d18fbff4792cbc9b41b62a8f): Total: 0.022 seconds - Initiated by StopAssetImportingV2(NoUpdateAssetOptions)
Created: BC_Armory_T2
UnityEngine.Debug:ExtractStackTraceNoAlloc (byte*,int,string)
UnityEngine.StackTraceUtility:ExtractStackTrace ()
UnityEngine.DebugLogHandler:Internal_Log (UnityEngine.LogType,UnityEngine.LogOption,string,UnityEngine.Object)
UnityEngine.DebugLogHandler:LogFormat (UnityEngine.LogType,UnityEngine.Object,string,object[])
UnityEngine.Logger:Log (UnityEngine.LogType,object)
UnityEngine.Debug:Log (object)
M5BuildingConfigCreator:CreateConfig (string,string,string,int[]) (at Assets/_Game/Editor/M5BuildingConfigCreator.cs:125)
M5BuildingConfigCreator:CreateAll () (at Assets/_Game/Editor/M5BuildingConfigCreator.cs:18)

(Filename: Assets/_Game/Editor/M5BuildingConfigCreator.cs Line: 125)

Start importing Assets/_Game/Data/Buildings/BC_Armory_T3.asset using Guid(20089eaf4f43395469d493d10dd6f77d) (NativeFormatImporter) -> (Import Result ID: 'e7000f9666d0f326cb65c13a8f03f61a') in 0.001215 seconds [static dependencies only]. Details - ImportResultOutputID=fbb6b8dcaaf05aae00b135f2677c6fe5 DependenciesID=a6d7d4702c9681490185738615fea859 StaticDependenciesID=a6ebeaac590a89aef8b40681e7e41474 
Asset Pipeline Refresh (id=f2845754932caef4daaef52b1e36ad79): Total: 0.022 seconds - Initiated by StopAssetImportingV2(NoUpdateAssetOptions)
Created: BC_Armory_T3
UnityEngine.Debug:ExtractStackTraceNoAlloc (byte*,int,string)
UnityEngine.StackTraceUtility:ExtractStackTrace ()
UnityEngine.DebugLogHandler:Internal_Log (UnityEngine.LogType,UnityEngine.LogOption,string,UnityEngine.Object)
UnityEngine.DebugLogHandler:LogFormat (UnityEngine.LogType,UnityEngine.Object,string,object[])
UnityEngine.Logger:Log (UnityEngine.LogType,object)
UnityEngine.Debug:Log (object)
M5BuildingConfigCreator:CreateConfig (string,string,string,int[]) (at Assets/_Game/Editor/M5BuildingConfigCreator.cs:125)
M5BuildingConfigCreator:CreateAll () (at Assets/_Game/Editor/M5BuildingConfigCreator.cs:18)

(Filename: Assets/_Game/Editor/M5BuildingConfigCreator.cs Line: 125)

Start importing Assets/_Game/Data/Buildings/BC_DiscipleHall_T1.asset using Guid(cd45e848e5400e0438fe4641d5645027) (NativeFormatImporter) -> (Import Result ID: '309a706ea62b3c36485aedec30f13136') in 0.0011378 seconds [static dependencies only]. Details - ImportResultOutputID=4865edb70032db321363ce6208bc6e92 DependenciesID=7be9deca54530c605e650b46879f9f00 StaticDependenciesID=31568fa2a316b7f9f960019a43e2a694 
Asset Pipeline Refresh (id=bc163163ea4e93f43a6fa177a16225ff): Total: 0.022 seconds - Initiated by StopAssetImportingV2(NoUpdateAssetOptions)
Created: BC_DiscipleHall_T1
UnityEngine.Debug:ExtractStackTraceNoAlloc (byte*,int,string)
UnityEngine.StackTraceUtility:ExtractStackTrace ()
UnityEngine.DebugLogHandler:Internal_Log (UnityEngine.LogType,UnityEngine.LogOption,string,UnityEngine.Object)
UnityEngine.DebugLogHandler:LogFormat (UnityEngine.LogType,UnityEngine.Object,string,object[])
UnityEngine.Logger:Log (UnityEngine.LogType,object)
UnityEngine.Debug:Log (object)
M5BuildingConfigCreator:CreateConfig (string,string,string,int[]) (at Assets/_Game/Editor/M5BuildingConfigCreator.cs:125)
M5BuildingConfigCreator:CreateAll () (at Assets/_Game/Editor/M5BuildingConfigCreator.cs:19)

(Filename: Assets/_Game/Editor/M5BuildingConfigCreator.cs Line: 125)

Start importing Assets/_Game/Data/Buildings/BC_DiscipleHall_T2.asset using Guid(2a76a34fbc8c2a548adc0cae1a1c6d5f) (NativeFormatImporter) -> (Import Result ID: '0919c6c0abb0dca95553feeddb9c0204') in 0.001076 seconds [static dependencies only]. Details - ImportResultOutputID=632fc2bb39bd1f4981153a54f40d0546 DependenciesID=66b8e227daf4067928bb4721186c3db3 StaticDependenciesID=d197f56d1a860ecda643b203b71a2f30 
Asset Pipeline Refresh (id=0573ee53a5cdfdc488f06d8a8a6754af): Total: 0.022 seconds - Initiated by StopAssetImportingV2(NoUpdateAssetOptions)
Created: BC_DiscipleHall_T2
UnityEngine.Debug:ExtractStackTraceNoAlloc (byte*,int,string)
UnityEngine.StackTraceUtility:ExtractStackTrace ()
UnityEngine.DebugLogHandler:Internal_Log (UnityEngine.LogType,UnityEngine.LogOption,string,UnityEngine.Object)
UnityEngine.DebugLogHandler:LogFormat (UnityEngine.LogType,UnityEngine.Object,string,object[])
UnityEngine.Logger:Log (UnityEngine.LogType,object)
UnityEngine.Debug:Log (object)
M5BuildingConfigCreator:CreateConfig (string,string,string,int[]) (at Assets/_Game/Editor/M5BuildingConfigCreator.cs:125)
M5BuildingConfigCreator:CreateAll () (at Assets/_Game/Editor/M5BuildingConfigCreator.cs:19)

(Filename: Assets/_Game/Editor/M5BuildingConfigCreator.cs Line: 125)

Start importing Assets/_Game/Data/Buildings/BC_DiscipleHall_T3.asset using Guid(aa7125cb6521ba6498a6fed1a8511732) (NativeFormatImporter) -> (Import Result ID: 'ed82ccd0f64d23268bb0761d5b29752f') in 0.0010945 seconds [static dependencies only]. Details - ImportResultOutputID=877c9a35298b4bf0b3da15a950aafd28 DependenciesID=9c8ea6fb56852ec5359a905014988e8c StaticDependenciesID=fe3e7917c571e6c1ee9a6e1c5b3304a7 
Asset Pipeline Refresh (id=a109932a13853ba4c9cffd55cea359fe): Total: 0.022 seconds - Initiated by StopAssetImportingV2(NoUpdateAssetOptions)
Created: BC_DiscipleHall_T3
UnityEngine.Debug:ExtractStackTraceNoAlloc (byte*,int,string)
UnityEngine.StackTraceUtility:ExtractStackTrace ()
UnityEngine.DebugLogHandler:Internal_Log (UnityEngine.LogType,UnityEngine.LogOption,string,UnityEngine.Object)
UnityEngine.DebugLogHandler:LogFormat (UnityEngine.LogType,UnityEngine.Object,string,object[])
UnityEngine.Logger:Log (UnityEngine.LogType,object)
UnityEngine.Debug:Log (object)
M5BuildingConfigCreator:CreateConfig (string,string,string,int[]) (at Assets/_Game/Editor/M5BuildingConfigCreator.cs:125)
M5BuildingConfigCreator:CreateAll () (at Assets/_Game/Editor/M5BuildingConfigCreator.cs:19)

(Filename: Assets/_Game/Editor/M5BuildingConfigCreator.cs Line: 125)

Start importing Assets/_Game/Data/Buildings/BC_ElderCouncil_T1.asset using Guid(535ad91224c012a4e8f3cb5bce432c12) (NativeFormatImporter) -> (Import Result ID: '80b5bacfbaa17eebe0c084c538b63f14') in 0.0011591 seconds [static dependencies only]. Details - ImportResultOutputID=9cc9dc38de78b718ae2547872316d303 DependenciesID=69e7f8d478af1df68e440876bfb15c21 StaticDependenciesID=21d258d17bb95a70c171a60340c7716d 
Asset Pipeline Refresh (id=a1cd4f726aeb5b54aac82399085cfe88): Total: 0.022 seconds - Initiated by StopAssetImportingV2(NoUpdateAssetOptions)
Created: BC_ElderCouncil_T1
UnityEngine.Debug:ExtractStackTraceNoAlloc (byte*,int,string)
UnityEngine.StackTraceUtility:ExtractStackTrace ()
UnityEngine.DebugLogHandler:Internal_Log (UnityEngine.LogType,UnityEngine.LogOption,string,UnityEngine.Object)
UnityEngine.DebugLogHandler:LogFormat (UnityEngine.LogType,UnityEngine.Object,string,object[])
UnityEngine.Logger:Log (UnityEngine.LogType,object)
UnityEngine.Debug:Log (object)
M5BuildingConfigCreator:CreateConfig (string,string,string,int[]) (at Assets/_Game/Editor/M5BuildingConfigCreator.cs:125)
M5BuildingConfigCreator:CreateAll () (at Assets/_Game/Editor/M5BuildingConfigCreator.cs:20)

(Filename: Assets/_Game/Editor/M5BuildingConfigCreator.cs Line: 125)

Start importing Assets/_Game/Data/Buildings/BC_ElderCouncil_T2.asset using Guid(7268554a39ba96841a2923784ed10c59) (NativeFormatImporter) -> (Import Result ID: '0306862dd49ec05e9d9f09bbc41e9192') in 0.0011865 seconds [static dependencies only]. Details - ImportResultOutputID=eb5729f1d4316f623bfb70bacb5e7718 DependenciesID=2ad69d9fde4005e516f5deaf94a39c7a StaticDependenciesID=77d221bb4081e6dc3bcd6d3b4fb9bb71 
Asset Pipeline Refresh (id=5710f52879d896d46a5b9c95fe08290f): Total: 0.020 seconds - Initiated by StopAssetImportingV2(NoUpdateAssetOptions)
Created: BC_ElderCouncil_T2
UnityEngine.Debug:ExtractStackTraceNoAlloc (byte*,int,string)
UnityEngine.StackTraceUtility:ExtractStackTrace ()
UnityEngine.DebugLogHandler:Internal_Log (UnityEngine.LogType,UnityEngine.LogOption,string,UnityEngine.Object)
UnityEngine.DebugLogHandler:LogFormat (UnityEngine.LogType,UnityEngine.Object,string,object[])
UnityEngine.Logger:Log (UnityEngine.LogType,object)
UnityEngine.Debug:Log (object)
M5BuildingConfigCreator:CreateConfig (string,string,string,int[]) (at Assets/_Game/Editor/M5BuildingConfigCreator.cs:125)
M5BuildingConfigCreator:CreateAll () (at Assets/_Game/Editor/M5BuildingConfigCreator.cs:20)

(Filename: Assets/_Game/Editor/M5BuildingConfigCreator.cs Line: 125)

Start importing Assets/_Game/Data/Buildings/BC_ElderCouncil_T3.asset using Guid(0c47b0f6649c243469175884ea305c4d) (NativeFormatImporter) -> (Import Result ID: 'c67e7e1da135c5bff69a348a0d60c0f4') in 0.0010649 seconds [static dependencies only]. Details - ImportResultOutputID=4c9d449860ac857b9da93c85115e83ab DependenciesID=b9c851490d325de7f6c266ef4286a321 StaticDependenciesID=6958946c8677405ed80c54ead5c4ec3b 
Asset Pipeline Refresh (id=268763c1369f08443909c3b31154f3c5): Total: 0.021 seconds - Initiated by StopAssetImportingV2(NoUpdateAssetOptions)
Created: BC_ElderCouncil_T3
UnityEngine.Debug:ExtractStackTraceNoAlloc (byte*,int,string)
UnityEngine.StackTraceUtility:ExtractStackTrace ()
UnityEngine.DebugLogHandler:Internal_Log (UnityEngine.LogType,UnityEngine.LogOption,string,UnityEngine.Object)
UnityEngine.DebugLogHandler:LogFormat (UnityEngine.LogType,UnityEngine.Object,string,object[])
UnityEngine.Logger:Log (UnityEngine.LogType,object)
UnityEngine.Debug:Log (object)
M5BuildingConfigCreator:CreateConfig (string,string,string,int[]) (at Assets/_Game/Editor/M5BuildingConfigCreator.cs:125)
M5BuildingConfigCreator:CreateAll () (at Assets/_Game/Editor/M5BuildingConfigCreator.cs:20)

(Filename: Assets/_Game/Editor/M5BuildingConfigCreator.cs Line: 125)

Start importing Assets/_Game/Data/Buildings/BC_ExternalAffairs_T1.asset using Guid(00fedc962cacaf54dad107c34ad3114c) (NativeFormatImporter) -> (Import Result ID: '24754097678c660caab3d7a95112a1f1') in 0.0011067 seconds [static dependencies only]. Details - ImportResultOutputID=18f9ca4980452d2d189ea73e0f4ac401 DependenciesID=e7f0f779656c87e0ffeac70dfffbeaa3 StaticDependenciesID=9d6064433406a845ed4d27e96cae215f 
Asset Pipeline Refresh (id=d6afa85d7e964aa499348ce3c2f0cbae): Total: 0.022 seconds - Initiated by StopAssetImportingV2(NoUpdateAssetOptions)
Created: BC_ExternalAffairs_T1
UnityEngine.Debug:ExtractStackTraceNoAlloc (byte*,int,string)
UnityEngine.StackTraceUtility:ExtractStackTrace ()
UnityEngine.DebugLogHandler:Internal_Log (UnityEngine.LogType,UnityEngine.LogOption,string,UnityEngine.Object)
UnityEngine.DebugLogHandler:LogFormat (UnityEngine.LogType,UnityEngine.Object,string,object[])
UnityEngine.Logger:Log (UnityEngine.LogType,object)
UnityEngine.Debug:Log (object)
M5BuildingConfigCreator:CreateConfig (string,string,string,int[]) (at Assets/_Game/Editor/M5BuildingConfigCreator.cs:125)
M5BuildingConfigCreator:CreateAll () (at Assets/_Game/Editor/M5BuildingConfigCreator.cs:21)

(Filename: Assets/_Game/Editor/M5BuildingConfigCreator.cs Line: 125)

Start importing Assets/_Game/Data/Buildings/BC_ExternalAffairs_T2.asset using Guid(91ac7603554a3bb45901846adcac9d45) (NativeFormatImporter) -> (Import Result ID: 'a67af534b13082aad60c05696df71560') in 0.0012271 seconds [static dependencies only]. Details - ImportResultOutputID=998a2fc0e3cd6493d4b9147a4762afc3 DependenciesID=bb8a32bd998e433380ca27c17e58a2fd StaticDependenciesID=08ceb80f4784695347bb7247af4f12f5 
Asset Pipeline Refresh (id=9f62b3d13eec6e24a99954cf5ae10166): Total: 0.021 seconds - Initiated by StopAssetImportingV2(NoUpdateAssetOptions)
Created: BC_ExternalAffairs_T2
UnityEngine.Debug:ExtractStackTraceNoAlloc (byte*,int,string)
UnityEngine.StackTraceUtility:ExtractStackTrace ()
UnityEngine.DebugLogHandler:Internal_Log (UnityEngine.LogType,UnityEngine.LogOption,string,UnityEngine.Object)
UnityEngine.DebugLogHandler:LogFormat (UnityEngine.LogType,UnityEngine.Object,string,object[])
UnityEngine.Logger:Log (UnityEngine.LogType,object)
UnityEngine.Debug:Log (object)
M5BuildingConfigCreator:CreateConfig (string,string,string,int[]) (at Assets/_Game/Editor/M5BuildingConfigCreator.cs:125)
M5BuildingConfigCreator:CreateAll () (at Assets/_Game/Editor/M5BuildingConfigCreator.cs:21)

(Filename: Assets/_Game/Editor/M5BuildingConfigCreator.cs Line: 125)

Start importing Assets/_Game/Data/Buildings/BC_ExternalAffairs_T3.asset using Guid(93c1309f10d97a744b9819ada1086717) (NativeFormatImporter) -> (Import Result ID: 'b1758efd620169ce503a5cd19056244f') in 0.0011099 seconds [static dependencies only]. Details - ImportResultOutputID=eda3928ed7f53a302d9b612506345e24 DependenciesID=3e50fbc6bbdcd57bb1a29920ea628a43 StaticDependenciesID=8a0098aa456e828ee4a8d4b1ea30983b 
Asset Pipeline Refresh (id=bd1f5950dfbcf534493d63ef37b35b96): Total: 0.021 seconds - Initiated by StopAssetImportingV2(NoUpdateAssetOptions)
Created: BC_ExternalAffairs_T3
UnityEngine.Debug:ExtractStackTraceNoAlloc (byte*,int,string)
UnityEngine.StackTraceUtility:ExtractStackTrace ()
UnityEngine.DebugLogHandler:Internal_Log (UnityEngine.LogType,UnityEngine.LogOption,string,UnityEngine.Object)
UnityEngine.DebugLogHandler:LogFormat (UnityEngine.LogType,UnityEngine.Object,string,object[])
UnityEngine.Logger:Log (UnityEngine.LogType,object)
UnityEngine.Debug:Log (object)
M5BuildingConfigCreator:CreateConfig (string,string,string,int[]) (at Assets/_Game/Editor/M5BuildingConfigCreator.cs:125)
M5BuildingConfigCreator:CreateAll () (at Assets/_Game/Editor/M5BuildingConfigCreator.cs:21)

(Filename: Assets/_Game/Editor/M5BuildingConfigCreator.cs Line: 125)

Start importing Assets/_Game/Data/Buildings/BC_MarketPavilion_T1.asset using Guid(13ba41c4b63b6424fba07fcdedb8496e) (NativeFormatImporter) -> (Import Result ID: '66e9533b39c8fd055c293d5c653f0805') in 0.0011174 seconds [static dependencies only]. Details - ImportResultOutputID=c8eadd51219ccce6d616ba39e73cd431 DependenciesID=5cf5f14d65634b912010e6a9d71eba46 StaticDependenciesID=91a9a719045c0ae9527fbdcf0581068f 
Asset Pipeline Refresh (id=ae78660803a606045ba6f25d1589525c): Total: 0.022 seconds - Initiated by StopAssetImportingV2(NoUpdateAssetOptions)
Created: BC_MarketPavilion_T1
UnityEngine.Debug:ExtractStackTraceNoAlloc (byte*,int,string)
UnityEngine.StackTraceUtility:ExtractStackTrace ()
UnityEngine.DebugLogHandler:Internal_Log (UnityEngine.LogType,UnityEngine.LogOption,string,UnityEngine.Object)
UnityEngine.DebugLogHandler:LogFormat (UnityEngine.LogType,UnityEngine.Object,string,object[])
UnityEngine.Logger:Log (UnityEngine.LogType,object)
UnityEngine.Debug:Log (object)
M5BuildingConfigCreator:CreateConfig (string,string,string,int[]) (at Assets/_Game/Editor/M5BuildingConfigCreator.cs:125)
M5BuildingConfigCreator:CreateAll () (at Assets/_Game/Editor/M5BuildingConfigCreator.cs:22)

(Filename: Assets/_Game/Editor/M5BuildingConfigCreator.cs Line: 125)

Start importing Assets/_Game/Data/Buildings/BC_MarketPavilion_T2.asset using Guid(44bcb0f980d9d714d96588152e6837f5) (NativeFormatImporter) -> (Import Result ID: '957361a4c23efb917e4a0a4e22e43e1c') in 0.0011546 seconds [static dependencies only]. Details - ImportResultOutputID=669d62aa1d273640c58da88be9c9161a DependenciesID=06947c729b7d47c617fd161067c6ea00 StaticDependenciesID=fbb462d4bbadde723ba09b2076ce537d 
Asset Pipeline Refresh (id=b655e1b95d9db0748878cf6a2c8e705f): Total: 0.021 seconds - Initiated by StopAssetImportingV2(NoUpdateAssetOptions)
Created: BC_MarketPavilion_T2
UnityEngine.Debug:ExtractStackTraceNoAlloc (byte*,int,string)
UnityEngine.StackTraceUtility:ExtractStackTrace ()
UnityEngine.DebugLogHandler:Internal_Log (UnityEngine.LogType,UnityEngine.LogOption,string,UnityEngine.Object)
UnityEngine.DebugLogHandler:LogFormat (UnityEngine.LogType,UnityEngine.Object,string,object[])
UnityEngine.Logger:Log (UnityEngine.LogType,object)
UnityEngine.Debug:Log (object)
M5BuildingConfigCreator:CreateConfig (string,string,string,int[]) (at Assets/_Game/Editor/M5BuildingConfigCreator.cs:125)
M5BuildingConfigCreator:CreateAll () (at Assets/_Game/Editor/M5BuildingConfigCreator.cs:22)

(Filename: Assets/_Game/Editor/M5BuildingConfigCreator.cs Line: 125)

Start importing Assets/_Game/Data/Buildings/BC_MarketPavilion_T3.asset using Guid(9464feb6ae8fb9844b1129c28a76a65b) (NativeFormatImporter) -> (Import Result ID: 'f25c31b9b3c84e203add8e05df3faee6') in 0.0012796 seconds [static dependencies only]. Details - ImportResultOutputID=0a0773cf4acbe66cbc67c3a21c6d0856 DependenciesID=18fcd59db99f8fe7971a1713e07ea191 StaticDependenciesID=2afbb4841da2bb7423541dd0a037fdab 
Asset Pipeline Refresh (id=8e97f4e201f16a14a990e393f07bfa54): Total: 0.022 seconds - Initiated by StopAssetImportingV2(NoUpdateAssetOptions)
Created: BC_MarketPavilion_T3
UnityEngine.Debug:ExtractStackTraceNoAlloc (byte*,int,string)
UnityEngine.StackTraceUtility:ExtractStackTrace ()
UnityEngine.DebugLogHandler:Internal_Log (UnityEngine.LogType,UnityEngine.LogOption,string,UnityEngine.Object)
UnityEngine.DebugLogHandler:LogFormat (UnityEngine.LogType,UnityEngine.Object,string,object[])
UnityEngine.Logger:Log (UnityEngine.LogType,object)
UnityEngine.Debug:Log (object)
M5BuildingConfigCreator:CreateConfig (string,string,string,int[]) (at Assets/_Game/Editor/M5BuildingConfigCreator.cs:125)
M5BuildingConfigCreator:CreateAll () (at Assets/_Game/Editor/M5BuildingConfigCreator.cs:22)

(Filename: Assets/_Game/Editor/M5BuildingConfigCreator.cs Line: 125)

Start importing Assets/_Game/Data/Buildings/BC_BranchSect_T1.asset using Guid(e72cf7cc05d4f8f43a3e9d2fde5dad7a) (NativeFormatImporter) -> (Import Result ID: '6ab022a2ef85d91fb1d19081afdc06cb') in 0.0011408 seconds [static dependencies only]. Details - ImportResultOutputID=456baa024c2a4d33a20f07593b090e5c DependenciesID=934362f3975ac465f0986091932c2f07 StaticDependenciesID=1f19c84943f4980bc4cb3534d7a16757 
Asset Pipeline Refresh (id=a1fb823b60699cd4b98ddcbb9a73ef17): Total: 0.021 seconds - Initiated by StopAssetImportingV2(NoUpdateAssetOptions)
Created: BC_BranchSect_T1
UnityEngine.Debug:ExtractStackTraceNoAlloc (byte*,int,string)
UnityEngine.StackTraceUtility:ExtractStackTrace ()
UnityEngine.DebugLogHandler:Internal_Log (UnityEngine.LogType,UnityEngine.LogOption,string,UnityEngine.Object)
UnityEngine.DebugLogHandler:LogFormat (UnityEngine.LogType,UnityEngine.Object,string,object[])
UnityEngine.Logger:Log (UnityEngine.LogType,object)
UnityEngine.Debug:Log (object)
M5BuildingConfigCreator:CreateConfig (string,string,string,int[]) (at Assets/_Game/Editor/M5BuildingConfigCreator.cs:125)
M5BuildingConfigCreator:CreateAll () (at Assets/_Game/Editor/M5BuildingConfigCreator.cs:23)

(Filename: Assets/_Game/Editor/M5BuildingConfigCreator.cs Line: 125)

Start importing Assets/_Game/Data/Buildings/BC_BranchSect_T2.asset using Guid(625bff502a1e1c24ebcd4df9ec7cc753) (NativeFormatImporter) -> (Import Result ID: '85609101d05805fde0ca0d0a1f960275') in 0.0010932 seconds [static dependencies only]. Details - ImportResultOutputID=4544f2f0373ba5bedcb9ba51ecb39d99 DependenciesID=6376d9a2e50a720a11e48022ab51157e StaticDependenciesID=449e2d19fbffdd57ce60b144d612d40a 
Asset Pipeline Refresh (id=cb9a3d3dc53ad694bba67f0eb41f1768): Total: 0.022 seconds - Initiated by StopAssetImportingV2(NoUpdateAssetOptions)
Created: BC_BranchSect_T2
UnityEngine.Debug:ExtractStackTraceNoAlloc (byte*,int,string)
UnityEngine.StackTraceUtility:ExtractStackTrace ()
UnityEngine.DebugLogHandler:Internal_Log (UnityEngine.LogType,UnityEngine.LogOption,string,UnityEngine.Object)
UnityEngine.DebugLogHandler:LogFormat (UnityEngine.LogType,UnityEngine.Object,string,object[])
UnityEngine.Logger:Log (UnityEngine.LogType,object)
UnityEngine.Debug:Log (object)
M5BuildingConfigCreator:CreateConfig (string,string,string,int[]) (at Assets/_Game/Editor/M5BuildingConfigCreator.cs:125)
M5BuildingConfigCreator:CreateAll () (at Assets/_Game/Editor/M5BuildingConfigCreator.cs:23)

(Filename: Assets/_Game/Editor/M5BuildingConfigCreator.cs Line: 125)

Start importing Assets/_Game/Data/Buildings/BC_BranchSect_T3.asset using Guid(6eb77d64ecf7e0141b50c7ab160dabfd) (NativeFormatImporter) -> (Import Result ID: 'e08744fbe3c3c9307eac7db2ae825fd0') in 0.0015063 seconds [static dependencies only]. Details - ImportResultOutputID=2b9123540a1e348ad725771354ffd4e0 DependenciesID=db721a8ce92d7e17fd7595c747d42e7d StaticDependenciesID=c5f91e4cbe4962f9869ba788f0ab9acb 
Asset Pipeline Refresh (id=f2a672e40e1883242babad00a2fc812e): Total: 0.022 seconds - Initiated by StopAssetImportingV2(NoUpdateAssetOptions)
Created: BC_BranchSect_T3
UnityEngine.Debug:ExtractStackTraceNoAlloc (byte*,int,string)
UnityEngine.StackTraceUtility:ExtractStackTrace ()
UnityEngine.DebugLogHandler:Internal_Log (UnityEngine.LogType,UnityEngine.LogOption,string,UnityEngine.Object)
UnityEngine.DebugLogHandler:LogFormat (UnityEngine.LogType,UnityEngine.Object,string,object[])
UnityEngine.Logger:Log (UnityEngine.LogType,object)
UnityEngine.Debug:Log (object)
M5BuildingConfigCreator:CreateConfig (string,string,string,int[]) (at Assets/_Game/Editor/M5BuildingConfigCreator.cs:125)
M5BuildingConfigCreator:CreateAll () (at Assets/_Game/Editor/M5BuildingConfigCreator.cs:23)

(Filename: Assets/_Game/Editor/M5BuildingConfigCreator.cs Line: 125)

Start importing Assets/_Game/Data/Buildings/BC_DaoSanctum_T1.asset using Guid(2854f7ef534edaf41a0d42762b9bf500) (NativeFormatImporter) -> (Import Result ID: '83c0153ded6e00a91572dba4a4ebd779') in 0.0010834 seconds [static dependencies only]. Details - ImportResultOutputID=eb03be321a67a9caf630d1ece413b702 DependenciesID=447059123d81866164747f579c9fb941 StaticDependenciesID=804eb872334ae96ba2e2a49b0e74f33e 
Asset Pipeline Refresh (id=085693751488b0d4dbc621829f29755d): Total: 0.022 seconds - Initiated by StopAssetImportingV2(NoUpdateAssetOptions)
Created: BC_DaoSanctum_T1
UnityEngine.Debug:ExtractStackTraceNoAlloc (byte*,int,string)
UnityEngine.StackTraceUtility:ExtractStackTrace ()
UnityEngine.DebugLogHandler:Internal_Log (UnityEngine.LogType,UnityEngine.LogOption,string,UnityEngine.Object)
UnityEngine.DebugLogHandler:LogFormat (UnityEngine.LogType,UnityEngine.Object,string,object[])
UnityEngine.Logger:Log (UnityEngine.LogType,object)
UnityEngine.Debug:Log (object)
M5BuildingConfigCreator:CreateConfig (string,string,string,int[]) (at Assets/_Game/Editor/M5BuildingConfigCreator.cs:125)
M5BuildingConfigCreator:CreateAll () (at Assets/_Game/Editor/M5BuildingConfigCreator.cs:24)

(Filename: Assets/_Game/Editor/M5BuildingConfigCreator.cs Line: 125)

Start importing Assets/_Game/Data/Buildings/BC_DaoSanctum_T2.asset using Guid(2097db0253911fb43938d8c7da097fb9) (NativeFormatImporter) -> (Import Result ID: '1f6f4d54ed38cc2add8d7b75f1aaab6c') in 0.001161 seconds [static dependencies only]. Details - ImportResultOutputID=1de4b2045fd941d144b3568df097f1f3 DependenciesID=d01404fdaaf2ff0a2e678d9588733253 StaticDependenciesID=d24be15893d0bfcab6e9640d2036f07a 
Asset Pipeline Refresh (id=c879e5d069421944daa1d77abd666a2c): Total: 0.021 seconds - Initiated by StopAssetImportingV2(NoUpdateAssetOptions)
Created: BC_DaoSanctum_T2
UnityEngine.Debug:ExtractStackTraceNoAlloc (byte*,int,string)
UnityEngine.StackTraceUtility:ExtractStackTrace ()
UnityEngine.DebugLogHandler:Internal_Log (UnityEngine.LogType,UnityEngine.LogOption,string,UnityEngine.Object)
UnityEngine.DebugLogHandler:LogFormat (UnityEngine.LogType,UnityEngine.Object,string,object[])
UnityEngine.Logger:Log (UnityEngine.LogType,object)
UnityEngine.Debug:Log (object)
M5BuildingConfigCreator:CreateConfig (string,string,string,int[]) (at Assets/_Game/Editor/M5BuildingConfigCreator.cs:125)
M5BuildingConfigCreator:CreateAll () (at Assets/_Game/Editor/M5BuildingConfigCreator.cs:24)

(Filename: Assets/_Game/Editor/M5BuildingConfigCreator.cs Line: 125)

Start importing Assets/_Game/Data/Buildings/BC_DaoSanctum_T3.asset using Guid(584cda5841ca40a4e9772cf4da559578) (NativeFormatImporter) -> (Import Result ID: 'b903bc7471496b5e7deec04bd79979df') in 0.0011088 seconds [static dependencies only]. Details - ImportResultOutputID=4687c31f1396615311425990bf9a295e DependenciesID=02c2f41ceca993f09cd089c4e840998c StaticDependenciesID=d38878e04bffd048bfce9f95b33be44d 
Asset Pipeline Refresh (id=f096633a293ec0846aecf55229e1a055): Total: 0.023 seconds - Initiated by StopAssetImportingV2(NoUpdateAssetOptions)
Created: BC_DaoSanctum_T3
UnityEngine.Debug:ExtractStackTraceNoAlloc (byte*,int,string)
UnityEngine.StackTraceUtility:ExtractStackTrace ()
UnityEngine.DebugLogHandler:Internal_Log (UnityEngine.LogType,UnityEngine.LogOption,string,UnityEngine.Object)
UnityEngine.DebugLogHandler:LogFormat (UnityEngine.LogType,UnityEngine.Object,string,object[])
UnityEngine.Logger:Log (UnityEngine.LogType,object)
UnityEngine.Debug:Log (object)
M5BuildingConfigCreator:CreateConfig (string,string,string,int[]) (at Assets/_Game/Editor/M5BuildingConfigCreator.cs:125)
M5BuildingConfigCreator:CreateAll () (at Assets/_Game/Editor/M5BuildingConfigCreator.cs:24)

(Filename: Assets/_Game/Editor/M5BuildingConfigCreator.cs Line: 125)

Asset Pipeline Refresh (id=058604e806c070343a24ec7287fe292f): Total: 0.007 seconds - Initiated by RefreshV2(NoUpdateAssetOptions)
All BuildingConfigSO assets created!
UnityEngine.Debug:ExtractStackTraceNoAlloc (byte*,int,string)
UnityEngine.StackTraceUtility:ExtractStackTrace ()
UnityEngine.DebugLogHandler:Internal_Log (UnityEngine.LogType,UnityEngine.LogOption,string,UnityEngine.Object)
UnityEngine.DebugLogHandler:LogFormat (UnityEngine.LogType,UnityEngine.Object,string,object[])
UnityEngine.Logger:Log (UnityEngine.LogType,object)
UnityEngine.Debug:Log (object)
M5BuildingConfigCreator:CreateAll () (at Assets/_Game/Editor/M5BuildingConfigCreator.cs:28)

(Filename: Assets/_Game/Editor/M5BuildingConfigCreator.cs Line: 28)

Batchmode quit successfully invoked - shutting down!
[Physics::Module] Cleanup current backend.
[Physics::Module] Id: 0xf2b8ea05
Input System module state changed to: ShutdownInProgress.
Input Polling Thread exited.
Input System module state changed to: Shutdown.
[Licensing::IpcConnector] LicenseClient-joshe-6000.4.1-notifications channel disconnected successfully.
[Licensing::IpcConnector] LicenseClient-joshe-6000.4.1 channel disconnected successfully.
AcceleratorClientConnectionCallback - disconnected - :0
Shut down.
Cleanup mono
CodeReloadManager destroyed
abort_threads: Failed aborting id: 000000000000DFEC, mono_thread_manage will ignore it

abort_threads: Failed aborting id: 000000000000DEB8, mono_thread_manage will ignore it

abort_threads: Failed aborting id: 000000000000DFEC, mono_thread_manage will ignore it

abort_threads: Failed aborting id: 000000000000DEB8, mono_thread_manage will ignore it

debugger-agent: Unable to listen on 4120
Exiting batchmode successfully now!
Exiting without the bug reporter. Application will terminate with return code 0