[Licensing::Module] Trying to connect to existing licensing client channel...
[Licensing::IpcConnector] Successfully connected to: "LicenseClient-joshe" at "2026-05-14T23:40:36.0200597Z"
Built from '6000.4/staging' branch; Version is '6000.4.1f1 (8535861f39e1) revision 8729990'; Using compiler version '194234433'; Build Type 'Release'
OS: 'Windows 11  (10.0.26200) Core' Language: 'en' Physical Memory: 32527 MB
BatchMode: 1, IsHumanControllingUs: 0, StartBugReporterOnCrash: 0, Is64bit: 1
System  architecture: x64
Process architecture: x64
Date: 2026-05-14T23:40:36Z

COMMAND LINE ARGUMENTS:
C:\Program Files\Unity\Hub\Editor\6000.4.1f1\Editor\Unity.exe
-batchmode
-quit
-logFile
D:\Repo\tales-of-tao\UnityImport3.log
-projectPath
D:\Repo\tales-of-tao
-executeMethod
M5AssetImporter.ImportAll
Successfully changed project path to: D:\Repo\tales-of-tao
D:/Repo/tales-of-tao
[UnityMemory] Configuration Parameters - Can be set up in boot.config
    "memorysetup-temp-allocator-size-gi-baking-worker=262144"
    "memorysetup-temp-allocator-size-gi-baking-worker=262144"
    "memorysetup-temp-allocator-size-gi-baking-worker=262144"
    "memorysetup-temp-allocator-size-gi-baking-worker=262144"
    "memorysetup-temp-allocator-size-gi-baking-worker=262144"
    "memorysetup-temp-allocator-size-nav-mesh-worker=65536"
    "memorysetup-temp-allocator-size-audio-worker=65536"
    "memorysetup-temp-allocator-size-cloud-worker=32768"
    "memorysetup-temp-allocator-size-gfx=262144"
    "memorysetup-temp-allocator-size-preload-manager=33554432"
    "memorysetup-temp-allocator-size-job-worker=262144"
    "memorysetup-temp-allocator-size-background-worker=32768"
    "memorysetup-allocator-temp-initial-block-size-main=262144"
    "memorysetup-allocator-temp-initial-block-size-worker=262144"
    "memorysetup-bucket-allocator-granularity=16"
    "memorysetup-bucket-allocator-bucket-count=8"
    "memorysetup-bucket-allocator-block-size=33554432"
    "memorysetup-bucket-allocator-block-count=8"
    "memorysetup-main-allocator-block-size=16777216"
    "memorysetup-thread-allocator-block-size=16777216"
    "memorysetup-gfx-main-allocator-block-size=16777216"
    "memorysetup-gfx-thread-allocator-block-size=16777216"
    "memorysetup-cache-allocator-block-size=4194304"
    "memorysetup-typetree-allocator-block-size=2097152"
    "memorysetup-profiler-bucket-allocator-granularity=16"
    "memorysetup-profiler-bucket-allocator-bucket-count=8"
    "memorysetup-profiler-bucket-allocator-block-size=33554432"
    "memorysetup-profiler-bucket-allocator-block-count=8"
    "memorysetup-profiler-allocator-block-size=16777216"
    "memorysetup-profiler-editor-allocator-block-size=1048576"
    "memorysetup-temp-allocator-size-main=16777216"
    "memorysetup-job-temp-allocator-block-size=2097152"
    "memorysetup-job-temp-allocator-block-size-background=1048576"
    "memorysetup-job-temp-allocator-reduction-small-platforms=262144"
Player connection [52284]  Target information:

Player connection [52284]  * "[IP] 192.168.68.85 [Port] 55504 [Flags] 2 [Guid] 1813218475 [EditorId] 1813218475 [Version] 1048832 [Id] WindowsEditor(7,DoomTower) [Debug] 1 [PackageName] WindowsEditor [ProjectName] Editor" 

Player connection [52284]  * "[IP] 172.18.128.1 [Port] 55504 [Flags] 2 [Guid] 1813218475 [EditorId] 1813218475 [Version] 1048832 [Id] WindowsEditor(7,DoomTower) [Debug] 1 [PackageName] WindowsEditor [ProjectName] Editor" 

Player connection [52284] Host joined multi-casting on [225.0.0.222:54997]...
Player connection [52284] Host joined alternative multi-casting on [225.0.0.222:34997]...
Input System module state changed to: Initialized.
[Physics::Module] Initialized fallback backend.
[Physics::Module] Id: 0xdecafbad
[Package Manager] Connected to IPC stream "Upm-52940" after 0.3 seconds.
[Licensing::Module] Licensing is not yet initialized.
[Licensing::Client] Error: HandshakeResponse reported an error:
	ResponseCode: 505
	ResponseStatus: Unsupported protocol version '1.18.1'.
[Licensing::Module] Error: Failed to handshake to channel: "LicenseClient-joshe"
[Licensing::IpcConnector] LicenseClient-joshe channel disconnected successfully.
[Licensing::IpcConnector] Channel LicenseClient-joshe-6000.4.1 doesn't exist
[Licensing::Module] Successfully launched the LicensingClient (PId: 57224)
Starting IPC server.
Waiting for clients to connect on \\.\pipe\Unity-LicenseClient-joshe-6000.4.1, press Ctrl-C to exit.
[Licensing::IpcConnector] Successfully connected to: "LicenseClient-joshe-6000.4.1" at "2026-05-14T23:40:36.8779455Z"
[Licensing::Client] Handshaking with LicensingClient:
  Version:                 1.18.1+9fbee8e
  Session Id:              b5ce7473c4d64895b89fada7567aadf5
  Correlation Id:          fd5c1f07306a726bce6665514179107c
  External correlation Id: 7161294411054719888
  Machine Id:              whZuPfdiK3tvJhAEYSoDYVKmXrA=
[Licensing::Module] Successfully connected to LicensingClient on channel: "LicenseClient-joshe-6000.4.1" (connect: 0.16s, validation: 0.03s, handshake: 0.67s)
[Licensing::IpcConnector] Successfully connected to: "LicenseClient-joshe-6000.4.1-notifications" at "2026-05-14T23:40:37.5832632Z"
[Licensing::Module] Connected to LicensingClient (PId: 57224, launch time: 0.01, total connection time: 0.86s)
[Licensing::Module] Error: Access token is unavailable; failed to update
[Licensing::Client] Successfully resolved entitlement details
[Licensing::Module] License group:
  Id: 2475889166329-UnityPersXXXX
  Product: Unity Personal
  Type: Assigned
  Expiration: Unlimited
[Licensing::Client] Successfully updated license, isAsync: True, time: 0.01
[Licensing::Client] Successfully resolved entitlement details
[Licensing::Module] Licensing Background thread has ended after 1.58s
[Licensing::Module] Licensing is initialized (took 1.07s).
[Licensing::Client] Successfully resolved entitlement details
Library Redirect Path: Library/
Unable to parse file ProjectSettings/TagManager.asset: [Parser Failure at line 41: Expect ':' between key and value within mapping]
FMOD initialized on nosound output
[Physics::Module] Selected backend.
[Physics::Module] Name: PhysX
[Physics::Module] Id: 0xf2b8ea05
[Physics::Module] SDK Version: 4.1.2
[Physics::Module] Integration Version: 1.0.0
[Physics::Module] Threading Mode: Multi-Threaded
Artifact Garbage Collection - Removed 1 unused hashed content files
Initialize engine version: 6000.4.1f1 (8535861f39e1)
[Subsystems] Discovering subsystems at path C:/Program Files/Unity/Hub/Editor/6000.4.1f1/Editor/Data/Resources/UnitySubsystems
[Subsystems] Discovering subsystems at path D:/Repo/tales-of-tao/Assets
GfxDevice: creating device client; kGfxThreadingModeNonThreaded
Direct3D:
    Version:  Direct3D 11.0 [level 11.1]
    Renderer: NVIDIA GeForce RTX 4070 Ti SUPER (ID=0x2705)
    Vendor:   NVIDIA
    VRAM:     16063 MB
    Driver:   32.0.15.8180
Initialize mono
Mono path[0] = 'C:/Program Files/Unity/Hub/Editor/6000.4.1f1/Editor/Data/Managed'
Mono path[1] = 'C:/Program Files/Unity/Hub/Editor/6000.4.1f1/Editor/Data/MonoBleedingEdge/lib/mono/unityjit-win32'
Mono config path = 'C:/Program Files/Unity/Hub/Editor/6000.4.1f1/Editor/Data/MonoBleedingEdge/etc'
Using monoOptions --debugger-agent=transport=dt_socket,embedding=1,server=y,suspend=n,address=127.0.0.1:56940
CodeReloadManager initialized
Using cacheserver namespaces - metadata:defaultmetadata, artifacts:defaultartifacts
Using cacheserver namespaces - metadata:defaultmetadata, artifacts:defaultartifacts
ImportWorker Server TCP listen port: 0
AcceleratorClientConnectionCallback - disconnected - :0
Begin MonoManager ReloadAssembly
Registering precompiled unity dll's ...
Register platform support module: C:/Program Files/Unity/Hub/Editor/6000.4.1f1/Editor/Data/PlaybackEngines/WindowsStandaloneSupport/UnityEditor.WindowsStandalone.Extensions.dll
Registered in 0.000969 seconds.
Native extension for WindowsStandalone target not found
Package Manager log level set to [2]
ScheduleIndexationOnStartup MainProcess:False IndexOnStartup:True
Mono: successfully reloaded assembly
- Finished resetting the current domain, in  0.258 seconds
Domain Reload Profiling: 537ms
	BeginReloadAssembly (68ms)
		CreateAndSetChildDomain (9ms)
	RebuildCommonClasses (25ms)
	RebuildNativeTypeToScriptingClass (9ms)
	initialDomainReloadingComplete (40ms)
	LoadAllAssembliesAndSetupDomain (134ms)
		LoadAssemblies (58ms)
		AnalyzeDomain (128ms)
			TypeCache.Refresh (127ms)
				TypeCache.ScanAssembly (117ms)
	FinalizeReload (260ms)
		SetupLoadedEditorAssemblies (0ms)
			InitializePlatformSupportModulesInManaged (31ms)
			BeforeProcessingInitializeOnLoad (53ms)
			ProcessInitializeOnLoadAttributes (74ms)
			ProcessInitializeOnLoadMethodAttributes (58ms)
[Licensing::Client] Successfully resolved entitlement details
Application.AssetDatabase Initial Refresh Start
[Package Manager] Restoring resolved packages state from cache
[Licensing::Client] Successfully resolved entitlement details
[Package Manager] Registered 33 packages:
  Packages from [https://packages.unity.com]:
    com.unity.inputsystem@1.19.0 (location: D:\Repo\tales-of-tao\Library\PackageCache\com.unity.inputsystem@21a28c3a6c83)
    com.unity.searcher@4.9.4 (location: D:\Repo\tales-of-tao\Library\PackageCache\com.unity.searcher@d45a78918735)
    com.unity.burst@1.8.28 (location: D:\Repo\tales-of-tao\Library\PackageCache\com.unity.burst@07790c2d06d9)
    com.unity.mathematics@1.3.3 (location: D:\Repo\tales-of-tao\Library\PackageCache\com.unity.mathematics@19a9377c4ffa)
    com.unity.nuget.mono-cecil@1.11.6 (location: D:\Repo\tales-of-tao\Library\PackageCache\com.unity.nuget.mono-cecil@ecb9724e46ff)
    com.unity.test-framework.performance@3.2.0 (location: D:\Repo\tales-of-tao\Library\PackageCache\com.unity.test-framework.performance@0840f58e4562)
  Built-in packages:
    com.unity.render-pipelines.universal@17.4.0 (location: D:\Repo\tales-of-tao\Library\PackageCache\com.unity.render-pipelines.universal@580a03820d50)
    com.unity.test-framework@1.6.0 (location: D:\Repo\tales-of-tao\Library\PackageCache\com.unity.test-framework@76560ee600cb)
    com.unity.modules.adaptiveperformance@1.0.0 (location: D:\Repo\tales-of-tao\Library\PackageCache\com.unity.modules.adaptiveperformance)
    com.unity.modules.ai@1.0.0 (location: D:\Repo\tales-of-tao\Library\PackageCache\com.unity.modules.ai)
    com.unity.modules.animation@1.0.0 (location: D:\Repo\tales-of-tao\Library\PackageCache\com.unity.modules.animation)
    com.unity.modules.audio@1.0.0 (location: D:\Repo\tales-of-tao\Library\PackageCache\com.unity.modules.audio)
    com.unity.modules.jsonserialize@1.0.0 (location: D:\Repo\tales-of-tao\Library\PackageCache\com.unity.modules.jsonserialize)
    com.unity.modules.physics@1.0.0 (location: D:\Repo\tales-of-tao\Library\PackageCache\com.unity.modules.physics)
    com.unity.modules.screencapture@1.0.0 (location: D:\Repo\tales-of-tao\Library\PackageCache\com.unity.modules.screencapture)
    com.unity.modules.terrain@1.0.0 (location: D:\Repo\tales-of-tao\Library\PackageCache\com.unity.modules.terrain)
    com.unity.modules.tilemap@1.0.0 (location: D:\Repo\tales-of-tao\Library\PackageCache\com.unity.modules.tilemap)
    com.unity.modules.ui@1.0.0 (location: D:\Repo\tales-of-tao\Library\PackageCache\com.unity.modules.ui)
    com.unity.modules.unityanalytics@1.0.0 (location: D:\Repo\tales-of-tao\Library\PackageCache\com.unity.modules.unityanalytics)
    com.unity.modules.unitywebrequest@1.0.0 (location: D:\Repo\tales-of-tao\Library\PackageCache\com.unity.modules.unitywebrequest)
    com.unity.modules.vectorgraphics@1.0.0 (location: D:\Repo\tales-of-tao\Library\PackageCache\com.unity.modules.vectorgraphics)
    com.unity.modules.uielements@1.0.0 (location: D:\Repo\tales-of-tao\Library\PackageCache\com.unity.modules.uielements)
    com.unity.modules.imageconversion@1.0.0 (location: D:\Repo\tales-of-tao\Library\PackageCache\com.unity.modules.imageconversion)
    com.unity.modules.imgui@1.0.0 (location: D:\Repo\tales-of-tao\Library\PackageCache\com.unity.modules.imgui)
    com.unity.modules.physics2d@1.0.0 (location: D:\Repo\tales-of-tao\Library\PackageCache\com.unity.modules.physics2d)
    com.unity.modules.subsystems@1.0.0 (location: D:\Repo\tales-of-tao\Library\PackageCache\com.unity.modules.subsystems)
    com.unity.ext.nunit@2.0.5 (location: D:\Repo\tales-of-tao\Library\PackageCache\com.unity.ext.nunit@d8c07649098d)
    com.unity.render-pipelines.core@17.4.0 (location: D:\Repo\tales-of-tao\Library\PackageCache\com.unity.render-pipelines.core@e6c93b445dd3)
    com.unity.shadergraph@17.4.0 (location: D:\Repo\tales-of-tao\Library\PackageCache\com.unity.shadergraph@6ab0d236faac)
    com.unity.render-pipelines.universal-config@17.4.0 (location: D:\Repo\tales-of-tao\Library\PackageCache\com.unity.render-pipelines.universal-config@0db4263b9e6b)
    com.unity.modules.hierarchycore@1.0.0 (location: D:\Repo\tales-of-tao\Library\PackageCache\com.unity.modules.hierarchycore)
    com.unity.ugui@2.0.0 (location: D:\Repo\tales-of-tao\Library\PackageCache\com.unity.ugui@d8a2716f3013)
    com.unity.collections@6.4.0 (location: D:\Repo\tales-of-tao\Library\PackageCache\com.unity.collections@538ace9075bc)
[Subsystems] No new subsystems found in resolved package list.
[Package Manager] Done registering packages in 0.01 seconds
[ScriptCompilation] Requested script compilation because: AssetDatabase observed changes in script compilation related files
Assembly for Assembly Definition File 'Assets/_Game/Scripts/Research/TalesOfTao.Research.asmdef' will not be compiled, because it has no scripts associated with it.
UnityEngine.Debug:ExtractStackTraceNoAlloc (byte*,int,string)
UnityEngine.StackTraceUtility:ExtractStackTrace ()
UnityEngine.DebugLogHandler:Internal_Log (UnityEngine.LogType,UnityEngine.LogOption,string,UnityEngine.Object)
UnityEngine.DebugLogHandler:LogFormat (UnityEngine.LogType,UnityEngine.Object,string,object[])
UnityEngine.Logger:LogFormat (UnityEngine.LogType,string,object[])
UnityEngine.Debug:LogWarningFormat (string,object[])
UnityEditor.Scripting.ScriptCompilation.EditorCompilation:WarnIfThereAreAssembliesWithoutAnyScripts (UnityEditor.Scripting.ScriptCompilation.ScriptAssemblySettings,UnityEditor.Scripting.ScriptCompilation.ScriptAssembly[])
UnityEditor.Scripting.ScriptCompilation.EditorCompilation:CompileScriptsWithSettings (UnityEditor.Scripting.ScriptCompilation.ScriptAssemblySettings)
UnityEditor.Scripting.ScriptCompilation.EditorCompilation:CompileScripts (UnityEditor.Scripting.ScriptCompilation.EditorScriptCompilationOptions,UnityEditor.BuildTarget,int,string[])
UnityEditor.Scripting.ScriptCompilation.EditorCompilationInterface/<>c__DisplayClass21_0:<CompileScripts>b__0 ()
UnityEditor.Scripting.ScriptCompilation.EditorCompilationInterface:EmitExceptionAsError<UnityEditor.Scripting.ScriptCompilation.EditorCompilation/CompileStatus> (System.Func`1<UnityEditor.Scripting.ScriptCompilation.EditorCompilation/CompileStatus>,UnityEditor.Scripting.ScriptCompilation.EditorCompilation/CompileStatus)
UnityEditor.Scripting.ScriptCompilation.EditorCompilationInterface:CompileScripts (UnityEditor.Scripting.ScriptCompilation.EditorScriptCompilationOptions,UnityEditor.BuildTarget,int,string[])

Assembly for Assembly Definition File 'Assets/_Game/Scripts/AI/TalesOfTao.AI.asmdef' will not be compiled, because it has no scripts associated with it.
UnityEngine.Debug:ExtractStackTraceNoAlloc (byte*,int,string)
UnityEngine.StackTraceUtility:ExtractStackTrace ()
UnityEngine.DebugLogHandler:Internal_Log (UnityEngine.LogType,UnityEngine.LogOption,string,UnityEngine.Object)
UnityEngine.DebugLogHandler:LogFormat (UnityEngine.LogType,UnityEngine.Object,string,object[])
UnityEngine.Logger:LogFormat (UnityEngine.LogType,string,object[])
UnityEngine.Debug:LogWarningFormat (string,object[])
UnityEditor.Scripting.ScriptCompilation.EditorCompilation:WarnIfThereAreAssembliesWithoutAnyScripts (UnityEditor.Scripting.ScriptCompilation.ScriptAssemblySettings,UnityEditor.Scripting.ScriptCompilation.ScriptAssembly[])
UnityEditor.Scripting.ScriptCompilation.EditorCompilation:CompileScriptsWithSettings (UnityEditor.Scripting.ScriptCompilation.ScriptAssemblySettings)
UnityEditor.Scripting.ScriptCompilation.EditorCompilation:CompileScripts (UnityEditor.Scripting.ScriptCompilation.EditorScriptCompilationOptions,UnityEditor.BuildTarget,int,string[])
UnityEditor.Scripting.ScriptCompilation.EditorCompilationInterface/<>c__DisplayClass21_0:<CompileScripts>b__0 ()
UnityEditor.Scripting.ScriptCompilation.EditorCompilationInterface:EmitExceptionAsError<UnityEditor.Scripting.ScriptCompilation.EditorCompilation/CompileStatus> (System.Func`1<UnityEditor.Scripting.ScriptCompilation.EditorCompilation/CompileStatus>,UnityEditor.Scripting.ScriptCompilation.EditorCompilation/CompileStatus)
UnityEditor.Scripting.ScriptCompilation.EditorCompilationInterface:CompileScripts (UnityEditor.Scripting.ScriptCompilation.EditorScriptCompilationOptions,UnityEditor.BuildTarget,int,string[])

Assembly for Assembly Definition File 'Assets/_Game/Scripts/SaveLoad/TalesOfTao.SaveLoad.asmdef' will not be compiled, because it has no scripts associated with it.
UnityEngine.Debug:ExtractStackTraceNoAlloc (byte*,int,string)
UnityEngine.StackTraceUtility:ExtractStackTrace ()
UnityEngine.DebugLogHandler:Internal_Log (UnityEngine.LogType,UnityEngine.LogOption,string,UnityEngine.Object)
UnityEngine.DebugLogHandler:LogFormat (UnityEngine.LogType,UnityEngine.Object,string,object[])
UnityEngine.Logger:LogFormat (UnityEngine.LogType,string,object[])
UnityEngine.Debug:LogWarningFormat (string,object[])
UnityEditor.Scripting.ScriptCompilation.EditorCompilation:WarnIfThereAreAssembliesWithoutAnyScripts (UnityEditor.Scripting.ScriptCompilation.ScriptAssemblySettings,UnityEditor.Scripting.ScriptCompilation.ScriptAssembly[])
UnityEditor.Scripting.ScriptCompilation.EditorCompilation:CompileScriptsWithSettings (UnityEditor.Scripting.ScriptCompilation.ScriptAssemblySettings)
UnityEditor.Scripting.ScriptCompilation.EditorCompilation:CompileScripts (UnityEditor.Scripting.ScriptCompilation.EditorScriptCompilationOptions,UnityEditor.BuildTarget,int,string[])
UnityEditor.Scripting.ScriptCompilation.EditorCompilationInterface/<>c__DisplayClass21_0:<CompileScripts>b__0 ()
UnityEditor.Scripting.ScriptCompilation.EditorCompilationInterface:EmitExceptionAsError<UnityEditor.Scripting.ScriptCompilation.EditorCompilation/CompileStatus> (System.Func`1<UnityEditor.Scripting.ScriptCompilation.EditorCompilation/CompileStatus>,UnityEditor.Scripting.ScriptCompilation.EditorCompilation/CompileStatus)
UnityEditor.Scripting.ScriptCompilation.EditorCompilationInterface:CompileScripts (UnityEditor.Scripting.ScriptCompilation.EditorScriptCompilationOptions,UnityEditor.BuildTarget,int,string[])

Assembly for Assembly Definition File 'Assets/_Game/Scripts/Combat/TalesOfTao.Combat.asmdef' will not be compiled, because it has no scripts associated with it.
UnityEngine.Debug:ExtractStackTraceNoAlloc (byte*,int,string)
UnityEngine.StackTraceUtility:ExtractStackTrace ()
UnityEngine.DebugLogHandler:Internal_Log (UnityEngine.LogType,UnityEngine.LogOption,string,UnityEngine.Object)
UnityEngine.DebugLogHandler:LogFormat (UnityEngine.LogType,UnityEngine.Object,string,object[])
UnityEngine.Logger:LogFormat (UnityEngine.LogType,string,object[])
UnityEngine.Debug:LogWarningFormat (string,object[])
UnityEditor.Scripting.ScriptCompilation.EditorCompilation:WarnIfThereAreAssembliesWithoutAnyScripts (UnityEditor.Scripting.ScriptCompilation.ScriptAssemblySettings,UnityEditor.Scripting.ScriptCompilation.ScriptAssembly[])
UnityEditor.Scripting.ScriptCompilation.EditorCompilation:CompileScriptsWithSettings (UnityEditor.Scripting.ScriptCompilation.ScriptAssemblySettings)
UnityEditor.Scripting.ScriptCompilation.EditorCompilation:CompileScripts (UnityEditor.Scripting.ScriptCompilation.EditorScriptCompilationOptions,UnityEditor.BuildTarget,int,string[])
UnityEditor.Scripting.ScriptCompilation.EditorCompilationInterface/<>c__DisplayClass21_0:<CompileScripts>b__0 ()
UnityEditor.Scripting.ScriptCompilation.EditorCompilationInterface:EmitExceptionAsError<UnityEditor.Scripting.ScriptCompilation.EditorCompilation/CompileStatus> (System.Func`1<UnityEditor.Scripting.ScriptCompilation.EditorCompilation/CompileStatus>,UnityEditor.Scripting.ScriptCompilation.EditorCompilation/CompileStatus)
UnityEditor.Scripting.ScriptCompilation.EditorCompilationInterface:CompileScripts (UnityEditor.Scripting.ScriptCompilation.EditorScriptCompilationOptions,UnityEditor.BuildTarget,int,string[])

Assembly for Assembly Definition File 'Assets/_Game/Scripts/Diplomacy/TalesOfTao.Diplomacy.asmdef' will not be compiled, because it has no scripts associated with it.
UnityEngine.Debug:ExtractStackTraceNoAlloc (byte*,int,string)
UnityEngine.StackTraceUtility:ExtractStackTrace ()
UnityEngine.DebugLogHandler:Internal_Log (UnityEngine.LogType,UnityEngine.LogOption,string,UnityEngine.Object)
UnityEngine.DebugLogHandler:LogFormat (UnityEngine.LogType,UnityEngine.Object,string,object[])
UnityEngine.Logger:LogFormat (UnityEngine.LogType,string,object[])
UnityEngine.Debug:LogWarningFormat (string,object[])
UnityEditor.Scripting.ScriptCompilation.EditorCompilation:WarnIfThereAreAssembliesWithoutAnyScripts (UnityEditor.Scripting.ScriptCompilation.ScriptAssemblySettings,UnityEditor.Scripting.ScriptCompilation.ScriptAssembly[])
UnityEditor.Scripting.ScriptCompilation.EditorCompilation:CompileScriptsWithSettings (UnityEditor.Scripting.ScriptCompilation.ScriptAssemblySettings)
UnityEditor.Scripting.ScriptCompilation.EditorCompilation:CompileScripts (UnityEditor.Scripting.ScriptCompilation.EditorScriptCompilationOptions,UnityEditor.BuildTarget,int,string[])
UnityEditor.Scripting.ScriptCompilation.EditorCompilationInterface/<>c__DisplayClass21_0:<CompileScripts>b__0 ()
UnityEditor.Scripting.ScriptCompilation.EditorCompilationInterface:EmitExceptionAsError<UnityEditor.Scripting.ScriptCompilation.EditorCompilation/CompileStatus> (System.Func`1<UnityEditor.Scripting.ScriptCompilation.EditorCompilation/CompileStatus>,UnityEditor.Scripting.ScriptCompilation.EditorCompilation/CompileStatus)
UnityEditor.Scripting.ScriptCompilation.EditorCompilationInterface:CompileScripts (UnityEditor.Scripting.ScriptCompilation.EditorScriptCompilationOptions,UnityEditor.BuildTarget,int,string[])

info: Microsoft.Hosting.Lifetime[14]
      Now listening on: http://localhost:80
info: Microsoft.Hosting.Lifetime[0]
      Application started. Press Ctrl+C to shut down.
info: Microsoft.Hosting.Lifetime[0]
      Hosting environment: Production
info: Microsoft.Hosting.Lifetime[0]
      Content root path: D:\Repo\tales-of-tao
info: Microsoft.AspNetCore.Hosting.Diagnostics[1]
      Request starting HTTP/2 POST http://ilpp/UnityILPP.PostProcessing/Ping - application/grpc -
info: Microsoft.AspNetCore.Routing.EndpointMiddleware[0]
      Executing endpoint 'gRPC - /UnityILPP.PostProcessing/Ping'
info: Microsoft.AspNetCore.Routing.EndpointMiddleware[1]
      Executed endpoint 'gRPC - /UnityILPP.PostProcessing/Ping'
info: Microsoft.AspNetCore.Hosting.Diagnostics[2]
      Request finished HTTP/2 POST http://ilpp/UnityILPP.PostProcessing/Ping - 200 - application/grpc 19.1592ms
Starting: C:\Program Files\Unity\Hub\Editor\6000.4.1f1\Editor\Data\Tools\BuildPipeline\bee_backend.exe --ipc --defer-dag-verification --dagfile="Library/Bee/1900b0aE.dag" --continue-on-failure --profile="Library/Bee/backend1.traceevents" ScriptAssemblies
WorkingDir: D:/Repo/tales-of-tao
DisplayProgressbar: Compiling Scripts
info: Microsoft.AspNetCore.Hosting.Diagnostics[1]
      Request starting HTTP/2 POST http://ilpp/UnityILPP.PostProcessing/ConfigurePostProcessors - application/grpc -
info: Microsoft.AspNetCore.Routing.EndpointMiddleware[0]
      Executing endpoint 'gRPC - /UnityILPP.PostProcessing/ConfigurePostProcessors'
warn: Unity.ILPP.Runner.PostProcessingAssemblyLoadContext[0]
      Assembly system.runtime.interopservices.windowsruntime has duplicate hint path. Ignoring "C:\Program Files\Unity\Hub\Editor\6000.4.1f1\Editor\Data\UnityReferenceAssemblies\unity-4.8-api\Facades\System.Runtime.InteropServices.WindowsRuntime.dll" in favor of "C:\Program Files\Unity\Hub\Editor\6000.4.1f1\Editor\Data\NetStandard\Extensions\2.0.0\System.Runtime.InteropServices.WindowsRuntime.dll"
warn: Unity.ILPP.Runner.PostProcessingAssemblyLoadContext[0]
      Assembly system.componentmodel.composition has duplicate hint path. Ignoring "C:\Program Files\Unity\Hub\Editor\6000.4.1f1\Editor\Data\UnityReferenceAssemblies\unity-4.8-api\System.ComponentModel.Composition.dll" in favor of "C:\Program Files\Unity\Hub\Editor\6000.4.1f1\Editor\Data\NetStandard\compat\2.1.0\shims\netfx\System.ComponentModel.Composition.dll"
info: Unity.ILPP.Runner.PostProcessingAssemblyLoadContext[0]
      Resolved Unity.Burst.Cecil, Version=0.11.4.0, Culture=neutral, PublicKeyToken=50cebf1cceb9d05e with Library\PackageCache\com.unity.burst@07790c2d06d9\Unity.Burst.CodeGen\Unity.Burst.Cecil.dll
info: Unity.ILPP.Runner.PostProcessingAssemblyLoadContext[0]
      Resolved Mono.Cecil, Version=0.11.5.0, Culture=neutral, PublicKeyToken=50cebf1cceb9d05e with Library\PackageCache\com.unity.nuget.mono-cecil@ecb9724e46ff\Mono.Cecil.dll
info: Microsoft.AspNetCore.Routing.EndpointMiddleware[1]
      Executed endpoint 'gRPC - /UnityILPP.PostProcessing/ConfigurePostProcessors'
info: Microsoft.AspNetCore.Hosting.Diagnostics[2]
      Request finished HTTP/2 POST http://ilpp/UnityILPP.PostProcessing/ConfigurePostProcessors - 200 - application/grpc 44.6287ms
info: Microsoft.AspNetCore.Hosting.Diagnostics[1]
      Request starting HTTP/2 POST http://ilpp/UnityILPP.PostProcessing/PostProcessAssembly - application/grpc -
info: Microsoft.AspNetCore.Routing.EndpointMiddleware[0]
      Executing endpoint 'gRPC - /UnityILPP.PostProcessing/PostProcessAssembly'
info: Unity.ILPP.Runner.PostProcessingPipeline[0]
      Processing assembly Library/Bee/artifacts/1900b0aE.dag/TalesOfTao.Editor.dll, with 137 defines and 283 references
info: Unity.ILPP.Runner.PostProcessingPipeline[0]
      processors: Unity.Jobs.CodeGen.JobsILPostProcessor, zzzUnity.Burst.CodeGen.BurstILPostProcessor
info: Unity.ILPP.Runner.PostProcessingPipeline[0]
      running Unity.Jobs.CodeGen.JobsILPostProcessor
info: Unity.ILPP.Runner.PostProcessingPipeline[0]
      running zzzUnity.Burst.CodeGen.BurstILPostProcessor
info: Microsoft.AspNetCore.Routing.EndpointMiddleware[1]
      Executed endpoint 'gRPC - /UnityILPP.PostProcessing/PostProcessAssembly'
info: Microsoft.AspNetCore.Hosting.Diagnostics[2]
      Request finished HTTP/2 POST http://ilpp/UnityILPP.PostProcessing/PostProcessAssembly - 200 - application/grpc 10.2324ms
ExitCode: 0 Duration: 0s477ms
[562/714    0s] Csc Library/Bee/artifacts/1900b0aE.dag/TalesOfTao.Editor.dll (+2 others)
[563/714    0s] ILPP-Configuration Library/ilpp-configuration.nevergeneratedoutput
[711/714    0s] ILPostProcess Library/Bee/artifacts/1900b0aE.dag/post-processed/TalesOfTao.Editor.dll (+pdb)
Processing assembly Library/Bee/artifacts/1900b0aE.dag/TalesOfTao.Editor.dll, with 137 defines and 283 references

processors: Unity.Jobs.CodeGen.JobsILPostProcessor, zzzUnity.Burst.CodeGen.BurstILPostProcessor

running Unity.Jobs.CodeGen.JobsILPostProcessor

running zzzUnity.Burst.CodeGen.BurstILPostProcessor
[712/714    0s] CopyFiles Library/ScriptAssemblies/TalesOfTao.Editor.pdb
[713/714    0s] CopyFiles Library/ScriptAssemblies/TalesOfTao.Editor.dll
*** Tundra build success (0.45 seconds), 5 items updated, 714 evaluated
AssetDatabase: script compilation time: 0.742270s
Begin MonoManager ReloadAssembly
Assembly Assembly-CSharp-Editor-firstpass.dll at Library/ScriptAssemblies/Assembly-CSharp-Editor-firstpass.dll not valid. Loading of assembly skipped.
Assembly Assembly-CSharp-Editor.dll at Library/ScriptAssemblies/Assembly-CSharp-Editor.dll not valid. Loading of assembly skipped.
Assembly Assembly-CSharp-firstpass.dll at Library/ScriptAssemblies/Assembly-CSharp-firstpass.dll not valid. Loading of assembly skipped.
Assembly Assembly-CSharp.dll at Library/ScriptAssemblies/Assembly-CSharp.dll not valid. Loading of assembly skipped.
Assembly TalesOfTao.AI.dll at Library/ScriptAssemblies/TalesOfTao.AI.dll not valid. Loading of assembly skipped.
Assembly TalesOfTao.Combat.dll at Library/ScriptAssemblies/TalesOfTao.Combat.dll not valid. Loading of assembly skipped.
Assembly TalesOfTao.Diplomacy.dll at Library/ScriptAssemblies/TalesOfTao.Diplomacy.dll not valid. Loading of assembly skipped.
Assembly TalesOfTao.Research.dll at Library/ScriptAssemblies/TalesOfTao.Research.dll not valid. Loading of assembly skipped.
Assembly TalesOfTao.SaveLoad.dll at Library/ScriptAssemblies/TalesOfTao.SaveLoad.dll not valid. Loading of assembly skipped.
Assembly TestNewCustomAssembly.dll at Library/ScriptAssemblies/TestNewCustomAssembly.dll not valid. Loading of assembly skipped.
Assembly Unity.Collections.BurstCompatibilityGen.dll at Library/ScriptAssemblies/Unity.Collections.BurstCompatibilityGen.dll not valid. Loading of assembly skipped.
Assembly Unity.Collections.DocCodeSamples.dll at Library/ScriptAssemblies/Unity.Collections.DocCodeSamples.dll not valid. Loading of assembly skipped.
Assembly Unity.Collections.PerformanceTests.dll at Library/ScriptAssemblies/Unity.Collections.PerformanceTests.dll not valid. Loading of assembly skipped.
Assembly Unity.Collections.Tests.dll at Library/ScriptAssemblies/Unity.Collections.Tests.dll not valid. Loading of assembly skipped.
Assembly Unity.Collections.Tests.Playmode.dll at Library/ScriptAssemblies/Unity.Collections.Tests.Playmode.dll not valid. Loading of assembly skipped.
Assembly Unity.InputSystem.IntegrationTests.dll at Library/ScriptAssemblies/Unity.InputSystem.IntegrationTests.dll not valid. Loading of assembly skipped.
Assembly Unity.Mathematics.Tests.dll at Library/ScriptAssemblies/Unity.Mathematics.Tests.dll not valid. Loading of assembly skipped.
Assembly Unity.Nuget.Mono-Cecil.dll at Library/ScriptAssemblies/Unity.Nuget.Mono-Cecil.dll not valid. Loading of assembly skipped.
Assembly Unity.PathTracing.Editor.Tests.dll at Library/ScriptAssemblies/Unity.PathTracing.Editor.Tests.dll not valid. Loading of assembly skipped.
Assembly Unity.PathTracing.Runtime.Tests.dll at Library/ScriptAssemblies/Unity.PathTracing.Runtime.Tests.dll not valid. Loading of assembly skipped.
Assembly Unity.RenderPipelines.Core.Editor.Tests.dll at Library/ScriptAssemblies/Unity.RenderPipelines.Core.Editor.Tests.dll not valid. Loading of assembly skipped.
Assembly Unity.RenderPipelines.Core.Runtime.Tests.dll at Library/ScriptAssemblies/Unity.RenderPipelines.Core.Runtime.Tests.dll not valid. Loading of assembly skipped.
Assembly Unity.RenderPipelines.Universal.Config.Editor.Tests.dll at Library/ScriptAssemblies/Unity.RenderPipelines.Universal.Config.Editor.Tests.dll not valid. Loading of assembly skipped.
Assembly Unity.RenderPipelines.Universal.Editor.Tests.dll at Library/ScriptAssemblies/Unity.RenderPipelines.Universal.Editor.Tests.dll not valid. Loading of assembly skipped.
Assembly Unity.RenderPipelines.Universal.Runtime.Tests.dll at Library/ScriptAssemblies/Unity.RenderPipelines.Universal.Runtime.Tests.dll not valid. Loading of assembly skipped.
Assembly Unity.Searcher.EditorTests.dll at Library/ScriptAssemblies/Unity.Searcher.EditorTests.dll not valid. Loading of assembly skipped.
Assembly Unity.ShaderGraph.Editor.Tests.dll at Library/ScriptAssemblies/Unity.ShaderGraph.Editor.Tests.dll not valid. Loading of assembly skipped.
Assembly Unity.TextMeshPro.Editor.Tests.dll at Library/ScriptAssemblies/Unity.TextMeshPro.Editor.Tests.dll not valid. Loading of assembly skipped.
Assembly Unity.TextMeshPro.Tests.dll at Library/ScriptAssemblies/Unity.TextMeshPro.Tests.dll not valid. Loading of assembly skipped.
Assembly Unity.UnifiedRayTracing.Editor.Tests.dll at Library/ScriptAssemblies/Unity.UnifiedRayTracing.Editor.Tests.dll not valid. Loading of assembly skipped.
Assembly UnityEditor.UI.Common.Tests.dll at Library/ScriptAssemblies/UnityEditor.UI.Common.Tests.dll not valid. Loading of assembly skipped.
Assembly UnityEditor.UI.EditorTests.dll at Library/ScriptAssemblies/UnityEditor.UI.EditorTests.dll not valid. Loading of assembly skipped.
Assembly UnityEngine.UI.Tests.dll at Library/ScriptAssemblies/UnityEngine.UI.Tests.dll not valid. Loading of assembly skipped.
Start importing Assets/_Game/Editor/Sects using Guid(4323ddf2dd175c5409f178212c76d86f) (DefaultImporter) -> (Import Result ID: 'a39b652ceb97b75febec2442bdcc8aab') in 0.0109474 seconds [static dependencies only]. Details - ImportResultOutputID=5406466c74b78a962d1692128a03c878 DependenciesID=0ceda97631a7a6353928a541539ed7a7 StaticDependenciesID=fda26dd3ed3ffab9fa1f6ff1fb4c3dd4 
Start importing Assets/_Game/Editor/TurnSystem using Guid(ec5aa174db97f8940afb0c29d350d795) (DefaultImporter) -> (Import Result ID: 'c1af739a3349efcaa4bde056e80de308') in 0.0004743 seconds [static dependencies only]. Details - ImportResultOutputID=ed5a4d593958391c9d0d127517cc7da8 DependenciesID=9a7649708dad62ea593dc34e294f90b0 StaticDependenciesID=a910d90cedb73b50d824684c407e3c3c 
Native extension for WindowsStandalone target not found
ScheduleIndexationOnStartup MainProcess:True IndexOnStartup:True
Mono: successfully reloaded assembly
- Finished resetting the current domain, in  1.621 seconds
Domain Reload Profiling: 2467ms
	BeginReloadAssembly (219ms)
		DisableScriptedObjects (7ms)
		CreateAndSetChildDomain (136ms)
	RebuildCommonClasses (25ms)
	RebuildNativeTypeToScriptingClass (8ms)
	initialDomainReloadingComplete (375ms)
	LoadAllAssembliesAndSetupDomain (218ms)
		LoadAssemblies (176ms)
		AnalyzeDomain (84ms)
			TypeCache.Refresh (58ms)
				TypeCache.ScanAssembly (52ms)
			BuildScriptInfoCaches (19ms)
			ResolveRequiredComponents (6ms)
	FinalizeReload (1621ms)
		SetupLoadedEditorAssemblies (0ms)
			InitializePlatformSupportModulesInManaged (14ms)
			BeforeProcessingInitializeOnLoad (88ms)
			ProcessInitializeOnLoadAttributes (1299ms)
			ProcessInitializeOnLoadMethodAttributes (49ms)
			AfterProcessingInitializeOnLoad (3ms)
		AwakeInstancesAfterBackupRestoration (7ms)
Start importing Assets/_Game/Art/Meshes/HexTiles/Swamp_LOD1.obj using Guid(1072ad2a2792acc4884bf3516cc8051a) (FBXImporter)Launched and connected shader compiler UnityShaderCompiler.exe after 0.01 seconds
 -> (Import Result ID: '33bf4e7788c1371b5b2f8f32fd33740b') in 0.0841689 seconds [static and dynamic dependencies]. Details - ImportResultOutputID=277886db2a6dbc2cce401d55abd9b8cb DependenciesID=3085ce360e139285ba809fec1e41a8cd StaticDependenciesID=cd4dada40cca8077e46e919edbce4d80 
Start importing Assets/_Game/Art/Meshes/Buildings/Building_BranchSect_T1.obj using Guid(308a6457b0aaaf446a2b0ed864c5f120) (FBXImporter) -> (Import Result ID: '0a765e7a16d8755d458e77230783e42e') in 0.0170605 seconds [static and dynamic dependencies]. Details - ImportResultOutputID=2f598198dc7807e35fb283957ee851ae DependenciesID=0c7b2767cc0dab06278739e4db64cd53 StaticDependenciesID=6d4e891d890fbed5c93a83352a046dc8 
Start importing Assets/_Game/Art/Meshes/Buildings/Building_MarketPavilion_T1.obj using Guid(a071389081c80c94d8b8c39a228beb53) (FBXImporter) -> (Import Result ID: '62084cd48b1d47d9c0d5283404ccefe0') in 0.0185637 seconds [static and dynamic dependencies]. Details - ImportResultOutputID=0463ad152bd3198b1cb13e0854473250 DependenciesID=e3ce0ee1684c1825ec976195dce55024 StaticDependenciesID=f23e6855f75352f7881b921b60ab9959 
Start importing Assets/_Game/Art/Meshes/HexTiles/Lake_LOD2.obj using Guid(e085189b39aeb8648a253b879cc67e00) (FBXImporter) -> (Import Result ID: '1246f46de87e8a18a431524c58d8d6dd') in 0.0176341 seconds [static and dynamic dependencies]. Details - ImportResultOutputID=16307de380b6c9e46aa1a019f10cf98c DependenciesID=c808c149ca5b2c0b7e61003416551392 StaticDependenciesID=7ed17fe4a4aaa6f887249620f3bf0af8 
Start importing Assets/_Game/Art/Meshes/HexTiles/Features/Prop_Rock_River.obj using Guid(f114b43f8cd8945408f64322ddd70db8) (FBXImporter) -> (Import Result ID: '39b4c9a5e3d270e7a31e191766aee143') in 0.0188764 seconds [static and dynamic dependencies]. Details - ImportResultOutputID=95284bd898a716ab1b8dfc085dc1666a DependenciesID=893f6003d746ec224421af7ce2d6527a StaticDependenciesID=f8fb19293d07abc6080a3451221bab0d 
Start importing Assets/_Game/Art/Meshes/Units/T3_Core_Disciple.obj using Guid(525f0aa362cd447eab375703ca5a5ce5) (FBXImporter) -> (Import Result ID: '94831559d90db44608651e068a5e9dbc') in 0.0115527 seconds [static and dynamic dependencies]. Details - ImportResultOutputID=058eaecf7195112cf17f5df80f50b23e DependenciesID=8f71d3e69bb1815da366ce80c02528a5 StaticDependenciesID=121d5ce48cba6e549fa28d547ba829ab 
Start importing Assets/_Game/Art/Meshes/HexTiles/River_LOD1.obj using Guid(b2a6403e726571a44ae5787259170779) (FBXImporter) -> (Import Result ID: 'ac9726c7bd505d0dc8df9b0d9e056fe0') in 0.0126057 seconds [static and dynamic dependencies]. Details - ImportResultOutputID=bb6a27a210b63a9d346cae06f3175903 DependenciesID=43c30c7f353e844af27e4805a51d952c StaticDependenciesID=8c05fbd0e61fd9867d6b0744f2c7d701 
Start importing Assets/_Game/Art/Meshes/HexTiles/Forest_LOD2.obj using Guid(13ba66283ab733c48acdec030185f3dc) (FBXImporter) -> (Import Result ID: '406414f697cacd99cf3ec974458156ef') in 0.0147563 seconds [static and dynamic dependencies]. Details - ImportResultOutputID=9deb1c9e4c73b08df1cc6193ee4bb428 DependenciesID=bb57c57dbf611daac3f94e0ce6ccc79d StaticDependenciesID=4402d329a6dad7c5db01adc721327786 
Start importing Assets/_Game/Art/Meshes/HexTiles/Plains_LOD2.obj using Guid(133fd27308ddf6b479136e6369eb127c) (FBXImporter) -> (Import Result ID: '9c7504a28fe005f599668f8bdc98f402') in 0.014727 seconds [static and dynamic dependencies]. Details - ImportResultOutputID=4bae086b16e815dd5020e4105bf12782 DependenciesID=8c5db5e9f5405b4b7deabd0b2757380c StaticDependenciesID=95881fd926119db5f083b71d4e36a121 
Start importing Assets/_Game/Art/Meshes/Units/T1_Labor_Disciple.obj using Guid(a3a9f74017334cc0b9e00d7127c40d9e) (FBXImporter) -> (Import Result ID: 'd7e5767444287b8a282d386b94534262') in 0.0076373 seconds [static and dynamic dependencies]. Details - ImportResultOutputID=2dac4faccf5161548700ed5ce785783f DependenciesID=53814daeccbbf6e370320e01882c1071 StaticDependenciesID=83f726bcf6c2615d1da8586bc70c0201 
Start importing Assets/_Game/Art/Meshes/HexTiles/SacredPeak_LOD1.obj using Guid(e370a3b87d917e34483af08f3aa2edf0) (FBXImporter) -> (Import Result ID: '40a78f5259472adfea906d255c320fb8') in 0.0137884 seconds [static and dynamic dependencies]. Details - ImportResultOutputID=4ea0f8566ba03a014f7d88852e91080a DependenciesID=532ef34b0df865cfffa729fc1cfe2f54 StaticDependenciesID=524696ee06af992976b2af272e44e044 
Start importing Assets/_Game/Art/Meshes/Buildings/Building_Library_T1.obj using Guid(54ec5c56ceedb20498fe5f3ad5b2e6ae) (FBXImporter) -> (Import Result ID: '474428b841f7c3f3ba395b8145db4402') in 0.0142193 seconds [static and dynamic dependencies]. Details - ImportResultOutputID=62fba04a2ca3f2009c173a115ca3963c DependenciesID=0298211776c59e55dcdeef7c8eb3b5dc StaticDependenciesID=6407d53a1ff9b8fc3dacfd37c5422798 
Start importing Assets/_Game/Art/Meshes/HexTiles/Features/Prop_Water_Plane.obj using Guid(b4588c63331ce504e903da8119a82725) (FBXImporter) -> (Import Result ID: '33f0f4b634e2f2d4e742c481765301b3') in 0.0141686 seconds [static and dynamic dependencies]. Details - ImportResultOutputID=6e44c3df7cd70e5dc53f4632983ee268 DependenciesID=2ecbb73adddbd61500800826a847339a StaticDependenciesID=a0a0c5268b260346dfa3d3cb6355c111 
Start importing Assets/_Game/Art/Meshes/Buildings/Building_DaoSanctum.obj using Guid(15177c53eb1119e4aa673edd3775c70c) (FBXImporter) -> (Import Result ID: '745a5592f7713551711bd194178b3f4e') in 0.02513 seconds [static and dynamic dependencies]. Details - ImportResultOutputID=7c531972a19c3d257e7211478ea40562 DependenciesID=2d361bad4c37d36a3fd2d8c59d1cf515 StaticDependenciesID=39b2ffd1e6be30f130a0b8837f7b616b 
Start importing Assets/_Game/Art/Meshes/HexTiles/River_LOD2.obj using Guid(65865ade903d50d44aeae7d76dfa7c59) (FBXImporter) -> (Import Result ID: '3db736701d3b3f4e6ecc7f78c5d34ba9') in 0.013022 seconds [static and dynamic dependencies]. Details - ImportResultOutputID=8fda7ccc6b4ba2ff3f89f3f19ebfdd42 DependenciesID=c3c2fb253ce1b72f438f5959d6869878 StaticDependenciesID=2ed6dc98c1532948d9aa4b07833ebafd 
Start importing Assets/_Game/Art/Meshes/Units/T5_Grand_Patriarch.obj using Guid(d54941f1cae54eaf9aefcadbe79b2ecd) (FBXImporter) -> (Import Result ID: 'e3d77abc74588cb43b4ab56cff2b06d5') in 0.011013 seconds [static and dynamic dependencies]. Details - ImportResultOutputID=d05c417031467f87155ac8ff246d973d DependenciesID=e65475414ecd5da69c0ab157e3e48cfd StaticDependenciesID=8ea91d3913b53dd8de768133167157d2 
Start importing Assets/_Game/Art/Meshes/Buildings/Building_DiscipleHall_T1.obj using Guid(d53f933828ada394ea74e2408649fa30) (FBXImporter) -> (Import Result ID: 'b1466bdd1ac6de6a123d3b4c44278e40') in 0.0130318 seconds [static and dynamic dependencies]. Details - ImportResultOutputID=9bea415e1ef58e7cb1b5f52f6dba335f DependenciesID=17a0cb8dbdedfe8a62ac5f21e0b81aac StaticDependenciesID=a7f7dae418813c349a76e6eebccaf2fa 
Start importing Assets/_Game/Art/Meshes/Buildings/Building_Armory_T1.obj using Guid(06002df395c85db4994b887fca59aab2) (FBXImporter) -> (Import Result ID: '0d6eddeb998ffa65cd6c97d1be222a3a') in 0.0172275 seconds [static and dynamic dependencies]. Details - ImportResultOutputID=966f82f835af187b2e894080a3e99fda DependenciesID=34cf50a3fdbe086f3bb7e678f06bd094 StaticDependenciesID=170dfb108a4e92da9d530fb73e90e802 
Start importing Assets/_Game/Art/Meshes/Buildings/Building_Temple_T1.obj using Guid(166ffecd99010ed4ba07fdaa2748ad46) (FBXImporter) -> (Import Result ID: 'f57ccbf7944edd297b79760df9054b5f') in 0.0184398 seconds [static and dynamic dependencies]. Details - ImportResultOutputID=11f98280d8ea84141b0d24ca75ac2a32 DependenciesID=f05b4517c48f18e18a28b36b4dd7d957 StaticDependenciesID=2511151b5298b7c867ab0fe6a66e989d 
Start importing Assets/_Game/Art/Meshes/HexTiles/Swamp_LOD0.obj using Guid(26655c76b141b914c9ba80024b8eee40) (FBXImporter) -> (Import Result ID: '503f6027baf37aa1ff15647e63937d67') in 0.027865 seconds [static and dynamic dependencies]. Details - ImportResultOutputID=b47420a61bda5fae27e96001b47025e6 DependenciesID=e55f17b4164f354dc952a363f5ba8dd7 StaticDependenciesID=f5d7accaf55dd7aad1f1b678735cd7f2 
Start importing Assets/_Game/Art/Meshes/HexTiles/Desert_LOD1.obj using Guid(8698e3efa1c288a42a4740a0b8d30706) (FBXImporter) -> (Import Result ID: 'cc489fdd0b597faf0820b3543c9804a7') in 0.0147155 seconds [static and dynamic dependencies]. Details - ImportResultOutputID=d77fab8a1f4215a9eee1cfeea03d42e6 DependenciesID=6268b1f40612085740ea68a4a6776aa3 StaticDependenciesID=7fa7f57fe32b5b47af9595e7f5e0f315 
Start importing Assets/_Game/Art/Meshes/HexTiles/Features/Prop_Pine_Tree.obj using Guid(376c368a29a57594b8bb55c797ec0038) (FBXImporter) -> (Import Result ID: 'ddafba949083bac88902b704f4c7b1d2') in 0.0148972 seconds [static and dynamic dependencies]. Details - ImportResultOutputID=9d706f3bc37dabce6963c93a4b3edf6b DependenciesID=8d180d6184660fcbdca385f24a420a61 StaticDependenciesID=a645685fa9c4e23e7a41fe61cf986053 
Start importing Assets/_Game/Art/Meshes/HexTiles/Swamp_LOD2.obj using Guid(97eba032293c06d4899c3f86e381624d) (FBXImporter) -> (Import Result ID: 'bb96722970f38aef9d6db8db093700e5') in 0.015883 seconds [static and dynamic dependencies]. Details - ImportResultOutputID=da19280eb3a75c1bb2e7a771c14a63d2 DependenciesID=beeb3f9662e4e52eaae73c5b5b1d9511 StaticDependenciesID=eecd6174c44c992c82558a9a55106772 
Start importing Assets/_Game/Art/Meshes/HexTiles/Mountain_LOD1.obj using Guid(e70588715e2eb654b83a8ef07dfdcbb2) (FBXImporter) -> (Import Result ID: '549104fe62c7891c608469f714595da0') in 0.0169957 seconds [static and dynamic dependencies]. Details - ImportResultOutputID=6e906c36883ddb1423fde5c935392964 DependenciesID=a3ae3a538e0c1b3b15c5a2f7afd6d720 StaticDependenciesID=0945ef964feafd49cd9302f7af4955be 
Start importing Assets/_Game/Art/Meshes/Buildings/Building_ExternalAffairs_T1.obj using Guid(58ba6436015f4d44a92f9b91250335af) (FBXImporter) -> (Import Result ID: '2786c23ddfa026140506f1d7b86a85d8') in 0.0192906 seconds [static and dynamic dependencies]. Details - ImportResultOutputID=1a5c06753172b80e4e0659fccb89a8ed DependenciesID=af254d951113cc495af0970b079a8968 StaticDependenciesID=52b8404ce951e05f9f541c8445198042 
Start importing Assets/_Game/Art/Meshes/HexTiles/SacredPeak_LOD0.obj using Guid(090d3bd5f17f97a4195ce437d0df0ac6) (FBXImporter) -> (Import Result ID: '5647b2eff4c73b2194621720a69a98ac') in 0.0300496 seconds [static and dynamic dependencies]. Details - ImportResultOutputID=a5bc94d3407bb21a0a60d3991e66b561 DependenciesID=2c7985dd2608effaefb4de1dcf895dfa StaticDependenciesID=8a78eeec6e9d4789358bb23c46614f26 
Start importing Assets/_Game/Art/Meshes/HexTiles/Features/Prop_Dead_Tree.obj using Guid(499173d54c74db54d9025a00325fde9c) (FBXImporter) -> (Import Result ID: 'b2109aadcb2f1dcbc522de3328dfa50e') in 0.016347 seconds [static and dynamic dependencies]. Details - ImportResultOutputID=01404fecc3a0b6af475676107eb3e175 DependenciesID=20016b32da5debaceebaa9d95ce4bde3 StaticDependenciesID=42d43f0a041e65f431cd23f040f860b4 
Start importing Assets/_Game/Art/Meshes/Units/T2_Outer_Disciple.obj using Guid(b992854040b94d5e9551e9cdf0e66bce) (FBXImporter) -> (Import Result ID: 'b56b0570c1c856df0bdcdc9812c78e7b') in 0.0085 seconds [static and dynamic dependencies]. Details - ImportResultOutputID=f0cd42a42222eaffc272526a9237328a DependenciesID=bb578be81e0386123e13dbe83eef16c5 StaticDependenciesID=ea816550611d4703ea698a1ca9d45552 
Start importing Assets/_Game/Art/Meshes/HexTiles/Mountain_LOD0.obj using Guid(b9d555c6e78a45f469ef708c6231da93) (FBXImporter) -> (Import Result ID: '88339ac2f1a077a25b5511896894ecc1') in 0.0339169 seconds [static and dynamic dependencies]. Details - ImportResultOutputID=36aa884abe2d13e8b0f4a5dc8cf0a32b DependenciesID=43d01d2d577139d2366f0ed4c4909d52 StaticDependenciesID=7565a97498ca042e12b02131ed6afa6b 
Start importing Assets/_Game/Art/Meshes/HexTiles/Features/Prop_Bamboo_Tree.obj using Guid(3ac13b4bbd35e5f4e9bfbdd4323199e7) (FBXImporter) -> (Import Result ID: '3a0d4299b4d9cbddbd947da4658c0112') in 0.0423791 seconds [static and dynamic dependencies]. Details - ImportResultOutputID=dca618a103e4b2e9d1695eb5a2528be9 DependenciesID=0153d6985a9d1769d8aaacce4f6fccdb StaticDependenciesID=a450b5051ac99bccaafdc0d5165d62d9 
Start importing Assets/_Game/Art/Meshes/HexTiles/River_LOD0.obj using Guid(ba7930478b0e9dc45a742cf2cad8a2e1) (FBXImporter) -> (Import Result ID: '9b4384446fec0d55787ee1a15d86cd2c') in 0.0284791 seconds [static and dynamic dependencies]. Details - ImportResultOutputID=1543fb8afa58974e2055b2efffd80255 DependenciesID=0ad6c7e979ffae63aa6c6df1ca29cd3a StaticDependenciesID=90033c2727636ded793be87bb5b4ce73 
Start importing Assets/_Game/Art/Meshes/Units/T4_Sect_Master.obj using Guid(cac60fc07ccd428381a743bb56ee2366) (FBXImporter) -> (Import Result ID: 'd61c200a001eaeea1186fb4abd8fce6f') in 0.0077918 seconds [static and dynamic dependencies]. Details - ImportResultOutputID=6423a043d6ac370acb012f39141fb8d9 DependenciesID=8aed0bd25e32e5fdf7287447e5554bac StaticDependenciesID=07dccf7a8372cbbb36999891612ac031 
Start importing Assets/_Game/Art/Meshes/HexTiles/Features/Prop_Rock_Mountain.obj using Guid(eaf6ce928e700594b819ef1376d1073d) (FBXImporter) -> (Import Result ID: '7d1e3f31c285fe928a00e184646de545') in 0.0165852 seconds [static and dynamic dependencies]. Details - ImportResultOutputID=acbaf55e8af3365002c5abf5cf6da173 DependenciesID=9fd7a90cc59064ac65dc419938f1c6f9 StaticDependenciesID=868c528bdb9a72b89ba3c6ff667a0b14 
Start importing Assets/_Game/Art/Meshes/HexTiles/Features/Prop_Crystal_Qi.obj using Guid(fab7bd26c72fd7c47ae7ef1a05900b56) (FBXImporter) -> (Import Result ID: '6a9872ee5c1db9f3295e816913d85c47') in 0.0171077 seconds [static and dynamic dependencies]. Details - ImportResultOutputID=8d7f9ce5edf51a912f606601e6334f7d DependenciesID=e1d08841e7237f4f129e0cf6348e55ea StaticDependenciesID=279de105a3c6fb1dad126528fa8cf2e0 
Start importing Assets/_Game/Art/Meshes/Buildings/Building_ElderCouncil_T1.obj using Guid(4b755f611ed8a874986582b6f2d07f3c) (FBXImporter) -> (Import Result ID: 'f9be35f2e48d809c5b339628987b234c') in 0.0223096 seconds [static and dynamic dependencies]. Details - ImportResultOutputID=a9c2019c66f09b380f5bb84f8a139941 DependenciesID=743cc65fc567ac86b7392ff77bc67f5f StaticDependenciesID=de052a7d154a0101dfc153bc0eb5434e 
Start importing Assets/_Game/Art/Meshes/HexTiles/Lake_LOD0.obj using Guid(cb40fa35f509cca48952218498d318ee) (FBXImporter) -> (Import Result ID: '9d251c39116689e875d79321eab250fe') in 0.0277753 seconds [static and dynamic dependencies]. Details - ImportResultOutputID=92890fceb1240bc2e272b273a3407906 DependenciesID=c379d70c784548783b11b405a9927b54 StaticDependenciesID=e64149c7ed4eae6d8ee7c6da8a5d124a 
Start importing Assets/_Game/Art/Meshes/Buildings/Building_TrainingGrounds_T1.obj using Guid(0cb9df64cfeb10f4cae5b65ffeb0cc2a) (FBXImporter) -> (Import Result ID: '80818f3a8e4023aed6720d93ce75c2ee') in 0.0178078 seconds [static and dynamic dependencies]. Details - ImportResultOutputID=6026c3881d132a0e59528782fdd310c1 DependenciesID=de8c78c802c16ab285ec0615dede1ab6 StaticDependenciesID=db055e0b18a8c290298879d5c7d029ae 
Start importing Assets/_Game/Art/Meshes/HexTiles/Plains_LOD1.obj using Guid(3c74418cf8f856543868058747c25a43) (FBXImporter) -> (Import Result ID: 'd73251e5b19db524ef7c7c6ffe01cb9f') in 0.0135769 seconds [static and dynamic dependencies]. Details - ImportResultOutputID=863734debede2bc009ae20d58018001f DependenciesID=bff413013331eed2a805529f9b874202 StaticDependenciesID=0c9d478adca256955c5f4cdae97bfe25 
Start importing Assets/_Game/Art/Meshes/Buildings/Building_MedicineHall_T1.obj using Guid(7c33d31dbfaa13140acd7a29d02011aa) (FBXImporter) -> (Import Result ID: 'a75ed2f742180927c0fb289babaf8836') in 0.0283397 seconds [static and dynamic dependencies]. Details - ImportResultOutputID=3bcd087133db64ec4facf7b0e6acc65c DependenciesID=d7c72126befe58655e17951be630f49b StaticDependenciesID=5a74e70dc6e747983812b08214e64975 
Start importing Assets/_Game/Art/Meshes/HexTiles/Forest_LOD1.obj using Guid(0d88348ef32535746ac54f36e0ebd1cb) (FBXImporter) -> (Import Result ID: 'a7f05f7d903b2dc7e1612eb2059a3be5') in 0.0145114 seconds [static and dynamic dependencies]. Details - ImportResultOutputID=9250567774a04e42a70c4b1a27930b22 DependenciesID=de7c452a1573f6f3f57d411cb769af22 StaticDependenciesID=f0360866bd4aae779dd6caa771e1d62a 
Start importing Assets/_Game/Art/Meshes/HexTiles/Mountain_LOD2.obj using Guid(4da1b73f05490ea44a388b298e4792a8) (FBXImporter) -> (Import Result ID: '82f4ca952de2ce6043418f70d88577da') in 0.0142854 seconds [static and dynamic dependencies]. Details - ImportResultOutputID=c9ca90d89d8c8a2cf7dd5421fa8eb8b9 DependenciesID=53258e23074a848da676d2344a74210d StaticDependenciesID=c5a13fbd4775664a2a7e60adf2677bda 
Start importing Assets/_Game/Art/Meshes/HexTiles/Desert_LOD0.obj using Guid(2e851f8cf03abf74a8c5319b40929409) (FBXImporter) -> (Import Result ID: '680d49583662e8f45b5838dcb136d9a4') in 0.0303503 seconds [static and dynamic dependencies]. Details - ImportResultOutputID=f226e6c2cf3eb327a65436dead5c9614 DependenciesID=f151fa0f73db327dd9c1a7aca73f735f StaticDependenciesID=f92d184cbc1229b6ca90e1a6460343b0 
Start importing Assets/_Game/Art/Meshes/HexTiles/Desert_LOD2.obj using Guid(4ef0cc462e74a6d4bba588699579665e) (FBXImporter) -> (Import Result ID: '06f775c8663b78543c7233aa9022b139') in 0.016186 seconds [static and dynamic dependencies]. Details - ImportResultOutputID=9fd688f6abee7a3c6828375233d1a47a DependenciesID=9803105084a04ec2fbb9c2138b2b14fc StaticDependenciesID=f7435991ac87e6f0dcbbd36171a2c4a3 
Start importing Assets/_Game/Art/Meshes/HexTiles/Plains_LOD0.obj using Guid(4ec9be0fbc5c8f74eb6103e4a7ea8996) (FBXImporter) -> (Import Result ID: '81d86c36d420a4a9e5e98d71dc4c4e6d') in 0.0277171 seconds [static and dynamic dependencies]. Details - ImportResultOutputID=9724de51ac9b01a0e854d3912c5abc96 DependenciesID=eb560e99f7bdf7b234d811ea1b942856 StaticDependenciesID=8d271c23044da9d5ae6a7c97021a0631 
Start importing Assets/_Game/Art/Meshes/HexTiles/Lake_LOD1.obj using Guid(2f98004ba23ed6a43a9db933055d617e) (FBXImporter) -> (Import Result ID: '58d423712e68ccd39e216f8b83ca3c96') in 0.015108 seconds [static and dynamic dependencies]. Details - ImportResultOutputID=243422a8f36f9b74dd2d6f890709934a DependenciesID=d507c9da0a2dede7ce5907cb527ecd8b StaticDependenciesID=b181bc0445247ffc94572c6aea61983c 
Start importing Assets/_Game/Art/Meshes/HexTiles/Forest_LOD0.obj using Guid(9f9ec3b6d3e2ca44badeb390cfc4d6d7) (FBXImporter) -> (Import Result ID: 'd9f3d1f0a02abebb572668fe27e720c9') in 0.0291832 seconds [static and dynamic dependencies]. Details - ImportResultOutputID=d1633b15133c7708ef8636edc329f59b DependenciesID=8aaab24e1ac8e079fc868a1419762f5d StaticDependenciesID=520094ad5d13894890fb26e69710ca92 
Start importing Assets/_Game/Art/Meshes/HexTiles/SacredPeak_LOD2.obj using Guid(bf6284725136a984eacafe42cc4be04a) (FBXImporter) -> (Import Result ID: '5509cb4b1700bb6e23caae50b7c8298a') in 0.0140836 seconds [static and dynamic dependencies]. Details - ImportResultOutputID=88ae63e83c75d3396c0b6b2103f8f22a DependenciesID=d9022c5fac250c9b8aca33bdd061829c StaticDependenciesID=69fe53468ab8757077697d8f16c0a84f 
(Values over 0.050ms)
Asset Pipeline Refresh (id=aea259f1c76fa954991a194ce38081af): Total: 4.523 seconds - Initiated by InitialRefreshV2(ForceSynchronousImport)
	Summary:
		Imports: total=2 (actual=2, local cache=0, cache server=0)
		Asset DB Process Time: managed=57 ms, native=2741 ms
		Asset DB Callback time: managed=97 ms, native=14 ms
		Scripting: domain reloads=1, domain reload time=847 ms, compile time=743 ms, other=20 ms
		Project Asset Count: scripts=868, non-scripts=1825
		Asset File Changes: new=0, changed=1, moved=0, deleted=0
		Scan Filter Count: 0
	InvokePackagesCallback: 8.480ms
	ApplyChangesToAssetFolders: 0.309ms
	Scan: 64.835ms
	OnSourceAssetsModified: 0.661ms
	CategorizeScriptCompilationAssets: 10.661ms
	ProcessAssetsWithTransientArtifactChanges: 24.628ms
	CategorizeAssets: 25.259ms
	CompileScripts: 743.187ms
	ImportOutOfDateAssets: 2590.822ms (1623.161ms without children)
		ImportManagerImport: 966.330ms (3.573ms without children)
		UnloadImportedAssets: 0.693ms
		EnsureUptoDateAssetsAreRegisteredWithGuidPM: 0.379ms
		OnDemandSchedulerStart: 0.216ms
	PostProcessAllAssets: 102.341ms
		PostProcessCallbackCreateDeferredMaterials 0.123ms
		MonoPostProcessAllAssets: 96.292ms
			AssetPostprocessor.OnPostprocessAllAssets 56.265ms
			StyleCatalogPostProcessor.OnPostprocessAllAssets 8.759ms
			UniversalRenderPipelineGlobalSettingsPostprocessor.OnPostprocessAllAssets 6.637ms
			BuilderAssetPostprocessor.OnPostprocessAllAssets 3.629ms
			ShaderGraphAssetPostProcessor.OnPostprocessAllAssets 2.502ms
			SpeedTree9Postprocessor.OnPostprocessAllAssets 1.612ms
			SyncVS.PostprocessSyncProject 1.226ms
			ArtifactBrowserPostProcessor.OnPostprocessAllAssets 1.212ms
			AssetChangedListener.OnPostprocessAllAssets 1.194ms
			WindowAssetPostprocessingWatcher.OnPostprocessAllAssets 1.090ms
			RetainedModeAssetPostprocessor.OnPostprocessAllAssets 0.780ms
			MaterialPostprocessor.OnPostprocessAllAssets 0.632ms
			InputActionAssetPostprocessor.OnPostprocessAllAssets 0.629ms
			RenderPipelineGlobalSettingsPostprocessor.OnPostprocessAllAssets 0.551ms
			PostProcessor.OnPostprocessAllAssets 0.460ms
			InputActionJsonNameModifierAssetProcessor.OnPostprocessAllAssets 0.421ms
			TextAssetPostProcessor.OnPostprocessAllAssets 0.349ms
			TMPro_TexturePostProcessor.OnPostprocessAllAssets 0.288ms
			ReferencedClipsPostProcessor.OnPostprocessAllAssets 0.243ms
			AudioMixerPostprocessor.OnPostprocessAllAssets 0.198ms
			ProjectSettingsPostprocessor.OnPostprocessAllAssets 0.197ms
			SpeedTreePostProcessor.OnPostprocessAllAssets 0.150ms
			TerrainToolbarOverlayPostProcessor.OnPostprocessAllAssets 0.137ms
			AssetEvents.OnPostprocessAllAssets 0.137ms
			AssetDatabaseCallbacks.OnPostprocessAllAssets 0.110ms
			ConfigAssetsTracker.OnPostprocessAllAssets 0.078ms
			ScenarioDriftAssetsTracker.OnPostprocessAllAssets 0.075ms
	PostAssetChangesProfiler: 1.375ms
	UnloadStreamsBegin: 2.016ms
	PersistCurrentRevisions: 0.242ms
	GenerateScriptTypeHashes: 1.548ms
	GenerateScriptTypeSerializationHashes: 3.096ms
	Untracked: 946.526ms

Application.AssetDatabase Initial Refresh End
Scanning for USB devices : 3.518ms
Initializing Unity extensions:
[MODES] ModeService[none].Initialize
[MODES] ModeService[none].LoadModes
[MODES] Loading mode Default (0) for mode-current-id-TalesOfTao
Unloading 74 Unused Serialized files (Serialized files now loaded: 0)
Unloading 3777 unused Assets / (5.5 MB). Loaded Objects now: 4593.
Memory consumption went from 202.9 MB to 197.4 MB.
Total: 5.850100 ms (FindLiveObjects: 0.375600 ms CreateObjectMapping: 0.240600 ms MarkObjects: 4.040700 ms  DeleteObjects: 1.191500 ms)

Start importing Assets/_Game/Art/Materials using Guid(7ae9dc140ae671a438abb596954ddb8a) (DefaultImporter) -> (Import Result ID: 'ce8d9159fef9d45c3c19ee83b5f3fab7') in 0.0059699 seconds [static dependencies only]. Details - ImportResultOutputID=9ea37a400101f795191c2208c9af7a0c DependenciesID=3f8f697f4b5c9629f63eb9684a61ce45 StaticDependenciesID=b2c4278b95322725d8b7a6f5b5ca6615 
Asset Pipeline Refresh (id=7f21f86c99ec9634b908863a7841ef88): Total: 0.042 seconds - Initiated by StopAssetImportingV2(NoUpdateAssetOptions)
Start importing Assets/_Game/Art/Materials/M_Plains.mat using Guid(3725dea1faeef454daea176913a9ab03) (NativeFormatImporter) -> (Import Result ID: '5959ffe4c549fc0341f022e5e9310acb') in 0.0011453 seconds [static dependencies only]. Details - ImportResultOutputID=7fa702a413ab4b1ceb4475063fe3d16f DependenciesID=f66c5b21cdd8f19b5f3480b21a8759a9 StaticDependenciesID=913031334084f1236b819c94d34a5c7e 
Asset Pipeline Refresh (id=622ed490c214e6541ab7c71872f652f2): Total: 0.025 seconds - Initiated by StopAssetImportingV2(NoUpdateAssetOptions)
Created material: M_Plains
UnityEngine.Debug:ExtractStackTraceNoAlloc (byte*,int,string)
UnityEngine.StackTraceUtility:ExtractStackTrace ()
UnityEngine.DebugLogHandler:Internal_Log (UnityEngine.LogType,UnityEngine.LogOption,string,UnityEngine.Object)
UnityEngine.DebugLogHandler:LogFormat (UnityEngine.LogType,UnityEngine.Object,string,object[])
UnityEngine.Logger:Log (UnityEngine.LogType,object)
UnityEngine.Debug:Log (object)
M5AssetImporter:CreateMaterial (string,string,UnityEngine.Color) (at Assets/_Game/Editor/M5AssetImporter.cs:78)
M5AssetImporter:ImportAll () (at Assets/_Game/Editor/M5AssetImporter.cs:26)

(Filename: Assets/_Game/Editor/M5AssetImporter.cs Line: 78)

Start importing Assets/_Game/Art/Materials/M_Mountain.mat using Guid(037a3cffd0999054385371ec8d861295) (NativeFormatImporter) -> (Import Result ID: '15700decad80ad556c5715aa0b781bd9') in 0.0012283 seconds [static dependencies only]. Details - ImportResultOutputID=9fbc6383bbb00a6e402e9d8f0c994a1c DependenciesID=fee3c52f89259364f313f80f11aaa905 StaticDependenciesID=64f2eeb6915060eb212e19dd1845d78e 
Asset Pipeline Refresh (id=ff1a4439532991d4799403f1971bbae3): Total: 0.023 seconds - Initiated by StopAssetImportingV2(NoUpdateAssetOptions)
Created material: M_Mountain
UnityEngine.Debug:ExtractStackTraceNoAlloc (byte*,int,string)
UnityEngine.StackTraceUtility:ExtractStackTrace ()
UnityEngine.DebugLogHandler:Internal_Log (UnityEngine.LogType,UnityEngine.LogOption,string,UnityEngine.Object)
UnityEngine.DebugLogHandler:LogFormat (UnityEngine.LogType,UnityEngine.Object,string,object[])
UnityEngine.Logger:Log (UnityEngine.LogType,object)
UnityEngine.Debug:Log (object)
M5AssetImporter:CreateMaterial (string,string,UnityEngine.Color) (at Assets/_Game/Editor/M5AssetImporter.cs:78)
M5AssetImporter:ImportAll () (at Assets/_Game/Editor/M5AssetImporter.cs:27)

(Filename: Assets/_Game/Editor/M5AssetImporter.cs Line: 78)

Start importing Assets/_Game/Art/Materials/M_Forest.mat using Guid(179556186728a1c4fa67aa997613fd8d) (NativeFormatImporter) -> (Import Result ID: '61e6f4299d565b71785582c0ddd8e36a') in 0.001106 seconds [static dependencies only]. Details - ImportResultOutputID=a4b372f38bc5dfd449dc76ec2858b1f0 DependenciesID=41ee02cb58576e041e440d3f1c0191b2 StaticDependenciesID=58e827ccf0cb718323a0e4cbaf57a959 
Asset Pipeline Refresh (id=65b976debe5ac3240ad9bd212ef3432c): Total: 0.022 seconds - Initiated by StopAssetImportingV2(NoUpdateAssetOptions)
Created material: M_Forest
UnityEngine.Debug:ExtractStackTraceNoAlloc (byte*,int,string)
UnityEngine.StackTraceUtility:ExtractStackTrace ()
UnityEngine.DebugLogHandler:Internal_Log (UnityEngine.LogType,UnityEngine.LogOption,string,UnityEngine.Object)
UnityEngine.DebugLogHandler:LogFormat (UnityEngine.LogType,UnityEngine.Object,string,object[])
UnityEngine.Logger:Log (UnityEngine.LogType,object)
UnityEngine.Debug:Log (object)
M5AssetImporter:CreateMaterial (string,string,UnityEngine.Color) (at Assets/_Game/Editor/M5AssetImporter.cs:78)
M5AssetImporter:ImportAll () (at Assets/_Game/Editor/M5AssetImporter.cs:28)

(Filename: Assets/_Game/Editor/M5AssetImporter.cs Line: 78)

Start importing Assets/_Game/Art/Materials/M_River.mat using Guid(ea9a32c1d3bda2d42bb16c5bedc0c560) (NativeFormatImporter) -> (Import Result ID: 'db1738cfa39b1591eb9cdd2349d7907a') in 0.0010192 seconds [static dependencies only]. Details - ImportResultOutputID=e58bf279c602d1e45108f15dd0adf165 DependenciesID=079131f2312f2294950b179b66d7d644 StaticDependenciesID=df49f2b210f551f1d7ae47c091f85e9a 
Asset Pipeline Refresh (id=a970cde5f779fc74894ffb64fc1e6a29): Total: 0.023 seconds - Initiated by StopAssetImportingV2(NoUpdateAssetOptions)
Created material: M_River
UnityEngine.Debug:ExtractStackTraceNoAlloc (byte*,int,string)
UnityEngine.StackTraceUtility:ExtractStackTrace ()
UnityEngine.DebugLogHandler:Internal_Log (UnityEngine.LogType,UnityEngine.LogOption,string,UnityEngine.Object)
UnityEngine.DebugLogHandler:LogFormat (UnityEngine.LogType,UnityEngine.Object,string,object[])
UnityEngine.Logger:Log (UnityEngine.LogType,object)
UnityEngine.Debug:Log (object)
M5AssetImporter:CreateMaterial (string,string,UnityEngine.Color) (at Assets/_Game/Editor/M5AssetImporter.cs:78)
M5AssetImporter:ImportAll () (at Assets/_Game/Editor/M5AssetImporter.cs:29)

(Filename: Assets/_Game/Editor/M5AssetImporter.cs Line: 78)

Start importing Assets/_Game/Art/Materials/M_Lake.mat using Guid(12ded15952e936246b9a3e3caebb0ce9) (NativeFormatImporter) -> (Import Result ID: '765c65967f7845498b44444d91972c59') in 0.0010112 seconds [static dependencies only]. Details - ImportResultOutputID=7356934daf9afdd5eada3b8b95cd9055 DependenciesID=d0d9702833a226fecfb4573f146cbfbf StaticDependenciesID=0fa6a2dc832bfc7fea91ab27b8a18c48 
Asset Pipeline Refresh (id=6ef9229ef8cb7ed4f9df41ebfece9576): Total: 0.023 seconds - Initiated by StopAssetImportingV2(NoUpdateAssetOptions)
Created material: M_Lake
UnityEngine.Debug:ExtractStackTraceNoAlloc (byte*,int,string)
UnityEngine.StackTraceUtility:ExtractStackTrace ()
UnityEngine.DebugLogHandler:Internal_Log (UnityEngine.LogType,UnityEngine.LogOption,string,UnityEngine.Object)
UnityEngine.DebugLogHandler:LogFormat (UnityEngine.LogType,UnityEngine.Object,string,object[])
UnityEngine.Logger:Log (UnityEngine.LogType,object)
UnityEngine.Debug:Log (object)
M5AssetImporter:CreateMaterial (string,string,UnityEngine.Color) (at Assets/_Game/Editor/M5AssetImporter.cs:78)
M5AssetImporter:ImportAll () (at Assets/_Game/Editor/M5AssetImporter.cs:30)

(Filename: Assets/_Game/Editor/M5AssetImporter.cs Line: 78)

Start importing Assets/_Game/Art/Materials/M_Desert.mat using Guid(ee4f3f2a5c2a5f0449fb21baa097cfe5) (NativeFormatImporter) -> (Import Result ID: 'd4d26f070851fcd6859256ea931d2abd') in 0.0012289 seconds [static dependencies only]. Details - ImportResultOutputID=3ba14c9211bb8ea744d2aa93661395c2 DependenciesID=b1687a70bc47e847f97c73f18ed8dad4 StaticDependenciesID=8bc950a1460f478dd21ce1fdab3017ee 
Asset Pipeline Refresh (id=6c1e863653dbb3e4a814bf1776929096): Total: 0.027 seconds - Initiated by StopAssetImportingV2(NoUpdateAssetOptions)
Created material: M_Desert
UnityEngine.Debug:ExtractStackTraceNoAlloc (byte*,int,string)
UnityEngine.StackTraceUtility:ExtractStackTrace ()
UnityEngine.DebugLogHandler:Internal_Log (UnityEngine.LogType,UnityEngine.LogOption,string,UnityEngine.Object)
UnityEngine.DebugLogHandler:LogFormat (UnityEngine.LogType,UnityEngine.Object,string,object[])
UnityEngine.Logger:Log (UnityEngine.LogType,object)
UnityEngine.Debug:Log (object)
M5AssetImporter:CreateMaterial (string,string,UnityEngine.Color) (at Assets/_Game/Editor/M5AssetImporter.cs:78)
M5AssetImporter:ImportAll () (at Assets/_Game/Editor/M5AssetImporter.cs:31)

(Filename: Assets/_Game/Editor/M5AssetImporter.cs Line: 78)

Start importing Assets/_Game/Art/Materials/M_Swamp.mat using Guid(f9cdeb82d05fa074299ab6460f4ad4d7) (NativeFormatImporter) -> (Import Result ID: '45c082ec1fa791db131208172eba27d4') in 0.0010655 seconds [static dependencies only]. Details - ImportResultOutputID=3dbad3cc2d1f67e0833023b83d702dbc DependenciesID=a8ff055544edd40b38ae333e478f8d76 StaticDependenciesID=eaba2f71a83814154f41c8a393472f01 
Asset Pipeline Refresh (id=43c6a27547519794c9c7c687064e6d41): Total: 0.022 seconds - Initiated by StopAssetImportingV2(NoUpdateAssetOptions)
Created material: M_Swamp
UnityEngine.Debug:ExtractStackTraceNoAlloc (byte*,int,string)
UnityEngine.StackTraceUtility:ExtractStackTrace ()
UnityEngine.DebugLogHandler:Internal_Log (UnityEngine.LogType,UnityEngine.LogOption,string,UnityEngine.Object)
UnityEngine.DebugLogHandler:LogFormat (UnityEngine.LogType,UnityEngine.Object,string,object[])
UnityEngine.Logger:Log (UnityEngine.LogType,object)
UnityEngine.Debug:Log (object)
M5AssetImporter:CreateMaterial (string,string,UnityEngine.Color) (at Assets/_Game/Editor/M5AssetImporter.cs:78)
M5AssetImporter:ImportAll () (at Assets/_Game/Editor/M5AssetImporter.cs:32)

(Filename: Assets/_Game/Editor/M5AssetImporter.cs Line: 78)

Start importing Assets/_Game/Art/Materials/M_SacredPeak.mat using Guid(c6447cfc8653d5a49ada0183027a2986) (NativeFormatImporter) -> (Import Result ID: '25d8e8c7bc575f9ce54d08c3ad4d829d') in 0.0013825 seconds [static dependencies only]. Details - ImportResultOutputID=2dc8de37a4b6b63199c1847228bcf8f6 DependenciesID=e47dd3b888c586b19e39d0e95d6a3724 StaticDependenciesID=d11189106a41ca276c1486bc6a718b3b 
Asset Pipeline Refresh (id=8a6823c0929fcc343aaebc3282227420): Total: 0.026 seconds - Initiated by StopAssetImportingV2(NoUpdateAssetOptions)
Created material: M_SacredPeak
UnityEngine.Debug:ExtractStackTraceNoAlloc (byte*,int,string)
UnityEngine.StackTraceUtility:ExtractStackTrace ()
UnityEngine.DebugLogHandler:Internal_Log (UnityEngine.LogType,UnityEngine.LogOption,string,UnityEngine.Object)
UnityEngine.DebugLogHandler:LogFormat (UnityEngine.LogType,UnityEngine.Object,string,object[])
UnityEngine.Logger:Log (UnityEngine.LogType,object)
UnityEngine.Debug:Log (object)
M5AssetImporter:CreateMaterial (string,string,UnityEngine.Color) (at Assets/_Game/Editor/M5AssetImporter.cs:78)
M5AssetImporter:ImportAll () (at Assets/_Game/Editor/M5AssetImporter.cs:33)

(Filename: Assets/_Game/Editor/M5AssetImporter.cs Line: 78)

Start importing Assets/_Game/Art/Materials/M_BuildingWood.mat using Guid(c2ee01ecf7acb55448e2336d16fc6b5b) (NativeFormatImporter) -> (Import Result ID: '411a2e290532c9963f670a6c217a330b') in 0.00105 seconds [static dependencies only]. Details - ImportResultOutputID=4df085b6b1139e70b0200ce0c20362b0 DependenciesID=359cc54145234c73cf64bca1f2e77271 StaticDependenciesID=a78524b6a32ba291721ff032e36ef2fb 
Asset Pipeline Refresh (id=86e255347d6e70a41ae068eaa6ba44a8): Total: 0.022 seconds - Initiated by StopAssetImportingV2(NoUpdateAssetOptions)
Created material: M_BuildingWood
UnityEngine.Debug:ExtractStackTraceNoAlloc (byte*,int,string)
UnityEngine.StackTraceUtility:ExtractStackTrace ()
UnityEngine.DebugLogHandler:Internal_Log (UnityEngine.LogType,UnityEngine.LogOption,string,UnityEngine.Object)
UnityEngine.DebugLogHandler:LogFormat (UnityEngine.LogType,UnityEngine.Object,string,object[])
UnityEngine.Logger:Log (UnityEngine.LogType,object)
UnityEngine.Debug:Log (object)
M5AssetImporter:CreateMaterial (string,string,UnityEngine.Color) (at Assets/_Game/Editor/M5AssetImporter.cs:78)
M5AssetImporter:ImportAll () (at Assets/_Game/Editor/M5AssetImporter.cs:34)

(Filename: Assets/_Game/Editor/M5AssetImporter.cs Line: 78)

Start importing Assets/_Game/Art/Materials/M_BuildingStone.mat using Guid(f249df499730af14bb159441f75692bd) (NativeFormatImporter) -> (Import Result ID: 'dc7299cfe607bf58a5f420b4416f1255') in 0.0011595 seconds [static dependencies only]. Details - ImportResultOutputID=b43230aad8d75433abdf276b2212b2dd DependenciesID=f300c393a5dd63faba195ec32e740880 StaticDependenciesID=6b940a933d284489b17303e9e12cef0a 
Asset Pipeline Refresh (id=1e18fe797735f66478b2960cbbea9b20): Total: 0.025 seconds - Initiated by StopAssetImportingV2(NoUpdateAssetOptions)
Created material: M_BuildingStone
UnityEngine.Debug:ExtractStackTraceNoAlloc (byte*,int,string)
UnityEngine.StackTraceUtility:ExtractStackTrace ()
UnityEngine.DebugLogHandler:Internal_Log (UnityEngine.LogType,UnityEngine.LogOption,string,UnityEngine.Object)
UnityEngine.DebugLogHandler:LogFormat (UnityEngine.LogType,UnityEngine.Object,string,object[])
UnityEngine.Logger:Log (UnityEngine.LogType,object)
UnityEngine.Debug:Log (object)
M5AssetImporter:CreateMaterial (string,string,UnityEngine.Color) (at Assets/_Game/Editor/M5AssetImporter.cs:78)
M5AssetImporter:ImportAll () (at Assets/_Game/Editor/M5AssetImporter.cs:35)

(Filename: Assets/_Game/Editor/M5AssetImporter.cs Line: 78)

Start importing Assets/_Game/Art/Materials/M_BuildingRoof.mat using Guid(cd2059da1c5a58445b0cb4161e294888) (NativeFormatImporter) -> (Import Result ID: '448803b39f9c0699b9640e5b502360ef') in 0.0010557 seconds [static dependencies only]. Details - ImportResultOutputID=3cbedc6338e2d292d54dcfacaa2754ce DependenciesID=04a8b056b3521b5d48e1237d604ea1e4 StaticDependenciesID=a932b5b6c8d018dbe0b8ccb97d0f77b7 
Asset Pipeline Refresh (id=f49799ea873793442888eddfc777b313): Total: 0.024 seconds - Initiated by StopAssetImportingV2(NoUpdateAssetOptions)
Created material: M_BuildingRoof
UnityEngine.Debug:ExtractStackTraceNoAlloc (byte*,int,string)
UnityEngine.StackTraceUtility:ExtractStackTrace ()
UnityEngine.DebugLogHandler:Internal_Log (UnityEngine.LogType,UnityEngine.LogOption,string,UnityEngine.Object)
UnityEngine.DebugLogHandler:LogFormat (UnityEngine.LogType,UnityEngine.Object,string,object[])
UnityEngine.Logger:Log (UnityEngine.LogType,object)
UnityEngine.Debug:Log (object)
M5AssetImporter:CreateMaterial (string,string,UnityEngine.Color) (at Assets/_Game/Editor/M5AssetImporter.cs:78)
M5AssetImporter:ImportAll () (at Assets/_Game/Editor/M5AssetImporter.cs:36)

(Filename: Assets/_Game/Editor/M5AssetImporter.cs Line: 78)

Start importing Assets/_Game/Art/Materials/M_DiscipleT1.mat using Guid(076702a294eee6d41bc2ee9b9b51559b) (NativeFormatImporter) -> (Import Result ID: '554d22241cc3ae40d7d69e0eac33c2d0') in 0.001032 seconds [static dependencies only]. Details - ImportResultOutputID=be392722525daef6cfa31c304a613b8e DependenciesID=8fbf3d214ea310eb543897ab28fe8235 StaticDependenciesID=0a0dd82f0f995fb1478c56f69ea7e840 
Asset Pipeline Refresh (id=79775eb83ac517b4f846a0607ec7f0c3): Total: 0.025 seconds - Initiated by StopAssetImportingV2(NoUpdateAssetOptions)
Created material: M_DiscipleT1
UnityEngine.Debug:ExtractStackTraceNoAlloc (byte*,int,string)
UnityEngine.StackTraceUtility:ExtractStackTrace ()
UnityEngine.DebugLogHandler:Internal_Log (UnityEngine.LogType,UnityEngine.LogOption,string,UnityEngine.Object)
UnityEngine.DebugLogHandler:LogFormat (UnityEngine.LogType,UnityEngine.Object,string,object[])
UnityEngine.Logger:Log (UnityEngine.LogType,object)
UnityEngine.Debug:Log (object)
M5AssetImporter:CreateMaterial (string,string,UnityEngine.Color) (at Assets/_Game/Editor/M5AssetImporter.cs:78)
M5AssetImporter:ImportAll () (at Assets/_Game/Editor/M5AssetImporter.cs:37)

(Filename: Assets/_Game/Editor/M5AssetImporter.cs Line: 78)

Start importing Assets/_Game/Art/Materials/M_DiscipleT2.mat using Guid(071ef675ff56d26449e2d73dc73229ee) (NativeFormatImporter) -> (Import Result ID: '37848849336bff55b1fccdcda4c4a626') in 0.0012586 seconds [static dependencies only]. Details - ImportResultOutputID=2ece11d02c0e46d9042a384455439e27 DependenciesID=43614ea75220bc159d5ffc0db803e13a StaticDependenciesID=9849e2cb4f5ef426e7da44a9fe4a8f09 
Asset Pipeline Refresh (id=2343ac2bf7fac594982bd1c8b7e252fe): Total: 0.024 seconds - Initiated by StopAssetImportingV2(NoUpdateAssetOptions)
Created material: M_DiscipleT2
UnityEngine.Debug:ExtractStackTraceNoAlloc (byte*,int,string)
UnityEngine.StackTraceUtility:ExtractStackTrace ()
UnityEngine.DebugLogHandler:Internal_Log (UnityEngine.LogType,UnityEngine.LogOption,string,UnityEngine.Object)
UnityEngine.DebugLogHandler:LogFormat (UnityEngine.LogType,UnityEngine.Object,string,object[])
UnityEngine.Logger:Log (UnityEngine.LogType,object)
UnityEngine.Debug:Log (object)
M5AssetImporter:CreateMaterial (string,string,UnityEngine.Color) (at Assets/_Game/Editor/M5AssetImporter.cs:78)
M5AssetImporter:ImportAll () (at Assets/_Game/Editor/M5AssetImporter.cs:38)

(Filename: Assets/_Game/Editor/M5AssetImporter.cs Line: 78)

Start importing Assets/_Game/Art/Materials/M_DiscipleT3.mat using Guid(a457a519b5c49df46908834b00846f41) (NativeFormatImporter) -> (Import Result ID: 'c3e16d0695f380bc738a6a2f87546a5f') in 0.0011818 seconds [static dependencies only]. Details - ImportResultOutputID=208aab8b8ed4b7c14669d5fb94ad639f DependenciesID=d67e2d03db189c573f02a0bdd55d968e StaticDependenciesID=534855f91835b8d103bbf1e1dff4130f 
Asset Pipeline Refresh (id=bb136ff5b1a327c42adf36c576f8a5e5): Total: 0.024 seconds - Initiated by StopAssetImportingV2(NoUpdateAssetOptions)
Created material: M_DiscipleT3
UnityEngine.Debug:ExtractStackTraceNoAlloc (byte*,int,string)
UnityEngine.StackTraceUtility:ExtractStackTrace ()
UnityEngine.DebugLogHandler:Internal_Log (UnityEngine.LogType,UnityEngine.LogOption,string,UnityEngine.Object)
UnityEngine.DebugLogHandler:LogFormat (UnityEngine.LogType,UnityEngine.Object,string,object[])
UnityEngine.Logger:Log (UnityEngine.LogType,object)
UnityEngine.Debug:Log (object)
M5AssetImporter:CreateMaterial (string,string,UnityEngine.Color) (at Assets/_Game/Editor/M5AssetImporter.cs:78)
M5AssetImporter:ImportAll () (at Assets/_Game/Editor/M5AssetImporter.cs:39)

(Filename: Assets/_Game/Editor/M5AssetImporter.cs Line: 78)

Start importing Assets/_Game/Art/Materials/M_DiscipleT4.mat using Guid(5bd9386458464d4409073bf3bf71d002) (NativeFormatImporter) -> (Import Result ID: '8fd37ec54da43d18ded74e0e343f5e8f') in 0.001213 seconds [static dependencies only]. Details - ImportResultOutputID=925a863bb4e514fa6d49326ce67d58e0 DependenciesID=a871fd2ef72478611ee684e4d88a9959 StaticDependenciesID=e65644b1bea116054c725e0ef5db0099 
Asset Pipeline Refresh (id=f635feb55539bc343b6bf95bc460c1bc): Total: 0.023 seconds - Initiated by StopAssetImportingV2(NoUpdateAssetOptions)
Created material: M_DiscipleT4
UnityEngine.Debug:ExtractStackTraceNoAlloc (byte*,int,string)
UnityEngine.StackTraceUtility:ExtractStackTrace ()
UnityEngine.DebugLogHandler:Internal_Log (UnityEngine.LogType,UnityEngine.LogOption,string,UnityEngine.Object)
UnityEngine.DebugLogHandler:LogFormat (UnityEngine.LogType,UnityEngine.Object,string,object[])
UnityEngine.Logger:Log (UnityEngine.LogType,object)
UnityEngine.Debug:Log (object)
M5AssetImporter:CreateMaterial (string,string,UnityEngine.Color) (at Assets/_Game/Editor/M5AssetImporter.cs:78)
M5AssetImporter:ImportAll () (at Assets/_Game/Editor/M5AssetImporter.cs:40)

(Filename: Assets/_Game/Editor/M5AssetImporter.cs Line: 78)

Start importing Assets/_Game/Art/Materials/M_DiscipleT5.mat using Guid(2630f548bbb4c5248a0b5b02268d9c6f) (NativeFormatImporter) -> (Import Result ID: 'e609bea2164bb81872d7fda4338c7b84') in 0.0010441 seconds [static dependencies only]. Details - ImportResultOutputID=344f9725a370c5a5497e070d408481e3 DependenciesID=1316569d51eecc05d9ea241cc0c34b47 StaticDependenciesID=a34df54cd1934d815718ea03fc3836f0 
Asset Pipeline Refresh (id=39106ec71d00dcd4aa89a84b33078a82): Total: 0.026 seconds - Initiated by StopAssetImportingV2(NoUpdateAssetOptions)
Created material: M_DiscipleT5
UnityEngine.Debug:ExtractStackTraceNoAlloc (byte*,int,string)
UnityEngine.StackTraceUtility:ExtractStackTrace ()
UnityEngine.DebugLogHandler:Internal_Log (UnityEngine.LogType,UnityEngine.LogOption,string,UnityEngine.Object)
UnityEngine.DebugLogHandler:LogFormat (UnityEngine.LogType,UnityEngine.Object,string,object[])
UnityEngine.Logger:Log (UnityEngine.LogType,object)
UnityEngine.Debug:Log (object)
M5AssetImporter:CreateMaterial (string,string,UnityEngine.Color) (at Assets/_Game/Editor/M5AssetImporter.cs:78)
M5AssetImporter:ImportAll () (at Assets/_Game/Editor/M5AssetImporter.cs:41)

(Filename: Assets/_Game/Editor/M5AssetImporter.cs Line: 78)

Start importing Assets/_Game/Art/Materials/M_Crystal.mat using Guid(8189ce0be2ae4414aa18a5428bfb13f6) (NativeFormatImporter) -> (Import Result ID: '58a56fbb1c17404b0f5e5894ae21fff6') in 0.0011402 seconds [static dependencies only]. Details - ImportResultOutputID=9f70a903013f2daa464627b2054d2834 DependenciesID=04ea11c28cd24d7aca864473463f003c StaticDependenciesID=d34d93e4a4ecda13d08db9f389f1b71e 
Asset Pipeline Refresh (id=73fc8c7e6f68d094f93b21ba2c36e9dd): Total: 0.023 seconds - Initiated by StopAssetImportingV2(NoUpdateAssetOptions)
Created material: M_Crystal
UnityEngine.Debug:ExtractStackTraceNoAlloc (byte*,int,string)
UnityEngine.StackTraceUtility:ExtractStackTrace ()
UnityEngine.DebugLogHandler:Internal_Log (UnityEngine.LogType,UnityEngine.LogOption,string,UnityEngine.Object)
UnityEngine.DebugLogHandler:LogFormat (UnityEngine.LogType,UnityEngine.Object,string,object[])
UnityEngine.Logger:Log (UnityEngine.LogType,object)
UnityEngine.Debug:Log (object)
M5AssetImporter:CreateMaterial (string,string,UnityEngine.Color) (at Assets/_Game/Editor/M5AssetImporter.cs:78)
M5AssetImporter:ImportAll () (at Assets/_Game/Editor/M5AssetImporter.cs:42)

(Filename: Assets/_Game/Editor/M5AssetImporter.cs Line: 78)

Start importing Assets/_Game/Art/Materials/M_Water.mat using Guid(1ecea9597a664954b9ef81ba6bf303eb) (NativeFormatImporter) -> (Import Result ID: '6f295fbcd3acdfdfb055dbd2c43bfceb') in 0.0011054 seconds [static dependencies only]. Details - ImportResultOutputID=ed6e1ecd6508668438db485a2c1170de DependenciesID=7d38dddaa19f497d4ce1e6a7a3dff9d6 StaticDependenciesID=9dd6bc486b588ee9e18d86503cf7fc66 
Asset Pipeline Refresh (id=65275d48b9803a04186fd6f30aa64834): Total: 0.025 seconds - Initiated by StopAssetImportingV2(NoUpdateAssetOptions)
Created material: M_Water
UnityEngine.Debug:ExtractStackTraceNoAlloc (byte*,int,string)
UnityEngine.StackTraceUtility:ExtractStackTrace ()
UnityEngine.DebugLogHandler:Internal_Log (UnityEngine.LogType,UnityEngine.LogOption,string,UnityEngine.Object)
UnityEngine.DebugLogHandler:LogFormat (UnityEngine.LogType,UnityEngine.Object,string,object[])
UnityEngine.Logger:Log (UnityEngine.LogType,object)
UnityEngine.Debug:Log (object)
M5AssetImporter:CreateMaterial (string,string,UnityEngine.Color) (at Assets/_Game/Editor/M5AssetImporter.cs:78)
M5AssetImporter:ImportAll () (at Assets/_Game/Editor/M5AssetImporter.cs:43)

(Filename: Assets/_Game/Editor/M5AssetImporter.cs Line: 78)

Start importing Assets/_Game/Art/Materials/M_Crystal.mat using Guid(8189ce0be2ae4414aa18a5428bfb13f6) (NativeFormatImporter) -> (Import Result ID: '7295b69af0200ed8eab2e51e8ab54e8b') in 0.0011275 seconds [static dependencies only]. Details - ImportResultOutputID=9f70a903013f2daa464627b2054d2834 DependenciesID=ba751a053350117c2db63715ff0d42eb StaticDependenciesID=f741a05e6b9c6cbcfb36ab977abad50b 
Start importing Assets/_Game/Art/Materials/M_Lake.mat using Guid(12ded15952e936246b9a3e3caebb0ce9) (NativeFormatImporter) -> (Import Result ID: 'fc5acb533f98448e7760d46989439c2d') in 0.0007848 seconds [static dependencies only]. Details - ImportResultOutputID=7356934daf9afdd5eada3b8b95cd9055 DependenciesID=3e446bec06b34ab0a810297cdc3c475d StaticDependenciesID=d1e01a45423298be0b6d0a8fb2887dff 
Start importing Assets/_Game/Art/Materials/M_BuildingWood.mat using Guid(c2ee01ecf7acb55448e2336d16fc6b5b) (NativeFormatImporter) -> (Import Result ID: '9b81b9bc0222cfd7077523a5f8308850') in 0.0006797 seconds [static dependencies only]. Details - ImportResultOutputID=4df085b6b1139e70b0200ce0c20362b0 DependenciesID=e3eaaae16c6a4c37ad954d9ae7849af8 StaticDependenciesID=a561424cfe318561379c6daf03855607 
Start importing Assets/_Game/Art/Materials/M_BuildingStone.mat using Guid(f249df499730af14bb159441f75692bd) (NativeFormatImporter) -> (Import Result ID: '39b3bd13772987e1fb9aac3d01efe8f9') in 0.0006735 seconds [static dependencies only]. Details - ImportResultOutputID=b43230aad8d75433abdf276b2212b2dd DependenciesID=3f0018bbf91b079b0f586fd9398861e4 StaticDependenciesID=4fd5fc274c302c4731a94b1f7bef90fa 
Start importing Assets/_Game/Art/Materials/M_Mountain.mat using Guid(037a3cffd0999054385371ec8d861295) (NativeFormatImporter) -> (Import Result ID: '1356eaaed522126d57a1d78743e90fe8') in 0.0006194 seconds [static dependencies only]. Details - ImportResultOutputID=9fbc6383bbb00a6e402e9d8f0c994a1c DependenciesID=24aea30cddcf091dd82219cd9ad8c3ac StaticDependenciesID=1ee52d408dce5aa0518f421d613e72d1 
Start importing Assets/_Game/Art/Materials/M_DiscipleT3.mat using Guid(a457a519b5c49df46908834b00846f41) (NativeFormatImporter) -> (Import Result ID: '7b6b6abb147d499c605ac812f91f1a67') in 0.0006305 seconds [static dependencies only]. Details - ImportResultOutputID=208aab8b8ed4b7c14669d5fb94ad639f DependenciesID=2b3b3db8792015455fdd6b89dab3a926 StaticDependenciesID=464af30e742b4c974655338eafea1a77 
Start importing Assets/_Game/Art/Materials/M_DiscipleT5.mat using Guid(2630f548bbb4c5248a0b5b02268d9c6f) (NativeFormatImporter) -> (Import Result ID: '0489f53db51d19b4d32d442fdf5d9354') in 0.0006066 seconds [static dependencies only]. Details - ImportResultOutputID=344f9725a370c5a5497e070d408481e3 DependenciesID=7c414060e3349e5885c0e34386cabaa8 StaticDependenciesID=d62279ce4f9ce22bf6b14b50ed071a33 
Start importing Assets/_Game/Art/Materials/M_SacredPeak.mat using Guid(c6447cfc8653d5a49ada0183027a2986) (NativeFormatImporter) -> (Import Result ID: '6a6716633a91c3635d8aa812fa15d13c') in 0.0006973 seconds [static dependencies only]. Details - ImportResultOutputID=2dc8de37a4b6b63199c1847228bcf8f6 DependenciesID=665d298b5f5bce6c60e5368b13adbd41 StaticDependenciesID=72f2ff448fb84e5e7d9d96dee9553790 
Start importing Assets/_Game/Art/Materials/M_DiscipleT1.mat using Guid(076702a294eee6d41bc2ee9b9b51559b) (NativeFormatImporter) -> (Import Result ID: '487a561247a1e05951c2fe3170a4c3a0') in 0.0006976 seconds [static dependencies only]. Details - ImportResultOutputID=be392722525daef6cfa31c304a613b8e DependenciesID=865ffe310ea0b527795b3fd722350c49 StaticDependenciesID=9d5793d86957de641d65c7e7c312dab7 
Start importing Assets/_Game/Art/Materials/M_DiscipleT2.mat using Guid(071ef675ff56d26449e2d73dc73229ee) (NativeFormatImporter) -> (Import Result ID: '2cfb78b6b184305b6a69d7fd4742172f') in 0.0011772 seconds [static dependencies only]. Details - ImportResultOutputID=2ece11d02c0e46d9042a384455439e27 DependenciesID=defbfafebe8423f6e1b7c4cac2579f02 StaticDependenciesID=118b11451c4db48b043a1d85352089da 
Start importing Assets/_Game/Art/Materials/M_Forest.mat using Guid(179556186728a1c4fa67aa997613fd8d) (NativeFormatImporter) -> (Import Result ID: '515f8d0e78396f4b0201897e52943652') in 0.0007553 seconds [static dependencies only]. Details - ImportResultOutputID=a4b372f38bc5dfd449dc76ec2858b1f0 DependenciesID=1587487cb736968e356e544c08f2ff9a StaticDependenciesID=df0a35c0f3b90fbc2fa91fc413a01da5 
Start importing Assets/_Game/Art/Materials/M_Plains.mat using Guid(3725dea1faeef454daea176913a9ab03) (NativeFormatImporter) -> (Import Result ID: 'd28316c12359375f88da005ea796a59f') in 0.0007076 seconds [static dependencies only]. Details - ImportResultOutputID=7fa702a413ab4b1ceb4475063fe3d16f DependenciesID=879f7ce1b697bf57b352ec2a5920684c StaticDependenciesID=d9160c038a97082a1717d5e97c62acdd 
Start importing Assets/_Game/Art/Materials/M_Swamp.mat using Guid(f9cdeb82d05fa074299ab6460f4ad4d7) (NativeFormatImporter) -> (Import Result ID: 'b1e0ef1eb7d02deadaefc2bf83f2435f') in 0.0006681 seconds [static dependencies only]. Details - ImportResultOutputID=3dbad3cc2d1f67e0833023b83d702dbc DependenciesID=35f99b3291da4975f524d2a2513dcd7c StaticDependenciesID=a9f940fc23dcb93e7e8c0de266c9d154 
Start importing Assets/_Game/Art/Materials/M_River.mat using Guid(ea9a32c1d3bda2d42bb16c5bedc0c560) (NativeFormatImporter) -> (Import Result ID: '120a04f06700f292ce8131bb2b47620f') in 0.0006681 seconds [static dependencies only]. Details - ImportResultOutputID=e58bf279c602d1e45108f15dd0adf165 DependenciesID=7d7c5a47dae59f34a90aa8c716e5c608 StaticDependenciesID=bb9bf03436caafc755021f83315c0d51 
Start importing Assets/_Game/Art/Materials/M_DiscipleT4.mat using Guid(5bd9386458464d4409073bf3bf71d002) (NativeFormatImporter) -> (Import Result ID: '68f2e50c478c43507dfd9e6548aeb53c') in 0.0006328 seconds [static dependencies only]. Details - ImportResultOutputID=925a863bb4e514fa6d49326ce67d58e0 DependenciesID=b0c497ae333567305156678d3abaf031 StaticDependenciesID=80f53f679209b072aa2624a69f3b942a 
Start importing Assets/_Game/Art/Materials/M_BuildingRoof.mat using Guid(cd2059da1c5a58445b0cb4161e294888) (NativeFormatImporter) -> (Import Result ID: 'b5b9c713c2948ce750d3ed8401d4202d') in 0.0006238 seconds [static dependencies only]. Details - ImportResultOutputID=3cbedc6338e2d292d54dcfacaa2754ce DependenciesID=5a7701a384b8ff963a9a86b6e19d0947 StaticDependenciesID=b82654530f4cd06c3ca9e18661dbaaa0 
Start importing Assets/_Game/Art/Materials/M_Water.mat using Guid(1ecea9597a664954b9ef81ba6bf303eb) (NativeFormatImporter) -> (Import Result ID: '64dda8b668c3520259c71172380d80d6') in 0.0006498 seconds [static dependencies only]. Details - ImportResultOutputID=ed6e1ecd6508668438db485a2c1170de DependenciesID=4456b9431ba4ff576243a8a3c566a8d0 StaticDependenciesID=2059b46a13a385a1838d11572b6fcd03 
Start importing Assets/_Game/Art/Materials/M_Desert.mat using Guid(ee4f3f2a5c2a5f0449fb21baa097cfe5) (NativeFormatImporter) -> (Import Result ID: '9fa2cd1fc68817f025932122e2a80b99') in 0.0006499 seconds [static dependencies only]. Details - ImportResultOutputID=3ba14c9211bb8ea744d2aa93661395c2 DependenciesID=978ebecb689ae37336e456d6f9bc6787 StaticDependenciesID=b29297e70b329fabd3cbd41046ccac59 
Asset Pipeline Refresh (id=8c1056b5ecbb79848a29dcc6c9fa1c23): Total: 0.038 seconds - Initiated by StopAssetImportingV2(NoUpdateAssetOptions)
Asset Pipeline Refresh (id=583f561f4d072ed43bef7d9e357f8353): Total: 0.004 seconds - Initiated by RefreshV2(NoUpdateAssetOptions)
ArgumentException: Given path does not exist: 'Assets/_Game/Art/Prefabs/HexTiles/Plains_LOD0.prefab'
  at UnityEditor.PrefabUtility.ValidatePath (UnityEngine.GameObject instanceRoot, System.String path) [0x000a5] in <3b89d68715d841fd8878d2557b46f30d>:0 
  at UnityEditor.PrefabUtility.SaveAsPrefabAssetArgumentCheck (UnityEngine.GameObject instanceRoot, System.String path, System.Boolean connectToInstance) [0x0007d] in <3b89d68715d841fd8878d2557b46f30d>:0 
  at UnityEditor.PrefabUtility.SaveAsPrefabAsset (UnityEngine.GameObject instanceRoot, System.String assetPath, System.Boolean& success) [0x00000] in <3b89d68715d841fd8878d2557b46f30d>:0 
  at UnityEditor.PrefabUtility.SaveAsPrefabAsset (UnityEngine.GameObject instanceRoot, System.String assetPath) [0x00000] in <3b89d68715d841fd8878d2557b46f30d>:0 
  at M5AssetImporter.CreatePrefabFromMesh (System.String objPath, System.String materialName, System.String matPath, System.String prefabPath) [0x0006c] in D:\Repo\tales-of-tao\Assets\_Game\Editor\M5AssetImporter.cs:156 
  at M5AssetImporter.CreateTilePrefabs (System.String meshPath, System.String prefabPath, System.String matPath) [0x00075] in D:\Repo\tales-of-tao\Assets\_Game\Editor\M5AssetImporter.cs:95 
  at M5AssetImporter.ImportAll () [0x002a3] in D:\Repo\tales-of-tao\Assets\_Game\Editor\M5AssetImporter.cs:49 

(Filename: Assets/_Game/Editor/M5AssetImporter.cs Line: 156)

executeMethod method M5AssetImporter.ImportAll threw exception.
Exiting without the bug reporter. Application will terminate with return code 1Shut down.
